iso.3.6.1.2.1.1.1.0 = STRING: "Linux pit.htb 4.18.0-305.10.2.el8_4.x86_64 #1 SMP Tue Jul 20 17:25:16 UTC 2021 x86_64"
iso.3.6.1.2.1.1.2.0 = OID: iso.3.6.1.4.1.8072.3.2.10
iso.3.6.1.2.1.1.3.0 = Timeticks: (222973) 0:37:09.73
iso.3.6.1.2.1.1.4.0 = STRING: "Root <root@localhost> (configure /etc/snmp/snmp.local.conf)"
iso.3.6.1.2.1.1.5.0 = STRING: "pit.htb"
iso.3.6.1.2.1.1.6.0 = STRING: "Unknown (edit /etc/snmp/snmpd.conf)"
iso.3.6.1.2.1.1.8.0 = Timeticks: (0) 0:00:00.00
iso.3.6.1.2.1.1.9.1.2.1 = OID: iso.3.6.1.6.3.10.3.1.1
iso.3.6.1.2.1.1.9.1.2.2 = OID: iso.3.6.1.6.3.11.3.1.1
iso.3.6.1.2.1.1.9.1.2.3 = OID: iso.3.6.1.6.3.15.2.1.1
iso.3.6.1.2.1.1.9.1.2.4 = OID: iso.3.6.1.6.3.1
iso.3.6.1.2.1.1.9.1.2.5 = OID: iso.3.6.1.6.3.16.2.2.1
iso.3.6.1.2.1.1.9.1.2.6 = OID: iso.3.6.1.2.1.49
iso.3.6.1.2.1.1.9.1.2.7 = OID: iso.3.6.1.2.1.4
iso.3.6.1.2.1.1.9.1.2.8 = OID: iso.3.6.1.2.1.50
iso.3.6.1.2.1.1.9.1.2.9 = OID: iso.3.6.1.6.3.13.3.1.3
iso.3.6.1.2.1.1.9.1.2.10 = OID: iso.3.6.1.2.1.92
iso.3.6.1.2.1.1.9.1.3.1 = STRING: "The SNMP Management Architecture MIB."
iso.3.6.1.2.1.1.9.1.3.2 = STRING: "The MIB for Message Processing and Dispatching."
iso.3.6.1.2.1.1.9.1.3.3 = STRING: "The management information definitions for the SNMP User-based Security Model."
iso.3.6.1.2.1.1.9.1.3.4 = STRING: "The MIB module for SNMPv2 entities"
iso.3.6.1.2.1.1.9.1.3.5 = STRING: "View-based Access Control Model for SNMP."
iso.3.6.1.2.1.1.9.1.3.6 = STRING: "The MIB module for managing TCP implementations"
iso.3.6.1.2.1.1.9.1.3.7 = STRING: "The MIB module for managing IP and ICMP implementations"
iso.3.6.1.2.1.1.9.1.3.8 = STRING: "The MIB module for managing UDP implementations"
iso.3.6.1.2.1.1.9.1.3.9 = STRING: "The MIB modules for managing SNMP Notification, plus filtering."
iso.3.6.1.2.1.1.9.1.3.10 = STRING: "The MIB module for logging SNMP Notifications."
iso.3.6.1.2.1.1.9.1.4.1 = Timeticks: (0) 0:00:00.00
iso.3.6.1.2.1.1.9.1.4.2 = Timeticks: (0) 0:00:00.00
iso.3.6.1.2.1.1.9.1.4.3 = Timeticks: (0) 0:00:00.00
iso.3.6.1.2.1.1.9.1.4.4 = Timeticks: (0) 0:00:00.00
iso.3.6.1.2.1.1.9.1.4.5 = Timeticks: (0) 0:00:00.00
iso.3.6.1.2.1.1.9.1.4.6 = Timeticks: (0) 0:00:00.00
iso.3.6.1.2.1.1.9.1.4.7 = Timeticks: (0) 0:00:00.00
iso.3.6.1.2.1.1.9.1.4.8 = Timeticks: (0) 0:00:00.00
iso.3.6.1.2.1.1.9.1.4.9 = Timeticks: (0) 0:00:00.00
iso.3.6.1.2.1.1.9.1.4.10 = Timeticks: (0) 0:00:00.00
iso.3.6.1.2.1.25.1.1.0 = Timeticks: (228634) 0:38:06.34
iso.3.6.1.2.1.25.4.2.1.1.1 = INTEGER: 1
iso.3.6.1.2.1.25.4.2.1.1.2 = INTEGER: 2
iso.3.6.1.2.1.25.4.2.1.1.3 = INTEGER: 3
iso.3.6.1.2.1.25.4.2.1.1.4 = INTEGER: 4
iso.3.6.1.2.1.25.4.2.1.1.6 = INTEGER: 6
iso.3.6.1.2.1.25.4.2.1.1.9 = INTEGER: 9
iso.3.6.1.2.1.25.4.2.1.1.10 = INTEGER: 10
iso.3.6.1.2.1.25.4.2.1.1.11 = INTEGER: 11
iso.3.6.1.2.1.25.4.2.1.1.12 = INTEGER: 12
iso.3.6.1.2.1.25.4.2.1.1.13 = INTEGER: 13
iso.3.6.1.2.1.25.4.2.1.1.14 = INTEGER: 14
iso.3.6.1.2.1.25.4.2.1.1.15 = INTEGER: 15
iso.3.6.1.2.1.25.4.2.1.1.16 = INTEGER: 16
iso.3.6.1.2.1.25.4.2.1.1.17 = INTEGER: 17
iso.3.6.1.2.1.25.4.2.1.1.18 = INTEGER: 18
iso.3.6.1.2.1.25.4.2.1.1.20 = INTEGER: 20
iso.3.6.1.2.1.25.4.2.1.1.23 = INTEGER: 23
iso.3.6.1.2.1.25.4.2.1.1.24 = INTEGER: 24
iso.3.6.1.2.1.25.4.2.1.1.25 = INTEGER: 25
iso.3.6.1.2.1.25.4.2.1.1.26 = INTEGER: 26
iso.3.6.1.2.1.25.4.2.1.1.27 = INTEGER: 27
iso.3.6.1.2.1.25.4.2.1.1.28 = INTEGER: 28
iso.3.6.1.2.1.25.4.2.1.1.29 = INTEGER: 29
iso.3.6.1.2.1.25.4.2.1.1.30 = INTEGER: 30
iso.3.6.1.2.1.25.4.2.1.1.31 = INTEGER: 31
iso.3.6.1.2.1.25.4.2.1.1.32 = INTEGER: 32
iso.3.6.1.2.1.25.4.2.1.1.33 = INTEGER: 33
iso.3.6.1.2.1.25.4.2.1.1.34 = INTEGER: 34
iso.3.6.1.2.1.25.4.2.1.1.35 = INTEGER: 35
iso.3.6.1.2.1.25.4.2.1.1.36 = INTEGER: 36
iso.3.6.1.2.1.25.4.2.1.1.37 = INTEGER: 37
iso.3.6.1.2.1.25.4.2.1.1.38 = INTEGER: 38
iso.3.6.1.2.1.25.4.2.1.1.39 = INTEGER: 39
iso.3.6.1.2.1.25.4.2.1.1.40 = INTEGER: 40
iso.3.6.1.2.1.25.4.2.1.1.61 = INTEGER: 61
iso.3.6.1.2.1.25.4.2.1.1.155 = INTEGER: 155
iso.3.6.1.2.1.25.4.2.1.1.156 = INTEGER: 156
iso.3.6.1.2.1.25.4.2.1.1.157 = INTEGER: 157
iso.3.6.1.2.1.25.4.2.1.1.158 = INTEGER: 158
iso.3.6.1.2.1.25.4.2.1.1.159 = INTEGER: 159
iso.3.6.1.2.1.25.4.2.1.1.160 = INTEGER: 160
iso.3.6.1.2.1.25.4.2.1.1.161 = INTEGER: 161
iso.3.6.1.2.1.25.4.2.1.1.162 = INTEGER: 162
iso.3.6.1.2.1.25.4.2.1.1.163 = INTEGER: 163
iso.3.6.1.2.1.25.4.2.1.1.164 = INTEGER: 164
iso.3.6.1.2.1.25.4.2.1.1.165 = INTEGER: 165
iso.3.6.1.2.1.25.4.2.1.1.166 = INTEGER: 166
iso.3.6.1.2.1.25.4.2.1.1.167 = INTEGER: 167
iso.3.6.1.2.1.25.4.2.1.1.168 = INTEGER: 168
iso.3.6.1.2.1.25.4.2.1.1.169 = INTEGER: 169
iso.3.6.1.2.1.25.4.2.1.1.170 = INTEGER: 170
iso.3.6.1.2.1.25.4.2.1.1.171 = INTEGER: 171
iso.3.6.1.2.1.25.4.2.1.1.172 = INTEGER: 172
iso.3.6.1.2.1.25.4.2.1.1.173 = INTEGER: 173
iso.3.6.1.2.1.25.4.2.1.1.174 = INTEGER: 174
iso.3.6.1.2.1.25.4.2.1.1.175 = INTEGER: 175
iso.3.6.1.2.1.25.4.2.1.1.176 = INTEGER: 176
iso.3.6.1.2.1.25.4.2.1.1.177 = INTEGER: 177
iso.3.6.1.2.1.25.4.2.1.1.178 = INTEGER: 178
iso.3.6.1.2.1.25.4.2.1.1.179 = INTEGER: 179
iso.3.6.1.2.1.25.4.2.1.1.180 = INTEGER: 180
iso.3.6.1.2.1.25.4.2.1.1.181 = INTEGER: 181
iso.3.6.1.2.1.25.4.2.1.1.182 = INTEGER: 182
iso.3.6.1.2.1.25.4.2.1.1.183 = INTEGER: 183
iso.3.6.1.2.1.25.4.2.1.1.184 = INTEGER: 184
iso.3.6.1.2.1.25.4.2.1.1.185 = INTEGER: 185
iso.3.6.1.2.1.25.4.2.1.1.186 = INTEGER: 186
iso.3.6.1.2.1.25.4.2.1.1.187 = INTEGER: 187
iso.3.6.1.2.1.25.4.2.1.1.188 = INTEGER: 188
iso.3.6.1.2.1.25.4.2.1.1.189 = INTEGER: 189
iso.3.6.1.2.1.25.4.2.1.1.190 = INTEGER: 190
iso.3.6.1.2.1.25.4.2.1.1.192 = INTEGER: 192
iso.3.6.1.2.1.25.4.2.1.1.193 = INTEGER: 193
iso.3.6.1.2.1.25.4.2.1.1.194 = INTEGER: 194
iso.3.6.1.2.1.25.4.2.1.1.312 = INTEGER: 312
iso.3.6.1.2.1.25.4.2.1.1.514 = INTEGER: 514
iso.3.6.1.2.1.25.4.2.1.1.517 = INTEGER: 517
iso.3.6.1.2.1.25.4.2.1.1.518 = INTEGER: 518
iso.3.6.1.2.1.25.4.2.1.1.520 = INTEGER: 520
iso.3.6.1.2.1.25.4.2.1.1.521 = INTEGER: 521
iso.3.6.1.2.1.25.4.2.1.1.522 = INTEGER: 522
iso.3.6.1.2.1.25.4.2.1.1.523 = INTEGER: 523
iso.3.6.1.2.1.25.4.2.1.1.524 = INTEGER: 524
iso.3.6.1.2.1.25.4.2.1.1.525 = INTEGER: 525
iso.3.6.1.2.1.25.4.2.1.1.526 = INTEGER: 526
iso.3.6.1.2.1.25.4.2.1.1.527 = INTEGER: 527
iso.3.6.1.2.1.25.4.2.1.1.528 = INTEGER: 528
iso.3.6.1.2.1.25.4.2.1.1.529 = INTEGER: 529
iso.3.6.1.2.1.25.4.2.1.1.530 = INTEGER: 530
iso.3.6.1.2.1.25.4.2.1.1.531 = INTEGER: 531
iso.3.6.1.2.1.25.4.2.1.1.532 = INTEGER: 532
iso.3.6.1.2.1.25.4.2.1.1.533 = INTEGER: 533
iso.3.6.1.2.1.25.4.2.1.1.534 = INTEGER: 534
iso.3.6.1.2.1.25.4.2.1.1.535 = INTEGER: 535
iso.3.6.1.2.1.25.4.2.1.1.536 = INTEGER: 536
iso.3.6.1.2.1.25.4.2.1.1.537 = INTEGER: 537
iso.3.6.1.2.1.25.4.2.1.1.538 = INTEGER: 538
iso.3.6.1.2.1.25.4.2.1.1.539 = INTEGER: 539
iso.3.6.1.2.1.25.4.2.1.1.540 = INTEGER: 540
iso.3.6.1.2.1.25.4.2.1.1.541 = INTEGER: 541
iso.3.6.1.2.1.25.4.2.1.1.542 = INTEGER: 542
iso.3.6.1.2.1.25.4.2.1.1.543 = INTEGER: 543
iso.3.6.1.2.1.25.4.2.1.1.544 = INTEGER: 544
iso.3.6.1.2.1.25.4.2.1.1.545 = INTEGER: 545
iso.3.6.1.2.1.25.4.2.1.1.546 = INTEGER: 546
iso.3.6.1.2.1.25.4.2.1.1.547 = INTEGER: 547
iso.3.6.1.2.1.25.4.2.1.1.548 = INTEGER: 548
iso.3.6.1.2.1.25.4.2.1.1.549 = INTEGER: 549
iso.3.6.1.2.1.25.4.2.1.1.550 = INTEGER: 550
iso.3.6.1.2.1.25.4.2.1.1.551 = INTEGER: 551
iso.3.6.1.2.1.25.4.2.1.1.552 = INTEGER: 552
iso.3.6.1.2.1.25.4.2.1.1.553 = INTEGER: 553
iso.3.6.1.2.1.25.4.2.1.1.554 = INTEGER: 554
iso.3.6.1.2.1.25.4.2.1.1.555 = INTEGER: 555
iso.3.6.1.2.1.25.4.2.1.1.556 = INTEGER: 556
iso.3.6.1.2.1.25.4.2.1.1.557 = INTEGER: 557
iso.3.6.1.2.1.25.4.2.1.1.558 = INTEGER: 558
iso.3.6.1.2.1.25.4.2.1.1.559 = INTEGER: 559
iso.3.6.1.2.1.25.4.2.1.1.560 = INTEGER: 560
iso.3.6.1.2.1.25.4.2.1.1.561 = INTEGER: 561
iso.3.6.1.2.1.25.4.2.1.1.563 = INTEGER: 563
iso.3.6.1.2.1.25.4.2.1.1.565 = INTEGER: 565
iso.3.6.1.2.1.25.4.2.1.1.566 = INTEGER: 566
iso.3.6.1.2.1.25.4.2.1.1.567 = INTEGER: 567
iso.3.6.1.2.1.25.4.2.1.1.568 = INTEGER: 568
iso.3.6.1.2.1.25.4.2.1.1.569 = INTEGER: 569
iso.3.6.1.2.1.25.4.2.1.1.570 = INTEGER: 570
iso.3.6.1.2.1.25.4.2.1.1.571 = INTEGER: 571
iso.3.6.1.2.1.25.4.2.1.1.572 = INTEGER: 572
iso.3.6.1.2.1.25.4.2.1.1.573 = INTEGER: 573
iso.3.6.1.2.1.25.4.2.1.1.574 = INTEGER: 574
iso.3.6.1.2.1.25.4.2.1.1.575 = INTEGER: 575
iso.3.6.1.2.1.25.4.2.1.1.576 = INTEGER: 576
iso.3.6.1.2.1.25.4.2.1.1.577 = INTEGER: 577
iso.3.6.1.2.1.25.4.2.1.1.578 = INTEGER: 578
iso.3.6.1.2.1.25.4.2.1.1.579 = INTEGER: 579
iso.3.6.1.2.1.25.4.2.1.1.580 = INTEGER: 580
iso.3.6.1.2.1.25.4.2.1.1.581 = INTEGER: 581
iso.3.6.1.2.1.25.4.2.1.1.582 = INTEGER: 582
iso.3.6.1.2.1.25.4.2.1.1.583 = INTEGER: 583
iso.3.6.1.2.1.25.4.2.1.1.584 = INTEGER: 584
iso.3.6.1.2.1.25.4.2.1.1.585 = INTEGER: 585
iso.3.6.1.2.1.25.4.2.1.1.586 = INTEGER: 586
iso.3.6.1.2.1.25.4.2.1.1.587 = INTEGER: 587
iso.3.6.1.2.1.25.4.2.1.1.588 = INTEGER: 588
iso.3.6.1.2.1.25.4.2.1.1.589 = INTEGER: 589
iso.3.6.1.2.1.25.4.2.1.1.590 = INTEGER: 590
iso.3.6.1.2.1.25.4.2.1.1.591 = INTEGER: 591
iso.3.6.1.2.1.25.4.2.1.1.592 = INTEGER: 592
iso.3.6.1.2.1.25.4.2.1.1.593 = INTEGER: 593
iso.3.6.1.2.1.25.4.2.1.1.594 = INTEGER: 594
iso.3.6.1.2.1.25.4.2.1.1.595 = INTEGER: 595
iso.3.6.1.2.1.25.4.2.1.1.596 = INTEGER: 596
iso.3.6.1.2.1.25.4.2.1.1.597 = INTEGER: 597
iso.3.6.1.2.1.25.4.2.1.1.622 = INTEGER: 622
iso.3.6.1.2.1.25.4.2.1.1.685 = INTEGER: 685
iso.3.6.1.2.1.25.4.2.1.1.694 = INTEGER: 694
iso.3.6.1.2.1.25.4.2.1.1.719 = INTEGER: 719
iso.3.6.1.2.1.25.4.2.1.1.720 = INTEGER: 720
iso.3.6.1.2.1.25.4.2.1.1.721 = INTEGER: 721
iso.3.6.1.2.1.25.4.2.1.1.722 = INTEGER: 722
iso.3.6.1.2.1.25.4.2.1.1.723 = INTEGER: 723
iso.3.6.1.2.1.25.4.2.1.1.724 = INTEGER: 724
iso.3.6.1.2.1.25.4.2.1.1.725 = INTEGER: 725
iso.3.6.1.2.1.25.4.2.1.1.726 = INTEGER: 726
iso.3.6.1.2.1.25.4.2.1.1.727 = INTEGER: 727
iso.3.6.1.2.1.25.4.2.1.1.821 = INTEGER: 821
iso.3.6.1.2.1.25.4.2.1.1.857 = INTEGER: 857
iso.3.6.1.2.1.25.4.2.1.1.918 = INTEGER: 918
iso.3.6.1.2.1.25.4.2.1.1.932 = INTEGER: 932
iso.3.6.1.2.1.25.4.2.1.1.933 = INTEGER: 933
iso.3.6.1.2.1.25.4.2.1.1.935 = INTEGER: 935
iso.3.6.1.2.1.25.4.2.1.1.936 = INTEGER: 936
iso.3.6.1.2.1.25.4.2.1.1.937 = INTEGER: 937
iso.3.6.1.2.1.25.4.2.1.1.938 = INTEGER: 938
iso.3.6.1.2.1.25.4.2.1.1.939 = INTEGER: 939
iso.3.6.1.2.1.25.4.2.1.1.941 = INTEGER: 941
iso.3.6.1.2.1.25.4.2.1.1.952 = INTEGER: 952
iso.3.6.1.2.1.25.4.2.1.1.953 = INTEGER: 953
iso.3.6.1.2.1.25.4.2.1.1.976 = INTEGER: 976
iso.3.6.1.2.1.25.4.2.1.1.978 = INTEGER: 978
iso.3.6.1.2.1.25.4.2.1.1.1011 = INTEGER: 1011
iso.3.6.1.2.1.25.4.2.1.1.1012 = INTEGER: 1012
iso.3.6.1.2.1.25.4.2.1.1.1013 = INTEGER: 1013
iso.3.6.1.2.1.25.4.2.1.1.1016 = INTEGER: 1016
iso.3.6.1.2.1.25.4.2.1.1.1017 = INTEGER: 1017
iso.3.6.1.2.1.25.4.2.1.1.1018 = INTEGER: 1018
iso.3.6.1.2.1.25.4.2.1.1.1022 = INTEGER: 1022
iso.3.6.1.2.1.25.4.2.1.1.1027 = INTEGER: 1027
iso.3.6.1.2.1.25.4.2.1.1.1046 = INTEGER: 1046
iso.3.6.1.2.1.25.4.2.1.1.1081 = INTEGER: 1081
iso.3.6.1.2.1.25.4.2.1.1.1084 = INTEGER: 1084
iso.3.6.1.2.1.25.4.2.1.1.1087 = INTEGER: 1087
iso.3.6.1.2.1.25.4.2.1.1.1096 = INTEGER: 1096
iso.3.6.1.2.1.25.4.2.1.1.1107 = INTEGER: 1107
iso.3.6.1.2.1.25.4.2.1.1.1108 = INTEGER: 1108
iso.3.6.1.2.1.25.4.2.1.1.1130 = INTEGER: 1130
iso.3.6.1.2.1.25.4.2.1.1.1138 = INTEGER: 1138
iso.3.6.1.2.1.25.4.2.1.1.1167 = INTEGER: 1167
iso.3.6.1.2.1.25.4.2.1.1.1171 = INTEGER: 1171
iso.3.6.1.2.1.25.4.2.1.1.1172 = INTEGER: 1172
iso.3.6.1.2.1.25.4.2.1.1.1209 = INTEGER: 1209
iso.3.6.1.2.1.25.4.2.1.1.1483 = INTEGER: 1483
iso.3.6.1.2.1.25.4.2.1.1.1486 = INTEGER: 1486
iso.3.6.1.2.1.25.4.2.1.1.1620 = INTEGER: 1620
iso.3.6.1.2.1.25.4.2.1.1.1628 = INTEGER: 1628
iso.3.6.1.2.1.25.4.2.1.1.1686 = INTEGER: 1686
iso.3.6.1.2.1.25.4.2.1.1.1691 = INTEGER: 1691
iso.3.6.1.2.1.25.4.2.1.1.1694 = INTEGER: 1694
iso.3.6.1.2.1.25.4.2.1.1.1698 = INTEGER: 1698
iso.3.6.1.2.1.25.4.2.1.1.1704 = INTEGER: 1704
iso.3.6.1.2.1.25.4.2.1.1.1745 = INTEGER: 1745
iso.3.6.1.2.1.25.4.2.1.1.1752 = INTEGER: 1752
iso.3.6.1.2.1.25.4.2.1.1.1768 = INTEGER: 1768
iso.3.6.1.2.1.25.4.2.1.1.2637 = INTEGER: 2637
iso.3.6.1.2.1.25.4.2.1.1.2894 = INTEGER: 2894
iso.3.6.1.2.1.25.4.2.1.1.3040 = INTEGER: 3040
iso.3.6.1.2.1.25.4.2.1.1.3387 = INTEGER: 3387
iso.3.6.1.2.1.25.4.2.1.1.3390 = INTEGER: 3390
iso.3.6.1.2.1.25.4.2.1.1.3634 = INTEGER: 3634
iso.3.6.1.2.1.25.4.2.1.1.3642 = INTEGER: 3642
iso.3.6.1.2.1.25.4.2.1.1.3645 = INTEGER: 3645
iso.3.6.1.2.1.25.4.2.1.1.3646 = INTEGER: 3646
iso.3.6.1.2.1.25.4.2.1.1.3647 = INTEGER: 3647
iso.3.6.1.2.1.25.4.2.1.1.3653 = INTEGER: 3653
iso.3.6.1.2.1.25.4.2.1.1.3661 = INTEGER: 3661
iso.3.6.1.2.1.25.4.2.1.1.3783 = INTEGER: 3783
iso.3.6.1.2.1.25.4.2.1.1.3784 = INTEGER: 3784
iso.3.6.1.2.1.25.4.2.1.1.3785 = INTEGER: 3785
iso.3.6.1.2.1.25.4.2.1.1.3786 = INTEGER: 3786
iso.3.6.1.2.1.25.4.2.1.1.3787 = INTEGER: 3787
iso.3.6.1.2.1.25.4.2.1.1.3788 = INTEGER: 3788
iso.3.6.1.2.1.25.4.2.1.1.3848 = INTEGER: 3848
iso.3.6.1.2.1.25.4.2.1.2.1 = STRING: "systemd"
iso.3.6.1.2.1.25.4.2.1.2.2 = STRING: "kthreadd"
iso.3.6.1.2.1.25.4.2.1.2.3 = STRING: "rcu_gp"
iso.3.6.1.2.1.25.4.2.1.2.4 = STRING: "rcu_par_gp"
iso.3.6.1.2.1.25.4.2.1.2.6 = STRING: "kworker/0:0H-events_highpri"
iso.3.6.1.2.1.25.4.2.1.2.9 = STRING: "mm_percpu_wq"
iso.3.6.1.2.1.25.4.2.1.2.10 = STRING: "ksoftirqd/0"
iso.3.6.1.2.1.25.4.2.1.2.11 = STRING: "rcu_sched"
iso.3.6.1.2.1.25.4.2.1.2.12 = STRING: "migration/0"
iso.3.6.1.2.1.25.4.2.1.2.13 = STRING: "watchdog/0"
iso.3.6.1.2.1.25.4.2.1.2.14 = STRING: "cpuhp/0"
iso.3.6.1.2.1.25.4.2.1.2.15 = STRING: "cpuhp/1"
iso.3.6.1.2.1.25.4.2.1.2.16 = STRING: "watchdog/1"
iso.3.6.1.2.1.25.4.2.1.2.17 = STRING: "migration/1"
iso.3.6.1.2.1.25.4.2.1.2.18 = STRING: "ksoftirqd/1"
iso.3.6.1.2.1.25.4.2.1.2.20 = STRING: "kworker/1:0H-events_highpri"
iso.3.6.1.2.1.25.4.2.1.2.23 = STRING: "kdevtmpfs"
iso.3.6.1.2.1.25.4.2.1.2.24 = STRING: "netns"
iso.3.6.1.2.1.25.4.2.1.2.25 = STRING: "kauditd"
iso.3.6.1.2.1.25.4.2.1.2.26 = STRING: "khungtaskd"
iso.3.6.1.2.1.25.4.2.1.2.27 = STRING: "oom_reaper"
iso.3.6.1.2.1.25.4.2.1.2.28 = STRING: "writeback"
iso.3.6.1.2.1.25.4.2.1.2.29 = STRING: "kcompactd0"
iso.3.6.1.2.1.25.4.2.1.2.30 = STRING: "ksmd"
iso.3.6.1.2.1.25.4.2.1.2.31 = STRING: "khugepaged"
iso.3.6.1.2.1.25.4.2.1.2.32 = STRING: "crypto"
iso.3.6.1.2.1.25.4.2.1.2.33 = STRING: "kintegrityd"
iso.3.6.1.2.1.25.4.2.1.2.34 = STRING: "kblockd"
iso.3.6.1.2.1.25.4.2.1.2.35 = STRING: "blkcg_punt_bio"
iso.3.6.1.2.1.25.4.2.1.2.36 = STRING: "tpm_dev_wq"
iso.3.6.1.2.1.25.4.2.1.2.37 = STRING: "md"
iso.3.6.1.2.1.25.4.2.1.2.38 = STRING: "edac-poller"
iso.3.6.1.2.1.25.4.2.1.2.39 = STRING: "watchdogd"
iso.3.6.1.2.1.25.4.2.1.2.40 = STRING: "kworker/0:1H-kblockd"
iso.3.6.1.2.1.25.4.2.1.2.61 = STRING: "kswapd0"
iso.3.6.1.2.1.25.4.2.1.2.155 = STRING: "kthrotld"
iso.3.6.1.2.1.25.4.2.1.2.156 = STRING: "irq/24-pciehp"
iso.3.6.1.2.1.25.4.2.1.2.157 = STRING: "irq/25-pciehp"
iso.3.6.1.2.1.25.4.2.1.2.158 = STRING: "irq/26-pciehp"
iso.3.6.1.2.1.25.4.2.1.2.159 = STRING: "irq/27-pciehp"
iso.3.6.1.2.1.25.4.2.1.2.160 = STRING: "irq/28-pciehp"
iso.3.6.1.2.1.25.4.2.1.2.161 = STRING: "irq/29-pciehp"
iso.3.6.1.2.1.25.4.2.1.2.162 = STRING: "irq/30-pciehp"
iso.3.6.1.2.1.25.4.2.1.2.163 = STRING: "irq/31-pciehp"
iso.3.6.1.2.1.25.4.2.1.2.164 = STRING: "irq/32-pciehp"
iso.3.6.1.2.1.25.4.2.1.2.165 = STRING: "irq/33-pciehp"
iso.3.6.1.2.1.25.4.2.1.2.166 = STRING: "irq/34-pciehp"
iso.3.6.1.2.1.25.4.2.1.2.167 = STRING: "irq/35-pciehp"
iso.3.6.1.2.1.25.4.2.1.2.168 = STRING: "irq/36-pciehp"
iso.3.6.1.2.1.25.4.2.1.2.169 = STRING: "irq/37-pciehp"
iso.3.6.1.2.1.25.4.2.1.2.170 = STRING: "irq/38-pciehp"
iso.3.6.1.2.1.25.4.2.1.2.171 = STRING: "irq/39-pciehp"
iso.3.6.1.2.1.25.4.2.1.2.172 = STRING: "irq/40-pciehp"
iso.3.6.1.2.1.25.4.2.1.2.173 = STRING: "irq/41-pciehp"
iso.3.6.1.2.1.25.4.2.1.2.174 = STRING: "irq/42-pciehp"
iso.3.6.1.2.1.25.4.2.1.2.175 = STRING: "irq/43-pciehp"
iso.3.6.1.2.1.25.4.2.1.2.176 = STRING: "irq/44-pciehp"
iso.3.6.1.2.1.25.4.2.1.2.177 = STRING: "irq/45-pciehp"
iso.3.6.1.2.1.25.4.2.1.2.178 = STRING: "irq/46-pciehp"
iso.3.6.1.2.1.25.4.2.1.2.179 = STRING: "irq/47-pciehp"
iso.3.6.1.2.1.25.4.2.1.2.180 = STRING: "irq/48-pciehp"
iso.3.6.1.2.1.25.4.2.1.2.181 = STRING: "irq/49-pciehp"
iso.3.6.1.2.1.25.4.2.1.2.182 = STRING: "irq/50-pciehp"
iso.3.6.1.2.1.25.4.2.1.2.183 = STRING: "irq/51-pciehp"
iso.3.6.1.2.1.25.4.2.1.2.184 = STRING: "irq/52-pciehp"
iso.3.6.1.2.1.25.4.2.1.2.185 = STRING: "irq/53-pciehp"
iso.3.6.1.2.1.25.4.2.1.2.186 = STRING: "irq/54-pciehp"
iso.3.6.1.2.1.25.4.2.1.2.187 = STRING: "irq/55-pciehp"
iso.3.6.1.2.1.25.4.2.1.2.188 = STRING: "acpi_thermal_pm"
iso.3.6.1.2.1.25.4.2.1.2.189 = STRING: "kmpath_rdacd"
iso.3.6.1.2.1.25.4.2.1.2.190 = STRING: "kaluad"
iso.3.6.1.2.1.25.4.2.1.2.192 = STRING: "ipv6_addrconf"
iso.3.6.1.2.1.25.4.2.1.2.193 = STRING: "kworker/1:1H-kblockd"
iso.3.6.1.2.1.25.4.2.1.2.194 = STRING: "kstrp"
iso.3.6.1.2.1.25.4.2.1.2.312 = STRING: "kworker/1:2-cgroup_pidlist_destroy"
iso.3.6.1.2.1.25.4.2.1.2.514 = STRING: "mpt_poll_0"
iso.3.6.1.2.1.25.4.2.1.2.517 = STRING: "mpt/0"
iso.3.6.1.2.1.25.4.2.1.2.518 = STRING: "ata_sff"
iso.3.6.1.2.1.25.4.2.1.2.520 = STRING: "scsi_eh_0"
iso.3.6.1.2.1.25.4.2.1.2.521 = STRING: "scsi_tmf_0"
iso.3.6.1.2.1.25.4.2.1.2.522 = STRING: "scsi_eh_1"
iso.3.6.1.2.1.25.4.2.1.2.523 = STRING: "scsi_tmf_1"
iso.3.6.1.2.1.25.4.2.1.2.524 = STRING: "scsi_eh_2"
iso.3.6.1.2.1.25.4.2.1.2.525 = STRING: "scsi_tmf_2"
iso.3.6.1.2.1.25.4.2.1.2.526 = STRING: "scsi_eh_3"
iso.3.6.1.2.1.25.4.2.1.2.527 = STRING: "scsi_tmf_3"
iso.3.6.1.2.1.25.4.2.1.2.528 = STRING: "scsi_eh_4"
iso.3.6.1.2.1.25.4.2.1.2.529 = STRING: "scsi_tmf_4"
iso.3.6.1.2.1.25.4.2.1.2.530 = STRING: "scsi_eh_5"
iso.3.6.1.2.1.25.4.2.1.2.531 = STRING: "irq/16-vmwgfx"
iso.3.6.1.2.1.25.4.2.1.2.532 = STRING: "scsi_tmf_5"
iso.3.6.1.2.1.25.4.2.1.2.533 = STRING: "ttm_swap"
iso.3.6.1.2.1.25.4.2.1.2.534 = STRING: "card0-crtc0"
iso.3.6.1.2.1.25.4.2.1.2.535 = STRING: "card0-crtc1"
iso.3.6.1.2.1.25.4.2.1.2.536 = STRING: "scsi_eh_6"
iso.3.6.1.2.1.25.4.2.1.2.537 = STRING: "scsi_eh_7"
iso.3.6.1.2.1.25.4.2.1.2.538 = STRING: "card0-crtc2"
iso.3.6.1.2.1.25.4.2.1.2.539 = STRING: "scsi_tmf_7"
iso.3.6.1.2.1.25.4.2.1.2.540 = STRING: "card0-crtc3"
iso.3.6.1.2.1.25.4.2.1.2.541 = STRING: "scsi_eh_8"
iso.3.6.1.2.1.25.4.2.1.2.542 = STRING: "card0-crtc4"
iso.3.6.1.2.1.25.4.2.1.2.543 = STRING: "scsi_tmf_6"
iso.3.6.1.2.1.25.4.2.1.2.544 = STRING: "scsi_tmf_8"
iso.3.6.1.2.1.25.4.2.1.2.545 = STRING: "card0-crtc5"
iso.3.6.1.2.1.25.4.2.1.2.546 = STRING: "card0-crtc6"
iso.3.6.1.2.1.25.4.2.1.2.547 = STRING: "card0-crtc7"
iso.3.6.1.2.1.25.4.2.1.2.548 = STRING: "scsi_eh_9"
iso.3.6.1.2.1.25.4.2.1.2.549 = STRING: "scsi_tmf_9"
iso.3.6.1.2.1.25.4.2.1.2.550 = STRING: "scsi_eh_10"
iso.3.6.1.2.1.25.4.2.1.2.551 = STRING: "scsi_tmf_10"
iso.3.6.1.2.1.25.4.2.1.2.552 = STRING: "scsi_eh_11"
iso.3.6.1.2.1.25.4.2.1.2.553 = STRING: "scsi_eh_12"
iso.3.6.1.2.1.25.4.2.1.2.554 = STRING: "scsi_tmf_11"
iso.3.6.1.2.1.25.4.2.1.2.555 = STRING: "scsi_tmf_12"
iso.3.6.1.2.1.25.4.2.1.2.556 = STRING: "scsi_eh_13"
iso.3.6.1.2.1.25.4.2.1.2.557 = STRING: "scsi_eh_14"
iso.3.6.1.2.1.25.4.2.1.2.558 = STRING: "scsi_tmf_14"
iso.3.6.1.2.1.25.4.2.1.2.559 = STRING: "scsi_tmf_13"
iso.3.6.1.2.1.25.4.2.1.2.560 = STRING: "scsi_eh_15"
iso.3.6.1.2.1.25.4.2.1.2.561 = STRING: "scsi_tmf_15"
iso.3.6.1.2.1.25.4.2.1.2.563 = STRING: "scsi_eh_16"
iso.3.6.1.2.1.25.4.2.1.2.565 = STRING: "scsi_tmf_16"
iso.3.6.1.2.1.25.4.2.1.2.566 = STRING: "scsi_eh_17"
iso.3.6.1.2.1.25.4.2.1.2.567 = STRING: "scsi_tmf_17"
iso.3.6.1.2.1.25.4.2.1.2.568 = STRING: "scsi_eh_18"
iso.3.6.1.2.1.25.4.2.1.2.569 = STRING: "scsi_tmf_18"
iso.3.6.1.2.1.25.4.2.1.2.570 = STRING: "scsi_eh_19"
iso.3.6.1.2.1.25.4.2.1.2.571 = STRING: "scsi_tmf_19"
iso.3.6.1.2.1.25.4.2.1.2.572 = STRING: "scsi_eh_20"
iso.3.6.1.2.1.25.4.2.1.2.573 = STRING: "scsi_tmf_20"
iso.3.6.1.2.1.25.4.2.1.2.574 = STRING: "scsi_eh_21"
iso.3.6.1.2.1.25.4.2.1.2.575 = STRING: "scsi_tmf_21"
iso.3.6.1.2.1.25.4.2.1.2.576 = STRING: "scsi_eh_22"
iso.3.6.1.2.1.25.4.2.1.2.577 = STRING: "scsi_tmf_22"
iso.3.6.1.2.1.25.4.2.1.2.578 = STRING: "scsi_eh_23"
iso.3.6.1.2.1.25.4.2.1.2.579 = STRING: "scsi_tmf_23"
iso.3.6.1.2.1.25.4.2.1.2.580 = STRING: "scsi_eh_24"
iso.3.6.1.2.1.25.4.2.1.2.581 = STRING: "scsi_tmf_24"
iso.3.6.1.2.1.25.4.2.1.2.582 = STRING: "scsi_eh_25"
iso.3.6.1.2.1.25.4.2.1.2.583 = STRING: "scsi_tmf_25"
iso.3.6.1.2.1.25.4.2.1.2.584 = STRING: "scsi_eh_26"
iso.3.6.1.2.1.25.4.2.1.2.585 = STRING: "scsi_tmf_26"
iso.3.6.1.2.1.25.4.2.1.2.586 = STRING: "scsi_eh_27"
iso.3.6.1.2.1.25.4.2.1.2.587 = STRING: "scsi_tmf_27"
iso.3.6.1.2.1.25.4.2.1.2.588 = STRING: "scsi_eh_28"
iso.3.6.1.2.1.25.4.2.1.2.589 = STRING: "scsi_tmf_28"
iso.3.6.1.2.1.25.4.2.1.2.590 = STRING: "scsi_eh_29"
iso.3.6.1.2.1.25.4.2.1.2.591 = STRING: "scsi_tmf_29"
iso.3.6.1.2.1.25.4.2.1.2.592 = STRING: "scsi_eh_30"
iso.3.6.1.2.1.25.4.2.1.2.593 = STRING: "scsi_tmf_30"
iso.3.6.1.2.1.25.4.2.1.2.594 = STRING: "scsi_eh_31"
iso.3.6.1.2.1.25.4.2.1.2.595 = STRING: "scsi_tmf_31"
iso.3.6.1.2.1.25.4.2.1.2.596 = STRING: "scsi_eh_32"
iso.3.6.1.2.1.25.4.2.1.2.597 = STRING: "scsi_tmf_32"
iso.3.6.1.2.1.25.4.2.1.2.622 = STRING: "kworker/u4:28-events_unbound"
iso.3.6.1.2.1.25.4.2.1.2.685 = STRING: "kdmflush"
iso.3.6.1.2.1.25.4.2.1.2.694 = STRING: "kdmflush"
iso.3.6.1.2.1.25.4.2.1.2.719 = STRING: "xfsalloc"
iso.3.6.1.2.1.25.4.2.1.2.720 = STRING: "xfs_mru_cache"
iso.3.6.1.2.1.25.4.2.1.2.721 = STRING: "xfs-buf/dm-0"
iso.3.6.1.2.1.25.4.2.1.2.722 = STRING: "xfs-conv/dm-0"
iso.3.6.1.2.1.25.4.2.1.2.723 = STRING: "xfs-cil/dm-0"
iso.3.6.1.2.1.25.4.2.1.2.724 = STRING: "xfs-reclaim/dm-"
iso.3.6.1.2.1.25.4.2.1.2.725 = STRING: "xfs-eofblocks/d"
iso.3.6.1.2.1.25.4.2.1.2.726 = STRING: "xfs-log/dm-0"
iso.3.6.1.2.1.25.4.2.1.2.727 = STRING: "xfsaild/dm-0"
iso.3.6.1.2.1.25.4.2.1.2.821 = STRING: "systemd-journal"
iso.3.6.1.2.1.25.4.2.1.2.857 = STRING: "systemd-udevd"
iso.3.6.1.2.1.25.4.2.1.2.918 = STRING: "kdmflush"
iso.3.6.1.2.1.25.4.2.1.2.932 = STRING: "xfs-buf/dm-2"
iso.3.6.1.2.1.25.4.2.1.2.933 = STRING: "xfs-conv/dm-2"
iso.3.6.1.2.1.25.4.2.1.2.935 = STRING: "xfs-cil/dm-2"
iso.3.6.1.2.1.25.4.2.1.2.936 = STRING: "xfs-reclaim/dm-"
iso.3.6.1.2.1.25.4.2.1.2.937 = STRING: "xfs-eofblocks/d"
iso.3.6.1.2.1.25.4.2.1.2.938 = STRING: "xfs-log/dm-2"
iso.3.6.1.2.1.25.4.2.1.2.939 = STRING: "xfsaild/dm-2"
iso.3.6.1.2.1.25.4.2.1.2.941 = STRING: "nfit"
iso.3.6.1.2.1.25.4.2.1.2.952 = STRING: "jbd2/sda1-8"
iso.3.6.1.2.1.25.4.2.1.2.953 = STRING: "ext4-rsv-conver"
iso.3.6.1.2.1.25.4.2.1.2.976 = STRING: "auditd"
iso.3.6.1.2.1.25.4.2.1.2.978 = STRING: "sedispatch"
iso.3.6.1.2.1.25.4.2.1.2.1011 = STRING: "irqbalance"
iso.3.6.1.2.1.25.4.2.1.2.1012 = STRING: "VGAuthService"
iso.3.6.1.2.1.25.4.2.1.2.1013 = STRING: "vmtoolsd"
iso.3.6.1.2.1.25.4.2.1.2.1016 = STRING: "sssd"
iso.3.6.1.2.1.25.4.2.1.2.1017 = STRING: "polkitd"
iso.3.6.1.2.1.25.4.2.1.2.1018 = STRING: "dbus-daemon"
iso.3.6.1.2.1.25.4.2.1.2.1022 = STRING: "rngd"
iso.3.6.1.2.1.25.4.2.1.2.1027 = STRING: "chronyd"
iso.3.6.1.2.1.25.4.2.1.2.1046 = STRING: "sssd_be"
iso.3.6.1.2.1.25.4.2.1.2.1081 = STRING: "sssd_nss"
iso.3.6.1.2.1.25.4.2.1.2.1084 = STRING: "systemd-logind"
iso.3.6.1.2.1.25.4.2.1.2.1087 = STRING: "firewalld"
iso.3.6.1.2.1.25.4.2.1.2.1096 = STRING: "NetworkManager"
iso.3.6.1.2.1.25.4.2.1.2.1107 = STRING: "tuned"
iso.3.6.1.2.1.25.4.2.1.2.1108 = STRING: "sshd"
iso.3.6.1.2.1.25.4.2.1.2.1130 = STRING: "crond"
iso.3.6.1.2.1.25.4.2.1.2.1138 = STRING: "agetty"
iso.3.6.1.2.1.25.4.2.1.2.1167 = STRING: "nginx"
iso.3.6.1.2.1.25.4.2.1.2.1171 = STRING: "nginx"
iso.3.6.1.2.1.25.4.2.1.2.1172 = STRING: "nginx"
iso.3.6.1.2.1.25.4.2.1.2.1209 = STRING: "mysqld"
iso.3.6.1.2.1.25.4.2.1.2.1483 = STRING: "rsyslogd"
iso.3.6.1.2.1.25.4.2.1.2.1486 = STRING: "snmpd"
iso.3.6.1.2.1.25.4.2.1.2.1620 = STRING: "cockpit-tls"
iso.3.6.1.2.1.25.4.2.1.2.1628 = STRING: "cockpit-ws"
iso.3.6.1.2.1.25.4.2.1.2.1686 = STRING: "cockpit-session"
iso.3.6.1.2.1.25.4.2.1.2.1691 = STRING: "ssh-agent"
iso.3.6.1.2.1.25.4.2.1.2.1694 = STRING: "systemd"
iso.3.6.1.2.1.25.4.2.1.2.1698 = STRING: "(sd-pam)"
iso.3.6.1.2.1.25.4.2.1.2.1704 = STRING: "cockpit-bridge"
iso.3.6.1.2.1.25.4.2.1.2.1745 = STRING: "timedatex"
iso.3.6.1.2.1.25.4.2.1.2.1752 = STRING: "packagekitd"
iso.3.6.1.2.1.25.4.2.1.2.1768 = STRING: "bash"
iso.3.6.1.2.1.25.4.2.1.2.2637 = STRING: "kworker/0:1-events_power_efficient"
iso.3.6.1.2.1.25.4.2.1.2.2894 = STRING: "anacron"
iso.3.6.1.2.1.25.4.2.1.2.3040 = STRING: "kworker/1:0-mm_percpu_wq"
iso.3.6.1.2.1.25.4.2.1.2.3387 = STRING: "kworker/0:4-events_power_efficient"
iso.3.6.1.2.1.25.4.2.1.2.3390 = STRING: "kworker/u4:0-xfs-cil/dm-0"
iso.3.6.1.2.1.25.4.2.1.2.3634 = STRING: "sshd"
iso.3.6.1.2.1.25.4.2.1.2.3642 = STRING: "systemd"
iso.3.6.1.2.1.25.4.2.1.2.3645 = STRING: "(sd-pam)"
iso.3.6.1.2.1.25.4.2.1.2.3647 = STRING: "kworker/1:3-cgroup_pidlist_destroy"
iso.3.6.1.2.1.25.4.2.1.2.3653 = STRING: "sshd"
iso.3.6.1.2.1.25.4.2.1.2.3661 = STRING: "bash"
iso.3.6.1.2.1.25.4.2.1.2.3783 = STRING: "php-fpm"
iso.3.6.1.2.1.25.4.2.1.2.3784 = STRING: "php-fpm"
iso.3.6.1.2.1.25.4.2.1.2.3785 = STRING: "php-fpm"
iso.3.6.1.2.1.25.4.2.1.2.3786 = STRING: "php-fpm"
iso.3.6.1.2.1.25.4.2.1.2.3787 = STRING: "php-fpm"
iso.3.6.1.2.1.25.4.2.1.2.3788 = STRING: "php-fpm"
iso.3.6.1.2.1.25.4.2.1.2.3848 = STRING: "kworker/0:0-events_power_efficient"
iso.3.6.1.2.1.25.4.2.1.3.1 = OID: ccitt.0
iso.3.6.1.2.1.25.4.2.1.3.2 = OID: ccitt.0
iso.3.6.1.2.1.25.4.2.1.3.3 = OID: ccitt.0
iso.3.6.1.2.1.25.4.2.1.3.4 = OID: ccitt.0
iso.3.6.1.2.1.25.4.2.1.3.6 = OID: ccitt.0
iso.3.6.1.2.1.25.4.2.1.3.9 = OID: ccitt.0
iso.3.6.1.2.1.25.4.2.1.3.10 = OID: ccitt.0
iso.3.6.1.2.1.25.4.2.1.3.11 = OID: ccitt.0
iso.3.6.1.2.1.25.4.2.1.3.12 = OID: ccitt.0
iso.3.6.1.2.1.25.4.2.1.3.13 = OID: ccitt.0
iso.3.6.1.2.1.25.4.2.1.3.14 = OID: ccitt.0
iso.3.6.1.2.1.25.4.2.1.3.15 = OID: ccitt.0
iso.3.6.1.2.1.25.4.2.1.3.16 = OID: ccitt.0
iso.3.6.1.2.1.25.4.2.1.3.17 = OID: ccitt.0
iso.3.6.1.2.1.25.4.2.1.3.18 = OID: ccitt.0
iso.3.6.1.2.1.25.4.2.1.3.20 = OID: ccitt.0
iso.3.6.1.2.1.25.4.2.1.3.23 = OID: ccitt.0
iso.3.6.1.2.1.25.4.2.1.3.24 = OID: ccitt.0
iso.3.6.1.2.1.25.4.2.1.3.25 = OID: ccitt.0
iso.3.6.1.2.1.25.4.2.1.3.26 = OID: ccitt.0
iso.3.6.1.2.1.25.4.2.1.3.27 = OID: ccitt.0
iso.3.6.1.2.1.25.4.2.1.3.28 = OID: ccitt.0
iso.3.6.1.2.1.25.4.2.1.3.29 = OID: ccitt.0
iso.3.6.1.2.1.25.4.2.1.3.30 = OID: ccitt.0
iso.3.6.1.2.1.25.4.2.1.3.31 = OID: ccitt.0
iso.3.6.1.2.1.25.4.2.1.3.32 = OID: ccitt.0
iso.3.6.1.2.1.25.4.2.1.3.33 = OID: ccitt.0
iso.3.6.1.2.1.25.4.2.1.3.34 = OID: ccitt.0
iso.3.6.1.2.1.25.4.2.1.3.35 = OID: ccitt.0
iso.3.6.1.2.1.25.4.2.1.3.36 = OID: ccitt.0
iso.3.6.1.2.1.25.4.2.1.3.37 = OID: ccitt.0
iso.3.6.1.2.1.25.4.2.1.3.38 = OID: ccitt.0
iso.3.6.1.2.1.25.4.2.1.3.39 = OID: ccitt.0
iso.3.6.1.2.1.25.4.2.1.3.40 = OID: ccitt.0
iso.3.6.1.2.1.25.4.2.1.3.61 = OID: ccitt.0
iso.3.6.1.2.1.25.4.2.1.3.155 = OID: ccitt.0
iso.3.6.1.2.1.25.4.2.1.3.156 = OID: ccitt.0
iso.3.6.1.2.1.25.4.2.1.3.157 = OID: ccitt.0
iso.3.6.1.2.1.25.4.2.1.3.158 = OID: ccitt.0
iso.3.6.1.2.1.25.4.2.1.3.159 = OID: ccitt.0
iso.3.6.1.2.1.25.4.2.1.3.160 = OID: ccitt.0
iso.3.6.1.2.1.25.4.2.1.3.161 = OID: ccitt.0
iso.3.6.1.2.1.25.4.2.1.3.162 = OID: ccitt.0
iso.3.6.1.2.1.25.4.2.1.3.163 = OID: ccitt.0
iso.3.6.1.2.1.25.4.2.1.3.164 = OID: ccitt.0
iso.3.6.1.2.1.25.4.2.1.3.165 = OID: ccitt.0
iso.3.6.1.2.1.25.4.2.1.3.166 = OID: ccitt.0
iso.3.6.1.2.1.25.4.2.1.3.167 = OID: ccitt.0
iso.3.6.1.2.1.25.4.2.1.3.168 = OID: ccitt.0
iso.3.6.1.2.1.25.4.2.1.3.169 = OID: ccitt.0
iso.3.6.1.2.1.25.4.2.1.3.170 = OID: ccitt.0
iso.3.6.1.2.1.25.4.2.1.3.171 = OID: ccitt.0
iso.3.6.1.2.1.25.4.2.1.3.172 = OID: ccitt.0
iso.3.6.1.2.1.25.4.2.1.3.173 = OID: ccitt.0
iso.3.6.1.2.1.25.4.2.1.3.174 = OID: ccitt.0
iso.3.6.1.2.1.25.4.2.1.3.175 = OID: ccitt.0
iso.3.6.1.2.1.25.4.2.1.3.176 = OID: ccitt.0
iso.3.6.1.2.1.25.4.2.1.3.177 = OID: ccitt.0
iso.3.6.1.2.1.25.4.2.1.3.178 = OID: ccitt.0
iso.3.6.1.2.1.25.4.2.1.3.179 = OID: ccitt.0
iso.3.6.1.2.1.25.4.2.1.3.180 = OID: ccitt.0
iso.3.6.1.2.1.25.4.2.1.3.181 = OID: ccitt.0
iso.3.6.1.2.1.25.4.2.1.3.182 = OID: ccitt.0
iso.3.6.1.2.1.25.4.2.1.3.183 = OID: ccitt.0
iso.3.6.1.2.1.25.4.2.1.3.184 = OID: ccitt.0
iso.3.6.1.2.1.25.4.2.1.3.185 = OID: ccitt.0
iso.3.6.1.2.1.25.4.2.1.3.186 = OID: ccitt.0
iso.3.6.1.2.1.25.4.2.1.3.187 = OID: ccitt.0
iso.3.6.1.2.1.25.4.2.1.3.188 = OID: ccitt.0
iso.3.6.1.2.1.25.4.2.1.3.189 = OID: ccitt.0
iso.3.6.1.2.1.25.4.2.1.3.190 = OID: ccitt.0
iso.3.6.1.2.1.25.4.2.1.3.192 = OID: ccitt.0
iso.3.6.1.2.1.25.4.2.1.3.193 = OID: ccitt.0
iso.3.6.1.2.1.25.4.2.1.3.194 = OID: ccitt.0
iso.3.6.1.2.1.25.4.2.1.3.312 = OID: ccitt.0
iso.3.6.1.2.1.25.4.2.1.3.514 = OID: ccitt.0
iso.3.6.1.2.1.25.4.2.1.3.517 = OID: ccitt.0
iso.3.6.1.2.1.25.4.2.1.3.518 = OID: ccitt.0
iso.3.6.1.2.1.25.4.2.1.3.520 = OID: ccitt.0
iso.3.6.1.2.1.25.4.2.1.3.521 = OID: ccitt.0
iso.3.6.1.2.1.25.4.2.1.3.522 = OID: ccitt.0
iso.3.6.1.2.1.25.4.2.1.3.523 = OID: ccitt.0
iso.3.6.1.2.1.25.4.2.1.3.524 = OID: ccitt.0
iso.3.6.1.2.1.25.4.2.1.3.525 = OID: ccitt.0
iso.3.6.1.2.1.25.4.2.1.3.526 = OID: ccitt.0
iso.3.6.1.2.1.25.4.2.1.3.527 = OID: ccitt.0
iso.3.6.1.2.1.25.4.2.1.3.528 = OID: ccitt.0
iso.3.6.1.2.1.25.4.2.1.3.529 = OID: ccitt.0
iso.3.6.1.2.1.25.4.2.1.3.530 = OID: ccitt.0
iso.3.6.1.2.1.25.4.2.1.3.531 = OID: ccitt.0
iso.3.6.1.2.1.25.4.2.1.3.532 = OID: ccitt.0
iso.3.6.1.2.1.25.4.2.1.3.533 = OID: ccitt.0
iso.3.6.1.2.1.25.4.2.1.3.534 = OID: ccitt.0
iso.3.6.1.2.1.25.4.2.1.3.535 = OID: ccitt.0
iso.3.6.1.2.1.25.4.2.1.3.536 = OID: ccitt.0
iso.3.6.1.2.1.25.4.2.1.3.537 = OID: ccitt.0
iso.3.6.1.2.1.25.4.2.1.3.538 = OID: ccitt.0
iso.3.6.1.2.1.25.4.2.1.3.539 = OID: ccitt.0
iso.3.6.1.2.1.25.4.2.1.3.540 = OID: ccitt.0
iso.3.6.1.2.1.25.4.2.1.3.541 = OID: ccitt.0
iso.3.6.1.2.1.25.4.2.1.3.542 = OID: ccitt.0
iso.3.6.1.2.1.25.4.2.1.3.543 = OID: ccitt.0
iso.3.6.1.2.1.25.4.2.1.3.544 = OID: ccitt.0
iso.3.6.1.2.1.25.4.2.1.3.545 = OID: ccitt.0
iso.3.6.1.2.1.25.4.2.1.3.546 = OID: ccitt.0
iso.3.6.1.2.1.25.4.2.1.3.547 = OID: ccitt.0
iso.3.6.1.2.1.25.4.2.1.3.548 = OID: ccitt.0
iso.3.6.1.2.1.25.4.2.1.3.549 = OID: ccitt.0
iso.3.6.1.2.1.25.4.2.1.3.550 = OID: ccitt.0
iso.3.6.1.2.1.25.4.2.1.3.551 = OID: ccitt.0
iso.3.6.1.2.1.25.4.2.1.3.552 = OID: ccitt.0
iso.3.6.1.2.1.25.4.2.1.3.553 = OID: ccitt.0
iso.3.6.1.2.1.25.4.2.1.3.554 = OID: ccitt.0
iso.3.6.1.2.1.25.4.2.1.3.555 = OID: ccitt.0
iso.3.6.1.2.1.25.4.2.1.3.556 = OID: ccitt.0
iso.3.6.1.2.1.25.4.2.1.3.557 = OID: ccitt.0
iso.3.6.1.2.1.25.4.2.1.3.558 = OID: ccitt.0
iso.3.6.1.2.1.25.4.2.1.3.559 = OID: ccitt.0
iso.3.6.1.2.1.25.4.2.1.3.560 = OID: ccitt.0
iso.3.6.1.2.1.25.4.2.1.3.561 = OID: ccitt.0
iso.3.6.1.2.1.25.4.2.1.3.563 = OID: ccitt.0
iso.3.6.1.2.1.25.4.2.1.3.565 = OID: ccitt.0
iso.3.6.1.2.1.25.4.2.1.3.566 = OID: ccitt.0
iso.3.6.1.2.1.25.4.2.1.3.567 = OID: ccitt.0
iso.3.6.1.2.1.25.4.2.1.3.568 = OID: ccitt.0
iso.3.6.1.2.1.25.4.2.1.3.569 = OID: ccitt.0
iso.3.6.1.2.1.25.4.2.1.3.570 = OID: ccitt.0
iso.3.6.1.2.1.25.4.2.1.3.571 = OID: ccitt.0
iso.3.6.1.2.1.25.4.2.1.3.572 = OID: ccitt.0
iso.3.6.1.2.1.25.4.2.1.3.573 = OID: ccitt.0
iso.3.6.1.2.1.25.4.2.1.3.574 = OID: ccitt.0
iso.3.6.1.2.1.25.4.2.1.3.575 = OID: ccitt.0
iso.3.6.1.2.1.25.4.2.1.3.576 = OID: ccitt.0
iso.3.6.1.2.1.25.4.2.1.3.577 = OID: ccitt.0
iso.3.6.1.2.1.25.4.2.1.3.578 = OID: ccitt.0
iso.3.6.1.2.1.25.4.2.1.3.579 = OID: ccitt.0
iso.3.6.1.2.1.25.4.2.1.3.580 = OID: ccitt.0
iso.3.6.1.2.1.25.4.2.1.3.581 = OID: ccitt.0
iso.3.6.1.2.1.25.4.2.1.3.582 = OID: ccitt.0
iso.3.6.1.2.1.25.4.2.1.3.583 = OID: ccitt.0
iso.3.6.1.2.1.25.4.2.1.3.584 = OID: ccitt.0
iso.3.6.1.2.1.25.4.2.1.3.585 = OID: ccitt.0
iso.3.6.1.2.1.25.4.2.1.3.586 = OID: ccitt.0
iso.3.6.1.2.1.25.4.2.1.3.587 = OID: ccitt.0
iso.3.6.1.2.1.25.4.2.1.3.588 = OID: ccitt.0
iso.3.6.1.2.1.25.4.2.1.3.589 = OID: ccitt.0
iso.3.6.1.2.1.25.4.2.1.3.590 = OID: ccitt.0
iso.3.6.1.2.1.25.4.2.1.3.591 = OID: ccitt.0
iso.3.6.1.2.1.25.4.2.1.3.592 = OID: ccitt.0
iso.3.6.1.2.1.25.4.2.1.3.593 = OID: ccitt.0
iso.3.6.1.2.1.25.4.2.1.3.594 = OID: ccitt.0
iso.3.6.1.2.1.25.4.2.1.3.595 = OID: ccitt.0
iso.3.6.1.2.1.25.4.2.1.3.596 = OID: ccitt.0
iso.3.6.1.2.1.25.4.2.1.3.597 = OID: ccitt.0
iso.3.6.1.2.1.25.4.2.1.3.622 = OID: ccitt.0
iso.3.6.1.2.1.25.4.2.1.3.685 = OID: ccitt.0
iso.3.6.1.2.1.25.4.2.1.3.694 = OID: ccitt.0
iso.3.6.1.2.1.25.4.2.1.3.719 = OID: ccitt.0
iso.3.6.1.2.1.25.4.2.1.3.720 = OID: ccitt.0
iso.3.6.1.2.1.25.4.2.1.3.721 = OID: ccitt.0
iso.3.6.1.2.1.25.4.2.1.3.722 = OID: ccitt.0
iso.3.6.1.2.1.25.4.2.1.3.723 = OID: ccitt.0
iso.3.6.1.2.1.25.4.2.1.3.724 = OID: ccitt.0
iso.3.6.1.2.1.25.4.2.1.3.725 = OID: ccitt.0
iso.3.6.1.2.1.25.4.2.1.3.726 = OID: ccitt.0
iso.3.6.1.2.1.25.4.2.1.3.727 = OID: ccitt.0
iso.3.6.1.2.1.25.4.2.1.3.821 = OID: ccitt.0
iso.3.6.1.2.1.25.4.2.1.3.857 = OID: ccitt.0
iso.3.6.1.2.1.25.4.2.1.3.918 = OID: ccitt.0
iso.3.6.1.2.1.25.4.2.1.3.932 = OID: ccitt.0
iso.3.6.1.2.1.25.4.2.1.3.933 = OID: ccitt.0
iso.3.6.1.2.1.25.4.2.1.3.935 = OID: ccitt.0
iso.3.6.1.2.1.25.4.2.1.3.936 = OID: ccitt.0
iso.3.6.1.2.1.25.4.2.1.3.937 = OID: ccitt.0
iso.3.6.1.2.1.25.4.2.1.3.938 = OID: ccitt.0
iso.3.6.1.2.1.25.4.2.1.3.939 = OID: ccitt.0
iso.3.6.1.2.1.25.4.2.1.3.941 = OID: ccitt.0
iso.3.6.1.2.1.25.4.2.1.3.952 = OID: ccitt.0
iso.3.6.1.2.1.25.4.2.1.3.953 = OID: ccitt.0
iso.3.6.1.2.1.25.4.2.1.3.976 = OID: ccitt.0
iso.3.6.1.2.1.25.4.2.1.3.978 = OID: ccitt.0
iso.3.6.1.2.1.25.4.2.1.3.1011 = OID: ccitt.0
iso.3.6.1.2.1.25.4.2.1.3.1012 = OID: ccitt.0
iso.3.6.1.2.1.25.4.2.1.3.1013 = OID: ccitt.0
iso.3.6.1.2.1.25.4.2.1.3.1016 = OID: ccitt.0
iso.3.6.1.2.1.25.4.2.1.3.1017 = OID: ccitt.0
iso.3.6.1.2.1.25.4.2.1.3.1018 = OID: ccitt.0
iso.3.6.1.2.1.25.4.2.1.3.1022 = OID: ccitt.0
iso.3.6.1.2.1.25.4.2.1.3.1027 = OID: ccitt.0
iso.3.6.1.2.1.25.4.2.1.3.1046 = OID: ccitt.0
iso.3.6.1.2.1.25.4.2.1.3.1081 = OID: ccitt.0
iso.3.6.1.2.1.25.4.2.1.3.1084 = OID: ccitt.0
iso.3.6.1.2.1.25.4.2.1.3.1087 = OID: ccitt.0
iso.3.6.1.2.1.25.4.2.1.3.1096 = OID: ccitt.0
iso.3.6.1.2.1.25.4.2.1.3.1107 = OID: ccitt.0
iso.3.6.1.2.1.25.4.2.1.3.1108 = OID: ccitt.0
iso.3.6.1.2.1.25.4.2.1.3.1130 = OID: ccitt.0
iso.3.6.1.2.1.25.4.2.1.3.1138 = OID: ccitt.0
iso.3.6.1.2.1.25.4.2.1.3.1167 = OID: ccitt.0
iso.3.6.1.2.1.25.4.2.1.3.1171 = OID: ccitt.0
iso.3.6.1.2.1.25.4.2.1.3.1172 = OID: ccitt.0
iso.3.6.1.2.1.25.4.2.1.3.1209 = OID: ccitt.0
iso.3.6.1.2.1.25.4.2.1.3.1483 = OID: ccitt.0
iso.3.6.1.2.1.25.4.2.1.3.1486 = OID: ccitt.0
iso.3.6.1.2.1.25.4.2.1.3.1620 = OID: ccitt.0
iso.3.6.1.2.1.25.4.2.1.3.1628 = OID: ccitt.0
iso.3.6.1.2.1.25.4.2.1.3.1686 = OID: ccitt.0
iso.3.6.1.2.1.25.4.2.1.3.1691 = OID: ccitt.0
iso.3.6.1.2.1.25.4.2.1.3.1694 = OID: ccitt.0
iso.3.6.1.2.1.25.4.2.1.3.1698 = OID: ccitt.0
iso.3.6.1.2.1.25.4.2.1.3.1704 = OID: ccitt.0
iso.3.6.1.2.1.25.4.2.1.3.1745 = OID: ccitt.0
iso.3.6.1.2.1.25.4.2.1.3.1752 = OID: ccitt.0
iso.3.6.1.2.1.25.4.2.1.3.1768 = OID: ccitt.0
iso.3.6.1.2.1.25.4.2.1.3.2637 = OID: ccitt.0
iso.3.6.1.2.1.25.4.2.1.3.2894 = OID: ccitt.0
iso.3.6.1.2.1.25.4.2.1.3.3040 = OID: ccitt.0
iso.3.6.1.2.1.25.4.2.1.3.3387 = OID: ccitt.0
iso.3.6.1.2.1.25.4.2.1.3.3390 = OID: ccitt.0
iso.3.6.1.2.1.25.4.2.1.3.3634 = OID: ccitt.0
iso.3.6.1.2.1.25.4.2.1.3.3642 = OID: ccitt.0
iso.3.6.1.2.1.25.4.2.1.3.3645 = OID: ccitt.0
iso.3.6.1.2.1.25.4.2.1.3.3647 = OID: ccitt.0
iso.3.6.1.2.1.25.4.2.1.3.3653 = OID: ccitt.0
iso.3.6.1.2.1.25.4.2.1.3.3661 = OID: ccitt.0
iso.3.6.1.2.1.25.4.2.1.3.3848 = OID: ccitt.0
iso.3.6.1.2.1.25.4.2.1.3.3957 = OID: ccitt.0
iso.3.6.1.2.1.25.4.2.1.3.3958 = OID: ccitt.0
iso.3.6.1.2.1.25.4.2.1.3.3959 = OID: ccitt.0
iso.3.6.1.2.1.25.4.2.1.3.3960 = OID: ccitt.0
iso.3.6.1.2.1.25.4.2.1.3.3961 = OID: ccitt.0
iso.3.6.1.2.1.25.4.2.1.3.3962 = OID: ccitt.0
iso.3.6.1.2.1.25.4.2.1.4.1 = STRING: "/usr/lib/systemd/systemd"
iso.3.6.1.2.1.25.4.2.1.4.2 = ""
iso.3.6.1.2.1.25.4.2.1.4.3 = ""
iso.3.6.1.2.1.25.4.2.1.4.4 = ""
iso.3.6.1.2.1.25.4.2.1.4.6 = ""
iso.3.6.1.2.1.25.4.2.1.4.9 = ""
iso.3.6.1.2.1.25.4.2.1.4.10 = ""
iso.3.6.1.2.1.25.4.2.1.4.11 = ""
iso.3.6.1.2.1.25.4.2.1.4.12 = ""
iso.3.6.1.2.1.25.4.2.1.4.13 = ""
iso.3.6.1.2.1.25.4.2.1.4.14 = ""
iso.3.6.1.2.1.25.4.2.1.4.15 = ""
iso.3.6.1.2.1.25.4.2.1.4.16 = ""
iso.3.6.1.2.1.25.4.2.1.4.17 = ""
iso.3.6.1.2.1.25.4.2.1.4.18 = ""
iso.3.6.1.2.1.25.4.2.1.4.20 = ""
iso.3.6.1.2.1.25.4.2.1.4.23 = ""
iso.3.6.1.2.1.25.4.2.1.4.24 = ""
iso.3.6.1.2.1.25.4.2.1.4.25 = ""
iso.3.6.1.2.1.25.4.2.1.4.26 = ""
iso.3.6.1.2.1.25.4.2.1.4.27 = ""
iso.3.6.1.2.1.25.4.2.1.4.28 = ""
iso.3.6.1.2.1.25.4.2.1.4.29 = ""
iso.3.6.1.2.1.25.4.2.1.4.30 = ""
iso.3.6.1.2.1.25.4.2.1.4.31 = ""
iso.3.6.1.2.1.25.4.2.1.4.32 = ""
iso.3.6.1.2.1.25.4.2.1.4.33 = ""
iso.3.6.1.2.1.25.4.2.1.4.34 = ""
iso.3.6.1.2.1.25.4.2.1.4.35 = ""
iso.3.6.1.2.1.25.4.2.1.4.36 = ""
iso.3.6.1.2.1.25.4.2.1.4.37 = ""
iso.3.6.1.2.1.25.4.2.1.4.38 = ""
iso.3.6.1.2.1.25.4.2.1.4.39 = ""
iso.3.6.1.2.1.25.4.2.1.4.40 = ""
iso.3.6.1.2.1.25.4.2.1.4.61 = ""
iso.3.6.1.2.1.25.4.2.1.4.155 = ""
iso.3.6.1.2.1.25.4.2.1.4.156 = ""
iso.3.6.1.2.1.25.4.2.1.4.157 = ""
iso.3.6.1.2.1.25.4.2.1.4.158 = ""
iso.3.6.1.2.1.25.4.2.1.4.159 = ""
iso.3.6.1.2.1.25.4.2.1.4.160 = ""
iso.3.6.1.2.1.25.4.2.1.4.161 = ""
iso.3.6.1.2.1.25.4.2.1.4.162 = ""
iso.3.6.1.2.1.25.4.2.1.4.163 = ""
iso.3.6.1.2.1.25.4.2.1.4.164 = ""
iso.3.6.1.2.1.25.4.2.1.4.165 = ""
iso.3.6.1.2.1.25.4.2.1.4.166 = ""
iso.3.6.1.2.1.25.4.2.1.4.167 = ""
iso.3.6.1.2.1.25.4.2.1.4.168 = ""
iso.3.6.1.2.1.25.4.2.1.4.169 = ""
iso.3.6.1.2.1.25.4.2.1.4.170 = ""
iso.3.6.1.2.1.25.4.2.1.4.171 = ""
iso.3.6.1.2.1.25.4.2.1.4.172 = ""
iso.3.6.1.2.1.25.4.2.1.4.173 = ""
iso.3.6.1.2.1.25.4.2.1.4.174 = ""
iso.3.6.1.2.1.25.4.2.1.4.175 = ""
iso.3.6.1.2.1.25.4.2.1.4.176 = ""
iso.3.6.1.2.1.25.4.2.1.4.177 = ""
iso.3.6.1.2.1.25.4.2.1.4.178 = ""
iso.3.6.1.2.1.25.4.2.1.4.179 = ""
iso.3.6.1.2.1.25.4.2.1.4.180 = ""
iso.3.6.1.2.1.25.4.2.1.4.181 = ""
iso.3.6.1.2.1.25.4.2.1.4.182 = ""
iso.3.6.1.2.1.25.4.2.1.4.183 = ""
iso.3.6.1.2.1.25.4.2.1.4.184 = ""
iso.3.6.1.2.1.25.4.2.1.4.185 = ""
iso.3.6.1.2.1.25.4.2.1.4.186 = ""
iso.3.6.1.2.1.25.4.2.1.4.187 = ""
iso.3.6.1.2.1.25.4.2.1.4.188 = ""
iso.3.6.1.2.1.25.4.2.1.4.189 = ""
iso.3.6.1.2.1.25.4.2.1.4.190 = ""
iso.3.6.1.2.1.25.4.2.1.4.192 = ""
iso.3.6.1.2.1.25.4.2.1.4.193 = ""
iso.3.6.1.2.1.25.4.2.1.4.194 = ""
iso.3.6.1.2.1.25.4.2.1.4.514 = ""
iso.3.6.1.2.1.25.4.2.1.4.517 = ""
iso.3.6.1.2.1.25.4.2.1.4.518 = ""
iso.3.6.1.2.1.25.4.2.1.4.520 = ""
iso.3.6.1.2.1.25.4.2.1.4.521 = ""
iso.3.6.1.2.1.25.4.2.1.4.522 = ""
iso.3.6.1.2.1.25.4.2.1.4.523 = ""
iso.3.6.1.2.1.25.4.2.1.4.524 = ""
iso.3.6.1.2.1.25.4.2.1.4.525 = ""
iso.3.6.1.2.1.25.4.2.1.4.526 = ""
iso.3.6.1.2.1.25.4.2.1.4.527 = ""
iso.3.6.1.2.1.25.4.2.1.4.528 = ""
iso.3.6.1.2.1.25.4.2.1.4.529 = ""
iso.3.6.1.2.1.25.4.2.1.4.530 = ""
iso.3.6.1.2.1.25.4.2.1.4.531 = ""
iso.3.6.1.2.1.25.4.2.1.4.532 = ""
iso.3.6.1.2.1.25.4.2.1.4.533 = ""
iso.3.6.1.2.1.25.4.2.1.4.534 = ""
iso.3.6.1.2.1.25.4.2.1.4.535 = ""
iso.3.6.1.2.1.25.4.2.1.4.536 = ""
iso.3.6.1.2.1.25.4.2.1.4.537 = ""
iso.3.6.1.2.1.25.4.2.1.4.538 = ""
iso.3.6.1.2.1.25.4.2.1.4.539 = ""
iso.3.6.1.2.1.25.4.2.1.4.540 = ""
iso.3.6.1.2.1.25.4.2.1.4.541 = ""
iso.3.6.1.2.1.25.4.2.1.4.542 = ""
iso.3.6.1.2.1.25.4.2.1.4.543 = ""
iso.3.6.1.2.1.25.4.2.1.4.544 = ""
iso.3.6.1.2.1.25.4.2.1.4.545 = ""
iso.3.6.1.2.1.25.4.2.1.4.546 = ""
iso.3.6.1.2.1.25.4.2.1.4.547 = ""
iso.3.6.1.2.1.25.4.2.1.4.548 = ""
iso.3.6.1.2.1.25.4.2.1.4.549 = ""
iso.3.6.1.2.1.25.4.2.1.4.550 = ""
iso.3.6.1.2.1.25.4.2.1.4.551 = ""
iso.3.6.1.2.1.25.4.2.1.4.552 = ""
iso.3.6.1.2.1.25.4.2.1.4.553 = ""
iso.3.6.1.2.1.25.4.2.1.4.554 = ""
iso.3.6.1.2.1.25.4.2.1.4.555 = ""
iso.3.6.1.2.1.25.4.2.1.4.556 = ""
iso.3.6.1.2.1.25.4.2.1.4.557 = ""
iso.3.6.1.2.1.25.4.2.1.4.558 = ""
iso.3.6.1.2.1.25.4.2.1.4.559 = ""
iso.3.6.1.2.1.25.4.2.1.4.560 = ""
iso.3.6.1.2.1.25.4.2.1.4.561 = ""
iso.3.6.1.2.1.25.4.2.1.4.563 = ""
iso.3.6.1.2.1.25.4.2.1.4.565 = ""
iso.3.6.1.2.1.25.4.2.1.4.566 = ""
iso.3.6.1.2.1.25.4.2.1.4.567 = ""
iso.3.6.1.2.1.25.4.2.1.4.568 = ""
iso.3.6.1.2.1.25.4.2.1.4.569 = ""
iso.3.6.1.2.1.25.4.2.1.4.570 = ""
iso.3.6.1.2.1.25.4.2.1.4.571 = ""
iso.3.6.1.2.1.25.4.2.1.4.572 = ""
iso.3.6.1.2.1.25.4.2.1.4.573 = ""
iso.3.6.1.2.1.25.4.2.1.4.574 = ""
iso.3.6.1.2.1.25.4.2.1.4.575 = ""
iso.3.6.1.2.1.25.4.2.1.4.576 = ""
iso.3.6.1.2.1.25.4.2.1.4.577 = ""
iso.3.6.1.2.1.25.4.2.1.4.578 = ""
iso.3.6.1.2.1.25.4.2.1.4.579 = ""
iso.3.6.1.2.1.25.4.2.1.4.580 = ""
iso.3.6.1.2.1.25.4.2.1.4.581 = ""
iso.3.6.1.2.1.25.4.2.1.4.582 = ""
iso.3.6.1.2.1.25.4.2.1.4.583 = ""
iso.3.6.1.2.1.25.4.2.1.4.584 = ""
iso.3.6.1.2.1.25.4.2.1.4.585 = ""
iso.3.6.1.2.1.25.4.2.1.4.586 = ""
iso.3.6.1.2.1.25.4.2.1.4.587 = ""
iso.3.6.1.2.1.25.4.2.1.4.588 = ""
iso.3.6.1.2.1.25.4.2.1.4.589 = ""
iso.3.6.1.2.1.25.4.2.1.4.590 = ""
iso.3.6.1.2.1.25.4.2.1.4.591 = ""
iso.3.6.1.2.1.25.4.2.1.4.592 = ""
iso.3.6.1.2.1.25.4.2.1.4.593 = ""
iso.3.6.1.2.1.25.4.2.1.4.594 = ""
iso.3.6.1.2.1.25.4.2.1.4.595 = ""
iso.3.6.1.2.1.25.4.2.1.4.596 = ""
iso.3.6.1.2.1.25.4.2.1.4.597 = ""
iso.3.6.1.2.1.25.4.2.1.4.622 = ""
iso.3.6.1.2.1.25.4.2.1.4.685 = ""
iso.3.6.1.2.1.25.4.2.1.4.694 = ""
iso.3.6.1.2.1.25.4.2.1.4.719 = ""
iso.3.6.1.2.1.25.4.2.1.4.720 = ""
iso.3.6.1.2.1.25.4.2.1.4.721 = ""
iso.3.6.1.2.1.25.4.2.1.4.722 = ""
iso.3.6.1.2.1.25.4.2.1.4.723 = ""
iso.3.6.1.2.1.25.4.2.1.4.724 = ""
iso.3.6.1.2.1.25.4.2.1.4.725 = ""
iso.3.6.1.2.1.25.4.2.1.4.726 = ""
iso.3.6.1.2.1.25.4.2.1.4.727 = ""
iso.3.6.1.2.1.25.4.2.1.4.821 = STRING: "/usr/lib/systemd/systemd-journald"
iso.3.6.1.2.1.25.4.2.1.4.857 = STRING: "/usr/lib/systemd/systemd-udevd"
iso.3.6.1.2.1.25.4.2.1.4.918 = ""
iso.3.6.1.2.1.25.4.2.1.4.932 = ""
iso.3.6.1.2.1.25.4.2.1.4.933 = ""
iso.3.6.1.2.1.25.4.2.1.4.935 = ""
iso.3.6.1.2.1.25.4.2.1.4.936 = ""
iso.3.6.1.2.1.25.4.2.1.4.937 = ""
iso.3.6.1.2.1.25.4.2.1.4.938 = ""
iso.3.6.1.2.1.25.4.2.1.4.939 = ""
iso.3.6.1.2.1.25.4.2.1.4.941 = ""
iso.3.6.1.2.1.25.4.2.1.4.952 = ""
iso.3.6.1.2.1.25.4.2.1.4.953 = ""
iso.3.6.1.2.1.25.4.2.1.4.976 = STRING: "/sbin/auditd"
iso.3.6.1.2.1.25.4.2.1.4.978 = STRING: "/usr/sbin/sedispatch"
iso.3.6.1.2.1.25.4.2.1.4.1011 = STRING: "/usr/sbin/irqbalance"
iso.3.6.1.2.1.25.4.2.1.4.1012 = STRING: "/usr/bin/VGAuthService"
iso.3.6.1.2.1.25.4.2.1.4.1013 = STRING: "/usr/bin/vmtoolsd"
iso.3.6.1.2.1.25.4.2.1.4.1016 = STRING: "/usr/sbin/sssd"
iso.3.6.1.2.1.25.4.2.1.4.1017 = STRING: "/usr/lib/polkit-1/polkitd"
iso.3.6.1.2.1.25.4.2.1.4.1018 = STRING: "/usr/bin/dbus-daemon"
iso.3.6.1.2.1.25.4.2.1.4.1022 = STRING: "/sbin/rngd"
iso.3.6.1.2.1.25.4.2.1.4.1027 = STRING: "/usr/sbin/chronyd"
iso.3.6.1.2.1.25.4.2.1.4.1046 = STRING: "/usr/libexec/sssd/sssd_be"
iso.3.6.1.2.1.25.4.2.1.4.1081 = STRING: "/usr/libexec/sssd/sssd_nss"
iso.3.6.1.2.1.25.4.2.1.4.1084 = STRING: "/usr/lib/systemd/systemd-logind"
iso.3.6.1.2.1.25.4.2.1.4.1087 = STRING: "/usr/libexec/platform-python"
iso.3.6.1.2.1.25.4.2.1.4.1096 = STRING: "/usr/sbin/NetworkManager"
iso.3.6.1.2.1.25.4.2.1.4.1107 = STRING: "/usr/libexec/platform-python"
iso.3.6.1.2.1.25.4.2.1.4.1108 = STRING: "/usr/sbin/sshd"
iso.3.6.1.2.1.25.4.2.1.4.1130 = STRING: "/usr/sbin/crond"
iso.3.6.1.2.1.25.4.2.1.4.1138 = STRING: "/sbin/agetty"
iso.3.6.1.2.1.25.4.2.1.4.1167 = STRING: "nginx: master process /usr/sbin/nginx"
iso.3.6.1.2.1.25.4.2.1.4.1171 = STRING: "nginx: worker process"
iso.3.6.1.2.1.25.4.2.1.4.1172 = STRING: "nginx: worker process"
iso.3.6.1.2.1.25.4.2.1.4.1209 = STRING: "/usr/libexec/mysqld"
iso.3.6.1.2.1.25.4.2.1.4.1483 = STRING: "/usr/sbin/rsyslogd"
iso.3.6.1.2.1.25.4.2.1.4.1486 = STRING: "/usr/sbin/snmpd"
iso.3.6.1.2.1.25.4.2.1.4.1620 = STRING: "/usr/libexec/cockpit-tls"
iso.3.6.1.2.1.25.4.2.1.4.1628 = STRING: "/usr/libexec/cockpit-ws"
iso.3.6.1.2.1.25.4.2.1.4.1686 = STRING: "/usr/libexec/cockpit-session"
iso.3.6.1.2.1.25.4.2.1.4.1691 = STRING: "/usr/bin/ssh-agent"
iso.3.6.1.2.1.25.4.2.1.4.1694 = STRING: "/usr/lib/systemd/systemd"
iso.3.6.1.2.1.25.4.2.1.4.1698 = STRING: "(sd-pam)"
iso.3.6.1.2.1.25.4.2.1.4.1704 = STRING: "cockpit-bridge"
iso.3.6.1.2.1.25.4.2.1.4.1745 = STRING: "/usr/sbin/timedatex"
iso.3.6.1.2.1.25.4.2.1.4.1752 = STRING: "/usr/libexec/packagekitd"
iso.3.6.1.2.1.25.4.2.1.4.1768 = STRING: "/bin/bash"
iso.3.6.1.2.1.25.4.2.1.4.2894 = STRING: "/usr/sbin/anacron"
iso.3.6.1.2.1.25.4.2.1.4.3040 = ""
iso.3.6.1.2.1.25.4.2.1.4.3387 = ""
iso.3.6.1.2.1.25.4.2.1.4.3390 = ""
iso.3.6.1.2.1.25.4.2.1.4.3634 = STRING: "sshd: root [priv]"
iso.3.6.1.2.1.25.4.2.1.4.3642 = STRING: "/usr/lib/systemd/systemd"
iso.3.6.1.2.1.25.4.2.1.4.3645 = STRING: "(sd-pam)"
iso.3.6.1.2.1.25.4.2.1.4.3647 = ""
iso.3.6.1.2.1.25.4.2.1.4.3653 = STRING: "sshd: root@pts/1"
iso.3.6.1.2.1.25.4.2.1.4.3661 = STRING: "-bash"
iso.3.6.1.2.1.25.4.2.1.4.3848 = ""
iso.3.6.1.2.1.25.4.2.1.4.3957 = STRING: "php-fpm: master process (/etc/php-fpm.conf)"
iso.3.6.1.2.1.25.4.2.1.4.3958 = STRING: "php-fpm: pool www"
iso.3.6.1.2.1.25.4.2.1.4.3959 = STRING: "php-fpm: pool www"
iso.3.6.1.2.1.25.4.2.1.4.3960 = STRING: "php-fpm: pool www"
iso.3.6.1.2.1.25.4.2.1.4.3961 = STRING: "php-fpm: pool www"
iso.3.6.1.2.1.25.4.2.1.4.3962 = STRING: "php-fpm: pool www"
iso.3.6.1.2.1.25.4.2.1.5.1 = STRING: "--switched-root --system --deserialize 17"
iso.3.6.1.2.1.25.4.2.1.5.2 = ""
iso.3.6.1.2.1.25.4.2.1.5.3 = ""
iso.3.6.1.2.1.25.4.2.1.5.4 = ""
iso.3.6.1.2.1.25.4.2.1.5.6 = ""
iso.3.6.1.2.1.25.4.2.1.5.9 = ""
iso.3.6.1.2.1.25.4.2.1.5.10 = ""
iso.3.6.1.2.1.25.4.2.1.5.11 = ""
iso.3.6.1.2.1.25.4.2.1.5.12 = ""
iso.3.6.1.2.1.25.4.2.1.5.13 = ""
iso.3.6.1.2.1.25.4.2.1.5.14 = ""
iso.3.6.1.2.1.25.4.2.1.5.15 = ""
iso.3.6.1.2.1.25.4.2.1.5.16 = ""
iso.3.6.1.2.1.25.4.2.1.5.17 = ""
iso.3.6.1.2.1.25.4.2.1.5.18 = ""
iso.3.6.1.2.1.25.4.2.1.5.20 = ""
iso.3.6.1.2.1.25.4.2.1.5.23 = ""
iso.3.6.1.2.1.25.4.2.1.5.24 = ""
iso.3.6.1.2.1.25.4.2.1.5.25 = ""
iso.3.6.1.2.1.25.4.2.1.5.26 = ""
iso.3.6.1.2.1.25.4.2.1.5.27 = ""
iso.3.6.1.2.1.25.4.2.1.5.28 = ""
iso.3.6.1.2.1.25.4.2.1.5.29 = ""
iso.3.6.1.2.1.25.4.2.1.5.30 = ""
iso.3.6.1.2.1.25.4.2.1.5.31 = ""
iso.3.6.1.2.1.25.4.2.1.5.32 = ""
iso.3.6.1.2.1.25.4.2.1.5.33 = ""
iso.3.6.1.2.1.25.4.2.1.5.34 = ""
iso.3.6.1.2.1.25.4.2.1.5.35 = ""
iso.3.6.1.2.1.25.4.2.1.5.36 = ""
iso.3.6.1.2.1.25.4.2.1.5.37 = ""
iso.3.6.1.2.1.25.4.2.1.5.38 = ""
iso.3.6.1.2.1.25.4.2.1.5.39 = ""
iso.3.6.1.2.1.25.4.2.1.5.40 = ""
iso.3.6.1.2.1.25.4.2.1.5.61 = ""
iso.3.6.1.2.1.25.4.2.1.5.155 = ""
iso.3.6.1.2.1.25.4.2.1.5.156 = ""
iso.3.6.1.2.1.25.4.2.1.5.157 = ""
iso.3.6.1.2.1.25.4.2.1.5.158 = ""
iso.3.6.1.2.1.25.4.2.1.5.159 = ""
iso.3.6.1.2.1.25.4.2.1.5.160 = ""
iso.3.6.1.2.1.25.4.2.1.5.161 = ""
iso.3.6.1.2.1.25.4.2.1.5.162 = ""
iso.3.6.1.2.1.25.4.2.1.5.163 = ""
iso.3.6.1.2.1.25.4.2.1.5.164 = ""
iso.3.6.1.2.1.25.4.2.1.5.165 = ""
iso.3.6.1.2.1.25.4.2.1.5.166 = ""
iso.3.6.1.2.1.25.4.2.1.5.167 = ""
iso.3.6.1.2.1.25.4.2.1.5.168 = ""
iso.3.6.1.2.1.25.4.2.1.5.169 = ""
iso.3.6.1.2.1.25.4.2.1.5.170 = ""
iso.3.6.1.2.1.25.4.2.1.5.171 = ""
iso.3.6.1.2.1.25.4.2.1.5.172 = ""
iso.3.6.1.2.1.25.4.2.1.5.173 = ""
iso.3.6.1.2.1.25.4.2.1.5.174 = ""
iso.3.6.1.2.1.25.4.2.1.5.175 = ""
iso.3.6.1.2.1.25.4.2.1.5.176 = ""
iso.3.6.1.2.1.25.4.2.1.5.177 = ""
iso.3.6.1.2.1.25.4.2.1.5.178 = ""
iso.3.6.1.2.1.25.4.2.1.5.179 = ""
iso.3.6.1.2.1.25.4.2.1.5.180 = ""
iso.3.6.1.2.1.25.4.2.1.5.181 = ""
iso.3.6.1.2.1.25.4.2.1.5.182 = ""
iso.3.6.1.2.1.25.4.2.1.5.183 = ""
iso.3.6.1.2.1.25.4.2.1.5.184 = ""
iso.3.6.1.2.1.25.4.2.1.5.185 = ""
iso.3.6.1.2.1.25.4.2.1.5.186 = ""
iso.3.6.1.2.1.25.4.2.1.5.187 = ""
iso.3.6.1.2.1.25.4.2.1.5.188 = ""
iso.3.6.1.2.1.25.4.2.1.5.189 = ""
iso.3.6.1.2.1.25.4.2.1.5.190 = ""
iso.3.6.1.2.1.25.4.2.1.5.192 = ""
iso.3.6.1.2.1.25.4.2.1.5.193 = ""
iso.3.6.1.2.1.25.4.2.1.5.194 = ""
iso.3.6.1.2.1.25.4.2.1.5.514 = ""
iso.3.6.1.2.1.25.4.2.1.5.517 = ""
iso.3.6.1.2.1.25.4.2.1.5.518 = ""
iso.3.6.1.2.1.25.4.2.1.5.520 = ""
iso.3.6.1.2.1.25.4.2.1.5.521 = ""
iso.3.6.1.2.1.25.4.2.1.5.522 = ""
iso.3.6.1.2.1.25.4.2.1.5.523 = ""
iso.3.6.1.2.1.25.4.2.1.5.524 = ""
iso.3.6.1.2.1.25.4.2.1.5.525 = ""
iso.3.6.1.2.1.25.4.2.1.5.526 = ""
iso.3.6.1.2.1.25.4.2.1.5.527 = ""
iso.3.6.1.2.1.25.4.2.1.5.528 = ""
iso.3.6.1.2.1.25.4.2.1.5.529 = ""
iso.3.6.1.2.1.25.4.2.1.5.530 = ""
iso.3.6.1.2.1.25.4.2.1.5.531 = ""
iso.3.6.1.2.1.25.4.2.1.5.532 = ""
iso.3.6.1.2.1.25.4.2.1.5.533 = ""
iso.3.6.1.2.1.25.4.2.1.5.534 = ""
iso.3.6.1.2.1.25.4.2.1.5.535 = ""
iso.3.6.1.2.1.25.4.2.1.5.536 = ""
iso.3.6.1.2.1.25.4.2.1.5.537 = ""
iso.3.6.1.2.1.25.4.2.1.5.538 = ""
iso.3.6.1.2.1.25.4.2.1.5.539 = ""
iso.3.6.1.2.1.25.4.2.1.5.540 = ""
iso.3.6.1.2.1.25.4.2.1.5.541 = ""
iso.3.6.1.2.1.25.4.2.1.5.542 = ""
iso.3.6.1.2.1.25.4.2.1.5.543 = ""
iso.3.6.1.2.1.25.4.2.1.5.544 = ""
iso.3.6.1.2.1.25.4.2.1.5.545 = ""
iso.3.6.1.2.1.25.4.2.1.5.546 = ""
iso.3.6.1.2.1.25.4.2.1.5.547 = ""
iso.3.6.1.2.1.25.4.2.1.5.548 = ""
iso.3.6.1.2.1.25.4.2.1.5.549 = ""
iso.3.6.1.2.1.25.4.2.1.5.550 = ""
iso.3.6.1.2.1.25.4.2.1.5.551 = ""
iso.3.6.1.2.1.25.4.2.1.5.552 = ""
iso.3.6.1.2.1.25.4.2.1.5.553 = ""
iso.3.6.1.2.1.25.4.2.1.5.554 = ""
iso.3.6.1.2.1.25.4.2.1.5.555 = ""
iso.3.6.1.2.1.25.4.2.1.5.556 = ""
iso.3.6.1.2.1.25.4.2.1.5.557 = ""
iso.3.6.1.2.1.25.4.2.1.5.558 = ""
iso.3.6.1.2.1.25.4.2.1.5.559 = ""
iso.3.6.1.2.1.25.4.2.1.5.560 = ""
iso.3.6.1.2.1.25.4.2.1.5.561 = ""
iso.3.6.1.2.1.25.4.2.1.5.563 = ""
iso.3.6.1.2.1.25.4.2.1.5.565 = ""
iso.3.6.1.2.1.25.4.2.1.5.566 = ""
iso.3.6.1.2.1.25.4.2.1.5.567 = ""
iso.3.6.1.2.1.25.4.2.1.5.568 = ""
iso.3.6.1.2.1.25.4.2.1.5.569 = ""
iso.3.6.1.2.1.25.4.2.1.5.570 = ""
iso.3.6.1.2.1.25.4.2.1.5.571 = ""
iso.3.6.1.2.1.25.4.2.1.5.572 = ""
iso.3.6.1.2.1.25.4.2.1.5.573 = ""
iso.3.6.1.2.1.25.4.2.1.5.574 = ""
iso.3.6.1.2.1.25.4.2.1.5.575 = ""
iso.3.6.1.2.1.25.4.2.1.5.576 = ""
iso.3.6.1.2.1.25.4.2.1.5.577 = ""
iso.3.6.1.2.1.25.4.2.1.5.578 = ""
iso.3.6.1.2.1.25.4.2.1.5.579 = ""
iso.3.6.1.2.1.25.4.2.1.5.580 = ""
iso.3.6.1.2.1.25.4.2.1.5.581 = ""
iso.3.6.1.2.1.25.4.2.1.5.582 = ""
iso.3.6.1.2.1.25.4.2.1.5.583 = ""
iso.3.6.1.2.1.25.4.2.1.5.584 = ""
iso.3.6.1.2.1.25.4.2.1.5.585 = ""
iso.3.6.1.2.1.25.4.2.1.5.586 = ""
iso.3.6.1.2.1.25.4.2.1.5.587 = ""
iso.3.6.1.2.1.25.4.2.1.5.588 = ""
iso.3.6.1.2.1.25.4.2.1.5.589 = ""
iso.3.6.1.2.1.25.4.2.1.5.590 = ""
iso.3.6.1.2.1.25.4.2.1.5.591 = ""
iso.3.6.1.2.1.25.4.2.1.5.592 = ""
iso.3.6.1.2.1.25.4.2.1.5.593 = ""
iso.3.6.1.2.1.25.4.2.1.5.594 = ""
iso.3.6.1.2.1.25.4.2.1.5.595 = ""
iso.3.6.1.2.1.25.4.2.1.5.596 = ""
iso.3.6.1.2.1.25.4.2.1.5.597 = ""
iso.3.6.1.2.1.25.4.2.1.5.622 = ""
iso.3.6.1.2.1.25.4.2.1.5.685 = ""
iso.3.6.1.2.1.25.4.2.1.5.694 = ""
iso.3.6.1.2.1.25.4.2.1.5.719 = ""
iso.3.6.1.2.1.25.4.2.1.5.720 = ""
iso.3.6.1.2.1.25.4.2.1.5.721 = ""
iso.3.6.1.2.1.25.4.2.1.5.722 = ""
iso.3.6.1.2.1.25.4.2.1.5.723 = ""
iso.3.6.1.2.1.25.4.2.1.5.724 = ""
iso.3.6.1.2.1.25.4.2.1.5.725 = ""
iso.3.6.1.2.1.25.4.2.1.5.726 = ""
iso.3.6.1.2.1.25.4.2.1.5.727 = ""
iso.3.6.1.2.1.25.4.2.1.5.821 = ""
iso.3.6.1.2.1.25.4.2.1.5.857 = ""
iso.3.6.1.2.1.25.4.2.1.5.918 = ""
iso.3.6.1.2.1.25.4.2.1.5.932 = ""
iso.3.6.1.2.1.25.4.2.1.5.933 = ""
iso.3.6.1.2.1.25.4.2.1.5.935 = ""
iso.3.6.1.2.1.25.4.2.1.5.936 = ""
iso.3.6.1.2.1.25.4.2.1.5.937 = ""
iso.3.6.1.2.1.25.4.2.1.5.938 = ""
iso.3.6.1.2.1.25.4.2.1.5.939 = ""
iso.3.6.1.2.1.25.4.2.1.5.941 = ""
iso.3.6.1.2.1.25.4.2.1.5.952 = ""
iso.3.6.1.2.1.25.4.2.1.5.953 = ""
iso.3.6.1.2.1.25.4.2.1.5.976 = ""
iso.3.6.1.2.1.25.4.2.1.5.978 = ""
iso.3.6.1.2.1.25.4.2.1.5.1011 = STRING: "--foreground"
iso.3.6.1.2.1.25.4.2.1.5.1012 = STRING: "-s"
iso.3.6.1.2.1.25.4.2.1.5.1013 = ""
iso.3.6.1.2.1.25.4.2.1.5.1016 = STRING: "-i --logger=files"
iso.3.6.1.2.1.25.4.2.1.5.1017 = STRING: "--no-debug"
iso.3.6.1.2.1.25.4.2.1.5.1018 = STRING: "--system --address=systemd: --nofork --nopidfile --systemd-activation --syslog-only"
iso.3.6.1.2.1.25.4.2.1.5.1022 = STRING: "-f --fill-watermark=0"
iso.3.6.1.2.1.25.4.2.1.5.1027 = ""
iso.3.6.1.2.1.25.4.2.1.5.1046 = STRING: "--domain implicit_files --uid 0 --gid 0 --logger=files"
iso.3.6.1.2.1.25.4.2.1.5.1081 = STRING: "--uid 0 --gid 0 --logger=files"
iso.3.6.1.2.1.25.4.2.1.5.1084 = ""
iso.3.6.1.2.1.25.4.2.1.5.1087 = STRING: "-s /usr/sbin/firewalld --nofork --nopid"
iso.3.6.1.2.1.25.4.2.1.5.1096 = STRING: "--no-daemon"
iso.3.6.1.2.1.25.4.2.1.5.1107 = STRING: "-Es /usr/sbin/tuned -l -P"
iso.3.6.1.2.1.25.4.2.1.5.1108 = STRING: "-D -oCiphers=aes256-gcm@openssh.com,chacha20-poly1305@openssh.com,aes256-ctr,aes256-cbc,aes128-gcm@openssh.com,aes128-ctr,aes128"
iso.3.6.1.2.1.25.4.2.1.5.1130 = STRING: "-n"
iso.3.6.1.2.1.25.4.2.1.5.1138 = STRING: "-o -p -- \\u --noclear tty1 linux"
iso.3.6.1.2.1.25.4.2.1.5.1167 = ""
iso.3.6.1.2.1.25.4.2.1.5.1171 = ""
iso.3.6.1.2.1.25.4.2.1.5.1172 = ""
iso.3.6.1.2.1.25.4.2.1.5.1209 = STRING: "--basedir=/usr"
iso.3.6.1.2.1.25.4.2.1.5.1483 = STRING: "-n"
iso.3.6.1.2.1.25.4.2.1.5.1486 = STRING: "-LS0-6d -f"
iso.3.6.1.2.1.25.4.2.1.5.1620 = ""
iso.3.6.1.2.1.25.4.2.1.5.1628 = STRING: "--for-tls-proxy --port=0"
iso.3.6.1.2.1.25.4.2.1.5.1686 = STRING: "localhost"
iso.3.6.1.2.1.25.4.2.1.5.1691 = ""
iso.3.6.1.2.1.25.4.2.1.5.1694 = STRING: "--user"
iso.3.6.1.2.1.25.4.2.1.5.1698 = ""
iso.3.6.1.2.1.25.4.2.1.5.1704 = ""
iso.3.6.1.2.1.25.4.2.1.5.1745 = ""
iso.3.6.1.2.1.25.4.2.1.5.1752 = ""
iso.3.6.1.2.1.25.4.2.1.5.1768 = ""
iso.3.6.1.2.1.25.4.2.1.5.2894 = STRING: "-s"
iso.3.6.1.2.1.25.4.2.1.5.3040 = ""
iso.3.6.1.2.1.25.4.2.1.5.3387 = ""
iso.3.6.1.2.1.25.4.2.1.5.3390 = ""
iso.3.6.1.2.1.25.4.2.1.5.3634 = ""
iso.3.6.1.2.1.25.4.2.1.5.3642 = STRING: "--user"
iso.3.6.1.2.1.25.4.2.1.5.3645 = ""
iso.3.6.1.2.1.25.4.2.1.5.3647 = ""
iso.3.6.1.2.1.25.4.2.1.5.3653 = ""
iso.3.6.1.2.1.25.4.2.1.5.3661 = ""
iso.3.6.1.2.1.25.4.2.1.5.3848 = ""
iso.3.6.1.2.1.25.4.2.1.5.3957 = ""
iso.3.6.1.2.1.25.4.2.1.5.3958 = ""
iso.3.6.1.2.1.25.4.2.1.5.3959 = ""
iso.3.6.1.2.1.25.4.2.1.5.3960 = ""
iso.3.6.1.2.1.25.4.2.1.5.3961 = ""
iso.3.6.1.2.1.25.4.2.1.5.3962 = ""
iso.3.6.1.2.1.25.4.2.1.5.4046 = ""
iso.3.6.1.2.1.25.4.2.1.6.1 = INTEGER: 4
iso.3.6.1.2.1.25.4.2.1.6.2 = INTEGER: 2
iso.3.6.1.2.1.25.4.2.1.6.3 = INTEGER: 2
iso.3.6.1.2.1.25.4.2.1.6.4 = INTEGER: 2
iso.3.6.1.2.1.25.4.2.1.6.6 = INTEGER: 2
iso.3.6.1.2.1.25.4.2.1.6.9 = INTEGER: 2
iso.3.6.1.2.1.25.4.2.1.6.10 = INTEGER: 2
iso.3.6.1.2.1.25.4.2.1.6.11 = INTEGER: 2
iso.3.6.1.2.1.25.4.2.1.6.12 = INTEGER: 2
iso.3.6.1.2.1.25.4.2.1.6.13 = INTEGER: 2
iso.3.6.1.2.1.25.4.2.1.6.14 = INTEGER: 2
iso.3.6.1.2.1.25.4.2.1.6.15 = INTEGER: 2
iso.3.6.1.2.1.25.4.2.1.6.16 = INTEGER: 2
iso.3.6.1.2.1.25.4.2.1.6.17 = INTEGER: 2
iso.3.6.1.2.1.25.4.2.1.6.18 = INTEGER: 2
iso.3.6.1.2.1.25.4.2.1.6.20 = INTEGER: 2
iso.3.6.1.2.1.25.4.2.1.6.23 = INTEGER: 2
iso.3.6.1.2.1.25.4.2.1.6.24 = INTEGER: 2
iso.3.6.1.2.1.25.4.2.1.6.25 = INTEGER: 2
iso.3.6.1.2.1.25.4.2.1.6.26 = INTEGER: 2
iso.3.6.1.2.1.25.4.2.1.6.27 = INTEGER: 2
iso.3.6.1.2.1.25.4.2.1.6.28 = INTEGER: 2
iso.3.6.1.2.1.25.4.2.1.6.29 = INTEGER: 2
iso.3.6.1.2.1.25.4.2.1.6.30 = INTEGER: 2
iso.3.6.1.2.1.25.4.2.1.6.31 = INTEGER: 2
iso.3.6.1.2.1.25.4.2.1.6.32 = INTEGER: 2
iso.3.6.1.2.1.25.4.2.1.6.33 = INTEGER: 2
iso.3.6.1.2.1.25.4.2.1.6.34 = INTEGER: 2
iso.3.6.1.2.1.25.4.2.1.6.35 = INTEGER: 2
iso.3.6.1.2.1.25.4.2.1.6.36 = INTEGER: 2
iso.3.6.1.2.1.25.4.2.1.6.37 = INTEGER: 2
iso.3.6.1.2.1.25.4.2.1.6.38 = INTEGER: 2
iso.3.6.1.2.1.25.4.2.1.6.39 = INTEGER: 2
iso.3.6.1.2.1.25.4.2.1.6.40 = INTEGER: 2
iso.3.6.1.2.1.25.4.2.1.6.61 = INTEGER: 2
iso.3.6.1.2.1.25.4.2.1.6.155 = INTEGER: 2
iso.3.6.1.2.1.25.4.2.1.6.156 = INTEGER: 2
iso.3.6.1.2.1.25.4.2.1.6.157 = INTEGER: 2
iso.3.6.1.2.1.25.4.2.1.6.158 = INTEGER: 2
iso.3.6.1.2.1.25.4.2.1.6.159 = INTEGER: 2
iso.3.6.1.2.1.25.4.2.1.6.160 = INTEGER: 2
iso.3.6.1.2.1.25.4.2.1.6.161 = INTEGER: 2
iso.3.6.1.2.1.25.4.2.1.6.162 = INTEGER: 2
iso.3.6.1.2.1.25.4.2.1.6.163 = INTEGER: 2
iso.3.6.1.2.1.25.4.2.1.6.164 = INTEGER: 2
iso.3.6.1.2.1.25.4.2.1.6.165 = INTEGER: 2
iso.3.6.1.2.1.25.4.2.1.6.166 = INTEGER: 2
iso.3.6.1.2.1.25.4.2.1.6.167 = INTEGER: 2
iso.3.6.1.2.1.25.4.2.1.6.168 = INTEGER: 2
iso.3.6.1.2.1.25.4.2.1.6.169 = INTEGER: 2
iso.3.6.1.2.1.25.4.2.1.6.170 = INTEGER: 2
iso.3.6.1.2.1.25.4.2.1.6.171 = INTEGER: 2
iso.3.6.1.2.1.25.4.2.1.6.172 = INTEGER: 2
iso.3.6.1.2.1.25.4.2.1.6.173 = INTEGER: 2
iso.3.6.1.2.1.25.4.2.1.6.174 = INTEGER: 2
iso.3.6.1.2.1.25.4.2.1.6.175 = INTEGER: 2
iso.3.6.1.2.1.25.4.2.1.6.176 = INTEGER: 2
iso.3.6.1.2.1.25.4.2.1.6.177 = INTEGER: 2
iso.3.6.1.2.1.25.4.2.1.6.178 = INTEGER: 2
iso.3.6.1.2.1.25.4.2.1.6.179 = INTEGER: 2
iso.3.6.1.2.1.25.4.2.1.6.180 = INTEGER: 2
iso.3.6.1.2.1.25.4.2.1.6.181 = INTEGER: 2
iso.3.6.1.2.1.25.4.2.1.6.182 = INTEGER: 2
iso.3.6.1.2.1.25.4.2.1.6.183 = INTEGER: 2
iso.3.6.1.2.1.25.4.2.1.6.184 = INTEGER: 2
iso.3.6.1.2.1.25.4.2.1.6.185 = INTEGER: 2
iso.3.6.1.2.1.25.4.2.1.6.186 = INTEGER: 2
iso.3.6.1.2.1.25.4.2.1.6.187 = INTEGER: 2
iso.3.6.1.2.1.25.4.2.1.6.188 = INTEGER: 2
iso.3.6.1.2.1.25.4.2.1.6.189 = INTEGER: 2
iso.3.6.1.2.1.25.4.2.1.6.190 = INTEGER: 2
iso.3.6.1.2.1.25.4.2.1.6.192 = INTEGER: 2
iso.3.6.1.2.1.25.4.2.1.6.193 = INTEGER: 2
iso.3.6.1.2.1.25.4.2.1.6.194 = INTEGER: 2
iso.3.6.1.2.1.25.4.2.1.6.514 = INTEGER: 2
iso.3.6.1.2.1.25.4.2.1.6.517 = INTEGER: 2
iso.3.6.1.2.1.25.4.2.1.6.518 = INTEGER: 2
iso.3.6.1.2.1.25.4.2.1.6.520 = INTEGER: 2
iso.3.6.1.2.1.25.4.2.1.6.521 = INTEGER: 2
iso.3.6.1.2.1.25.4.2.1.6.522 = INTEGER: 2
iso.3.6.1.2.1.25.4.2.1.6.523 = INTEGER: 2
iso.3.6.1.2.1.25.4.2.1.6.524 = INTEGER: 2
iso.3.6.1.2.1.25.4.2.1.6.525 = INTEGER: 2
iso.3.6.1.2.1.25.4.2.1.6.526 = INTEGER: 2
iso.3.6.1.2.1.25.4.2.1.6.527 = INTEGER: 2
iso.3.6.1.2.1.25.4.2.1.6.528 = INTEGER: 2
iso.3.6.1.2.1.25.4.2.1.6.529 = INTEGER: 2
iso.3.6.1.2.1.25.4.2.1.6.530 = INTEGER: 2
iso.3.6.1.2.1.25.4.2.1.6.531 = INTEGER: 2
iso.3.6.1.2.1.25.4.2.1.6.532 = INTEGER: 2
iso.3.6.1.2.1.25.4.2.1.6.533 = INTEGER: 2
iso.3.6.1.2.1.25.4.2.1.6.534 = INTEGER: 2
iso.3.6.1.2.1.25.4.2.1.6.535 = INTEGER: 2
iso.3.6.1.2.1.25.4.2.1.6.536 = INTEGER: 2
iso.3.6.1.2.1.25.4.2.1.6.537 = INTEGER: 2
iso.3.6.1.2.1.25.4.2.1.6.538 = INTEGER: 2
iso.3.6.1.2.1.25.4.2.1.6.539 = INTEGER: 2
iso.3.6.1.2.1.25.4.2.1.6.540 = INTEGER: 2
iso.3.6.1.2.1.25.4.2.1.6.541 = INTEGER: 2
iso.3.6.1.2.1.25.4.2.1.6.542 = INTEGER: 2
iso.3.6.1.2.1.25.4.2.1.6.543 = INTEGER: 2
iso.3.6.1.2.1.25.4.2.1.6.544 = INTEGER: 2
iso.3.6.1.2.1.25.4.2.1.6.545 = INTEGER: 2
iso.3.6.1.2.1.25.4.2.1.6.546 = INTEGER: 2
iso.3.6.1.2.1.25.4.2.1.6.547 = INTEGER: 2
iso.3.6.1.2.1.25.4.2.1.6.548 = INTEGER: 2
iso.3.6.1.2.1.25.4.2.1.6.549 = INTEGER: 2
iso.3.6.1.2.1.25.4.2.1.6.550 = INTEGER: 2
iso.3.6.1.2.1.25.4.2.1.6.551 = INTEGER: 2
iso.3.6.1.2.1.25.4.2.1.6.552 = INTEGER: 2
iso.3.6.1.2.1.25.4.2.1.6.553 = INTEGER: 2
iso.3.6.1.2.1.25.4.2.1.6.554 = INTEGER: 2
iso.3.6.1.2.1.25.4.2.1.6.555 = INTEGER: 2
iso.3.6.1.2.1.25.4.2.1.6.556 = INTEGER: 2
iso.3.6.1.2.1.25.4.2.1.6.557 = INTEGER: 2
iso.3.6.1.2.1.25.4.2.1.6.558 = INTEGER: 2
iso.3.6.1.2.1.25.4.2.1.6.559 = INTEGER: 2
iso.3.6.1.2.1.25.4.2.1.6.560 = INTEGER: 2
iso.3.6.1.2.1.25.4.2.1.6.561 = INTEGER: 2
iso.3.6.1.2.1.25.4.2.1.6.563 = INTEGER: 2
iso.3.6.1.2.1.25.4.2.1.6.565 = INTEGER: 2
iso.3.6.1.2.1.25.4.2.1.6.566 = INTEGER: 2
iso.3.6.1.2.1.25.4.2.1.6.567 = INTEGER: 2
iso.3.6.1.2.1.25.4.2.1.6.568 = INTEGER: 2
iso.3.6.1.2.1.25.4.2.1.6.569 = INTEGER: 2
iso.3.6.1.2.1.25.4.2.1.6.570 = INTEGER: 2
iso.3.6.1.2.1.25.4.2.1.6.571 = INTEGER: 2
iso.3.6.1.2.1.25.4.2.1.6.572 = INTEGER: 2
iso.3.6.1.2.1.25.4.2.1.6.573 = INTEGER: 2
iso.3.6.1.2.1.25.4.2.1.6.574 = INTEGER: 2
iso.3.6.1.2.1.25.4.2.1.6.575 = INTEGER: 2
iso.3.6.1.2.1.25.4.2.1.6.576 = INTEGER: 2
iso.3.6.1.2.1.25.4.2.1.6.577 = INTEGER: 2
iso.3.6.1.2.1.25.4.2.1.6.578 = INTEGER: 2
iso.3.6.1.2.1.25.4.2.1.6.579 = INTEGER: 2
iso.3.6.1.2.1.25.4.2.1.6.580 = INTEGER: 2
iso.3.6.1.2.1.25.4.2.1.6.581 = INTEGER: 2
iso.3.6.1.2.1.25.4.2.1.6.582 = INTEGER: 2
iso.3.6.1.2.1.25.4.2.1.6.583 = INTEGER: 2
iso.3.6.1.2.1.25.4.2.1.6.584 = INTEGER: 2
iso.3.6.1.2.1.25.4.2.1.6.585 = INTEGER: 2
iso.3.6.1.2.1.25.4.2.1.6.586 = INTEGER: 2
iso.3.6.1.2.1.25.4.2.1.6.587 = INTEGER: 2
iso.3.6.1.2.1.25.4.2.1.6.588 = INTEGER: 2
iso.3.6.1.2.1.25.4.2.1.6.589 = INTEGER: 2
iso.3.6.1.2.1.25.4.2.1.6.590 = INTEGER: 2
iso.3.6.1.2.1.25.4.2.1.6.591 = INTEGER: 2
iso.3.6.1.2.1.25.4.2.1.6.592 = INTEGER: 2
iso.3.6.1.2.1.25.4.2.1.6.593 = INTEGER: 2
iso.3.6.1.2.1.25.4.2.1.6.594 = INTEGER: 2
iso.3.6.1.2.1.25.4.2.1.6.595 = INTEGER: 2
iso.3.6.1.2.1.25.4.2.1.6.596 = INTEGER: 2
iso.3.6.1.2.1.25.4.2.1.6.597 = INTEGER: 2
iso.3.6.1.2.1.25.4.2.1.6.622 = INTEGER: 2
iso.3.6.1.2.1.25.4.2.1.6.685 = INTEGER: 2
iso.3.6.1.2.1.25.4.2.1.6.694 = INTEGER: 2
iso.3.6.1.2.1.25.4.2.1.6.719 = INTEGER: 2
iso.3.6.1.2.1.25.4.2.1.6.720 = INTEGER: 2
iso.3.6.1.2.1.25.4.2.1.6.721 = INTEGER: 2
iso.3.6.1.2.1.25.4.2.1.6.722 = INTEGER: 2
iso.3.6.1.2.1.25.4.2.1.6.723 = INTEGER: 2
iso.3.6.1.2.1.25.4.2.1.6.724 = INTEGER: 2
iso.3.6.1.2.1.25.4.2.1.6.725 = INTEGER: 2
iso.3.6.1.2.1.25.4.2.1.6.726 = INTEGER: 2
iso.3.6.1.2.1.25.4.2.1.6.727 = INTEGER: 2
iso.3.6.1.2.1.25.4.2.1.6.821 = INTEGER: 4
iso.3.6.1.2.1.25.4.2.1.6.857 = INTEGER: 4
iso.3.6.1.2.1.25.4.2.1.6.918 = INTEGER: 2
iso.3.6.1.2.1.25.4.2.1.6.932 = INTEGER: 2
iso.3.6.1.2.1.25.4.2.1.6.933 = INTEGER: 2
iso.3.6.1.2.1.25.4.2.1.6.935 = INTEGER: 2
iso.3.6.1.2.1.25.4.2.1.6.936 = INTEGER: 2
iso.3.6.1.2.1.25.4.2.1.6.937 = INTEGER: 2
iso.3.6.1.2.1.25.4.2.1.6.938 = INTEGER: 2
iso.3.6.1.2.1.25.4.2.1.6.939 = INTEGER: 2
iso.3.6.1.2.1.25.4.2.1.6.941 = INTEGER: 2
iso.3.6.1.2.1.25.4.2.1.6.952 = INTEGER: 2
iso.3.6.1.2.1.25.4.2.1.6.953 = INTEGER: 2
iso.3.6.1.2.1.25.4.2.1.6.976 = INTEGER: 4
iso.3.6.1.2.1.25.4.2.1.6.978 = INTEGER: 4
iso.3.6.1.2.1.25.4.2.1.6.1011 = INTEGER: 4
iso.3.6.1.2.1.25.4.2.1.6.1012 = INTEGER: 4
iso.3.6.1.2.1.25.4.2.1.6.1013 = INTEGER: 4
iso.3.6.1.2.1.25.4.2.1.6.1016 = INTEGER: 4
iso.3.6.1.2.1.25.4.2.1.6.1017 = INTEGER: 4
iso.3.6.1.2.1.25.4.2.1.6.1018 = INTEGER: 4
iso.3.6.1.2.1.25.4.2.1.6.1022 = INTEGER: 4
iso.3.6.1.2.1.25.4.2.1.6.1027 = INTEGER: 4
iso.3.6.1.2.1.25.4.2.1.6.1046 = INTEGER: 4
iso.3.6.1.2.1.25.4.2.1.6.1081 = INTEGER: 4
iso.3.6.1.2.1.25.4.2.1.6.1084 = INTEGER: 4
iso.3.6.1.2.1.25.4.2.1.6.1087 = INTEGER: 4
iso.3.6.1.2.1.25.4.2.1.6.1096 = INTEGER: 4
iso.3.6.1.2.1.25.4.2.1.6.1107 = INTEGER: 4
iso.3.6.1.2.1.25.4.2.1.6.1108 = INTEGER: 4
iso.3.6.1.2.1.25.4.2.1.6.1130 = INTEGER: 4
iso.3.6.1.2.1.25.4.2.1.6.1138 = INTEGER: 4
iso.3.6.1.2.1.25.4.2.1.6.1167 = INTEGER: 4
iso.3.6.1.2.1.25.4.2.1.6.1171 = INTEGER: 4
iso.3.6.1.2.1.25.4.2.1.6.1172 = INTEGER: 4
iso.3.6.1.2.1.25.4.2.1.6.1209 = INTEGER: 4
iso.3.6.1.2.1.25.4.2.1.6.1483 = INTEGER: 4
iso.3.6.1.2.1.25.4.2.1.6.1486 = INTEGER: 4
iso.3.6.1.2.1.25.4.2.1.6.1620 = INTEGER: 4
iso.3.6.1.2.1.25.4.2.1.6.1628 = INTEGER: 4
iso.3.6.1.2.1.25.4.2.1.6.1686 = INTEGER: 4
iso.3.6.1.2.1.25.4.2.1.6.1691 = INTEGER: 4
iso.3.6.1.2.1.25.4.2.1.6.1694 = INTEGER: 4
iso.3.6.1.2.1.25.4.2.1.6.1698 = INTEGER: 4
iso.3.6.1.2.1.25.4.2.1.6.1704 = INTEGER: 4
iso.3.6.1.2.1.25.4.2.1.6.1745 = INTEGER: 4
iso.3.6.1.2.1.25.4.2.1.6.1752 = INTEGER: 4
iso.3.6.1.2.1.25.4.2.1.6.1768 = INTEGER: 4
iso.3.6.1.2.1.25.4.2.1.6.2894 = INTEGER: 4
iso.3.6.1.2.1.25.4.2.1.6.3040 = INTEGER: 2
iso.3.6.1.2.1.25.4.2.1.6.3387 = INTEGER: 2
iso.3.6.1.2.1.25.4.2.1.6.3390 = INTEGER: 2
iso.3.6.1.2.1.25.4.2.1.6.3634 = INTEGER: 4
iso.3.6.1.2.1.25.4.2.1.6.3642 = INTEGER: 4
iso.3.6.1.2.1.25.4.2.1.6.3645 = INTEGER: 4
iso.3.6.1.2.1.25.4.2.1.6.3647 = INTEGER: 2
iso.3.6.1.2.1.25.4.2.1.6.3653 = INTEGER: 4
iso.3.6.1.2.1.25.4.2.1.6.3661 = INTEGER: 4
iso.3.6.1.2.1.25.4.2.1.6.3848 = INTEGER: 2
iso.3.6.1.2.1.25.4.2.1.6.3957 = INTEGER: 4
iso.3.6.1.2.1.25.4.2.1.6.3958 = INTEGER: 4
iso.3.6.1.2.1.25.4.2.1.6.3959 = INTEGER: 4
iso.3.6.1.2.1.25.4.2.1.6.3960 = INTEGER: 4
iso.3.6.1.2.1.25.4.2.1.6.3961 = INTEGER: 4
iso.3.6.1.2.1.25.4.2.1.6.3962 = INTEGER: 4
iso.3.6.1.2.1.25.4.2.1.6.4046 = INTEGER: 2
iso.3.6.1.2.1.25.4.2.1.7.1 = INTEGER: 2
iso.3.6.1.2.1.25.4.2.1.7.2 = INTEGER: 2
iso.3.6.1.2.1.25.4.2.1.7.3 = INTEGER: 4
iso.3.6.1.2.1.25.4.2.1.7.4 = INTEGER: 4
iso.3.6.1.2.1.25.4.2.1.7.6 = INTEGER: 4
iso.3.6.1.2.1.25.4.2.1.7.9 = INTEGER: 4
iso.3.6.1.2.1.25.4.2.1.7.10 = INTEGER: 2
iso.3.6.1.2.1.25.4.2.1.7.11 = INTEGER: 1
iso.3.6.1.2.1.25.4.2.1.7.12 = INTEGER: 2
iso.3.6.1.2.1.25.4.2.1.7.13 = INTEGER: 2
iso.3.6.1.2.1.25.4.2.1.7.14 = INTEGER: 2
iso.3.6.1.2.1.25.4.2.1.7.15 = INTEGER: 2
iso.3.6.1.2.1.25.4.2.1.7.16 = INTEGER: 2
iso.3.6.1.2.1.25.4.2.1.7.17 = INTEGER: 2
iso.3.6.1.2.1.25.4.2.1.7.18 = INTEGER: 2
iso.3.6.1.2.1.25.4.2.1.7.20 = INTEGER: 4
iso.3.6.1.2.1.25.4.2.1.7.23 = INTEGER: 2
iso.3.6.1.2.1.25.4.2.1.7.24 = INTEGER: 4
iso.3.6.1.2.1.25.4.2.1.7.25 = INTEGER: 2
iso.3.6.1.2.1.25.4.2.1.7.26 = INTEGER: 2
iso.3.6.1.2.1.25.4.2.1.7.27 = INTEGER: 2
iso.3.6.1.2.1.25.4.2.1.7.28 = INTEGER: 4
iso.3.6.1.2.1.25.4.2.1.7.29 = INTEGER: 2
iso.3.6.1.2.1.25.4.2.1.7.30 = INTEGER: 2
iso.3.6.1.2.1.25.4.2.1.7.31 = INTEGER: 2
iso.3.6.1.2.1.25.4.2.1.7.32 = INTEGER: 4
iso.3.6.1.2.1.25.4.2.1.7.33 = INTEGER: 4
iso.3.6.1.2.1.25.4.2.1.7.34 = INTEGER: 4
iso.3.6.1.2.1.25.4.2.1.7.35 = INTEGER: 4
iso.3.6.1.2.1.25.4.2.1.7.36 = INTEGER: 4
iso.3.6.1.2.1.25.4.2.1.7.37 = INTEGER: 4
iso.3.6.1.2.1.25.4.2.1.7.38 = INTEGER: 4
iso.3.6.1.2.1.25.4.2.1.7.39 = INTEGER: 2
iso.3.6.1.2.1.25.4.2.1.7.40 = INTEGER: 4
iso.3.6.1.2.1.25.4.2.1.7.61 = INTEGER: 2
iso.3.6.1.2.1.25.4.2.1.7.155 = INTEGER: 4
iso.3.6.1.2.1.25.4.2.1.7.156 = INTEGER: 2
iso.3.6.1.2.1.25.4.2.1.7.157 = INTEGER: 2
iso.3.6.1.2.1.25.4.2.1.7.158 = INTEGER: 2
iso.3.6.1.2.1.25.4.2.1.7.159 = INTEGER: 2
iso.3.6.1.2.1.25.4.2.1.7.160 = INTEGER: 2
iso.3.6.1.2.1.25.4.2.1.7.161 = INTEGER: 2
iso.3.6.1.2.1.25.4.2.1.7.162 = INTEGER: 2
iso.3.6.1.2.1.25.4.2.1.7.163 = INTEGER: 2
iso.3.6.1.2.1.25.4.2.1.7.164 = INTEGER: 2
iso.3.6.1.2.1.25.4.2.1.7.165 = INTEGER: 2
iso.3.6.1.2.1.25.4.2.1.7.166 = INTEGER: 2
iso.3.6.1.2.1.25.4.2.1.7.167 = INTEGER: 2
iso.3.6.1.2.1.25.4.2.1.7.168 = INTEGER: 2
iso.3.6.1.2.1.25.4.2.1.7.169 = INTEGER: 2
iso.3.6.1.2.1.25.4.2.1.7.170 = INTEGER: 2
iso.3.6.1.2.1.25.4.2.1.7.171 = INTEGER: 2
iso.3.6.1.2.1.25.4.2.1.7.172 = INTEGER: 2
iso.3.6.1.2.1.25.4.2.1.7.173 = INTEGER: 2
iso.3.6.1.2.1.25.4.2.1.7.174 = INTEGER: 2
iso.3.6.1.2.1.25.4.2.1.7.175 = INTEGER: 2
iso.3.6.1.2.1.25.4.2.1.7.176 = INTEGER: 2
iso.3.6.1.2.1.25.4.2.1.7.177 = INTEGER: 2
iso.3.6.1.2.1.25.4.2.1.7.178 = INTEGER: 2
iso.3.6.1.2.1.25.4.2.1.7.179 = INTEGER: 2
iso.3.6.1.2.1.25.4.2.1.7.180 = INTEGER: 2
iso.3.6.1.2.1.25.4.2.1.7.181 = INTEGER: 2
iso.3.6.1.2.1.25.4.2.1.7.182 = INTEGER: 2
iso.3.6.1.2.1.25.4.2.1.7.183 = INTEGER: 2
iso.3.6.1.2.1.25.4.2.1.7.184 = INTEGER: 2
iso.3.6.1.2.1.25.4.2.1.7.185 = INTEGER: 2
iso.3.6.1.2.1.25.4.2.1.7.186 = INTEGER: 2
iso.3.6.1.2.1.25.4.2.1.7.187 = INTEGER: 2
iso.3.6.1.2.1.25.4.2.1.7.188 = INTEGER: 4
iso.3.6.1.2.1.25.4.2.1.7.189 = INTEGER: 4
iso.3.6.1.2.1.25.4.2.1.7.190 = INTEGER: 4
iso.3.6.1.2.1.25.4.2.1.7.192 = INTEGER: 4
iso.3.6.1.2.1.25.4.2.1.7.193 = INTEGER: 4
iso.3.6.1.2.1.25.4.2.1.7.194 = INTEGER: 4
iso.3.6.1.2.1.25.4.2.1.7.514 = INTEGER: 4
iso.3.6.1.2.1.25.4.2.1.7.517 = INTEGER: 4
iso.3.6.1.2.1.25.4.2.1.7.518 = INTEGER: 4
iso.3.6.1.2.1.25.4.2.1.7.520 = INTEGER: 2
iso.3.6.1.2.1.25.4.2.1.7.521 = INTEGER: 4
iso.3.6.1.2.1.25.4.2.1.7.522 = INTEGER: 2
iso.3.6.1.2.1.25.4.2.1.7.523 = INTEGER: 4
iso.3.6.1.2.1.25.4.2.1.7.524 = INTEGER: 2
iso.3.6.1.2.1.25.4.2.1.7.525 = INTEGER: 4
iso.3.6.1.2.1.25.4.2.1.7.526 = INTEGER: 2
iso.3.6.1.2.1.25.4.2.1.7.527 = INTEGER: 4
iso.3.6.1.2.1.25.4.2.1.7.528 = INTEGER: 2
iso.3.6.1.2.1.25.4.2.1.7.529 = INTEGER: 4
iso.3.6.1.2.1.25.4.2.1.7.530 = INTEGER: 2
iso.3.6.1.2.1.25.4.2.1.7.531 = INTEGER: 2
iso.3.6.1.2.1.25.4.2.1.7.532 = INTEGER: 4
iso.3.6.1.2.1.25.4.2.1.7.533 = INTEGER: 4
iso.3.6.1.2.1.25.4.2.1.7.534 = INTEGER: 2
iso.3.6.1.2.1.25.4.2.1.7.535 = INTEGER: 2
iso.3.6.1.2.1.25.4.2.1.7.536 = INTEGER: 2
iso.3.6.1.2.1.25.4.2.1.7.537 = INTEGER: 2
iso.3.6.1.2.1.25.4.2.1.7.538 = INTEGER: 2
iso.3.6.1.2.1.25.4.2.1.7.539 = INTEGER: 4
iso.3.6.1.2.1.25.4.2.1.7.540 = INTEGER: 2
iso.3.6.1.2.1.25.4.2.1.7.541 = INTEGER: 2
iso.3.6.1.2.1.25.4.2.1.7.542 = INTEGER: 2
iso.3.6.1.2.1.25.4.2.1.7.543 = INTEGER: 4
iso.3.6.1.2.1.25.4.2.1.7.544 = INTEGER: 4
iso.3.6.1.2.1.25.4.2.1.7.545 = INTEGER: 2
iso.3.6.1.2.1.25.4.2.1.7.546 = INTEGER: 2
iso.3.6.1.2.1.25.4.2.1.7.547 = INTEGER: 2
iso.3.6.1.2.1.25.4.2.1.7.548 = INTEGER: 2
iso.3.6.1.2.1.25.4.2.1.7.549 = INTEGER: 4
iso.3.6.1.2.1.25.4.2.1.7.550 = INTEGER: 2
iso.3.6.1.2.1.25.4.2.1.7.551 = INTEGER: 4
iso.3.6.1.2.1.25.4.2.1.7.552 = INTEGER: 2
iso.3.6.1.2.1.25.4.2.1.7.553 = INTEGER: 2
iso.3.6.1.2.1.25.4.2.1.7.554 = INTEGER: 4
iso.3.6.1.2.1.25.4.2.1.7.555 = INTEGER: 4
iso.3.6.1.2.1.25.4.2.1.7.556 = INTEGER: 2
iso.3.6.1.2.1.25.4.2.1.7.557 = INTEGER: 2
iso.3.6.1.2.1.25.4.2.1.7.558 = INTEGER: 4
iso.3.6.1.2.1.25.4.2.1.7.559 = INTEGER: 4
iso.3.6.1.2.1.25.4.2.1.7.560 = INTEGER: 2
iso.3.6.1.2.1.25.4.2.1.7.561 = INTEGER: 4
iso.3.6.1.2.1.25.4.2.1.7.563 = INTEGER: 2
iso.3.6.1.2.1.25.4.2.1.7.565 = INTEGER: 4
iso.3.6.1.2.1.25.4.2.1.7.566 = INTEGER: 2
iso.3.6.1.2.1.25.4.2.1.7.567 = INTEGER: 4
iso.3.6.1.2.1.25.4.2.1.7.568 = INTEGER: 2
iso.3.6.1.2.1.25.4.2.1.7.569 = INTEGER: 4
iso.3.6.1.2.1.25.4.2.1.7.570 = INTEGER: 2
iso.3.6.1.2.1.25.4.2.1.7.571 = INTEGER: 4
iso.3.6.1.2.1.25.4.2.1.7.572 = INTEGER: 2
iso.3.6.1.2.1.25.4.2.1.7.573 = INTEGER: 4
iso.3.6.1.2.1.25.4.2.1.7.574 = INTEGER: 2
iso.3.6.1.2.1.25.4.2.1.7.575 = INTEGER: 4
iso.3.6.1.2.1.25.4.2.1.7.576 = INTEGER: 2
iso.3.6.1.2.1.25.4.2.1.7.577 = INTEGER: 4
iso.3.6.1.2.1.25.4.2.1.7.578 = INTEGER: 2
iso.3.6.1.2.1.25.4.2.1.7.579 = INTEGER: 4
iso.3.6.1.2.1.25.4.2.1.7.580 = INTEGER: 2
iso.3.6.1.2.1.25.4.2.1.7.581 = INTEGER: 4
iso.3.6.1.2.1.25.4.2.1.7.582 = INTEGER: 2
iso.3.6.1.2.1.25.4.2.1.7.583 = INTEGER: 4
iso.3.6.1.2.1.25.4.2.1.7.584 = INTEGER: 2
iso.3.6.1.2.1.25.4.2.1.7.585 = INTEGER: 4
iso.3.6.1.2.1.25.4.2.1.7.586 = INTEGER: 2
iso.3.6.1.2.1.25.4.2.1.7.587 = INTEGER: 4
iso.3.6.1.2.1.25.4.2.1.7.588 = INTEGER: 2
iso.3.6.1.2.1.25.4.2.1.7.589 = INTEGER: 4
iso.3.6.1.2.1.25.4.2.1.7.590 = INTEGER: 2
iso.3.6.1.2.1.25.4.2.1.7.591 = INTEGER: 4
iso.3.6.1.2.1.25.4.2.1.7.592 = INTEGER: 2
iso.3.6.1.2.1.25.4.2.1.7.593 = INTEGER: 4
iso.3.6.1.2.1.25.4.2.1.7.594 = INTEGER: 2
iso.3.6.1.2.1.25.4.2.1.7.595 = INTEGER: 4
iso.3.6.1.2.1.25.4.2.1.7.596 = INTEGER: 2
iso.3.6.1.2.1.25.4.2.1.7.597 = INTEGER: 4
iso.3.6.1.2.1.25.4.2.1.7.622 = INTEGER: 4
iso.3.6.1.2.1.25.4.2.1.7.685 = INTEGER: 4
iso.3.6.1.2.1.25.4.2.1.7.694 = INTEGER: 4
iso.3.6.1.2.1.25.4.2.1.7.719 = INTEGER: 4
iso.3.6.1.2.1.25.4.2.1.7.720 = INTEGER: 4
iso.3.6.1.2.1.25.4.2.1.7.721 = INTEGER: 4
iso.3.6.1.2.1.25.4.2.1.7.722 = INTEGER: 4
iso.3.6.1.2.1.25.4.2.1.7.723 = INTEGER: 4
iso.3.6.1.2.1.25.4.2.1.7.724 = INTEGER: 4
iso.3.6.1.2.1.25.4.2.1.7.725 = INTEGER: 4
iso.3.6.1.2.1.25.4.2.1.7.726 = INTEGER: 4
iso.3.6.1.2.1.25.4.2.1.7.727 = INTEGER: 2
iso.3.6.1.2.1.25.4.2.1.7.821 = INTEGER: 2
iso.3.6.1.2.1.25.4.2.1.7.857 = INTEGER: 2
iso.3.6.1.2.1.25.4.2.1.7.918 = INTEGER: 4
iso.3.6.1.2.1.25.4.2.1.7.932 = INTEGER: 4
iso.3.6.1.2.1.25.4.2.1.7.933 = INTEGER: 4
iso.3.6.1.2.1.25.4.2.1.7.935 = INTEGER: 4
iso.3.6.1.2.1.25.4.2.1.7.936 = INTEGER: 4
iso.3.6.1.2.1.25.4.2.1.7.937 = INTEGER: 4
iso.3.6.1.2.1.25.4.2.1.7.938 = INTEGER: 4
iso.3.6.1.2.1.25.4.2.1.7.939 = INTEGER: 2
iso.3.6.1.2.1.25.4.2.1.7.941 = INTEGER: 4
iso.3.6.1.2.1.25.4.2.1.7.952 = INTEGER: 2
iso.3.6.1.2.1.25.4.2.1.7.953 = INTEGER: 4
iso.3.6.1.2.1.25.4.2.1.7.976 = INTEGER: 2
iso.3.6.1.2.1.25.4.2.1.7.978 = INTEGER: 2
iso.3.6.1.2.1.25.4.2.1.7.1011 = INTEGER: 2
iso.3.6.1.2.1.25.4.2.1.7.1012 = INTEGER: 2
iso.3.6.1.2.1.25.4.2.1.7.1013 = INTEGER: 2
iso.3.6.1.2.1.25.4.2.1.7.1016 = INTEGER: 2
iso.3.6.1.2.1.25.4.2.1.7.1017 = INTEGER: 2
iso.3.6.1.2.1.25.4.2.1.7.1018 = INTEGER: 2
iso.3.6.1.2.1.25.4.2.1.7.1022 = INTEGER: 2
iso.3.6.1.2.1.25.4.2.1.7.1027 = INTEGER: 2
iso.3.6.1.2.1.25.4.2.1.7.1046 = INTEGER: 2
iso.3.6.1.2.1.25.4.2.1.7.1081 = INTEGER: 2
iso.3.6.1.2.1.25.4.2.1.7.1084 = INTEGER: 2
iso.3.6.1.2.1.25.4.2.1.7.1087 = INTEGER: 2
iso.3.6.1.2.1.25.4.2.1.7.1096 = INTEGER: 2
iso.3.6.1.2.1.25.4.2.1.7.1107 = INTEGER: 2
iso.3.6.1.2.1.25.4.2.1.7.1108 = INTEGER: 2
iso.3.6.1.2.1.25.4.2.1.7.1130 = INTEGER: 2
iso.3.6.1.2.1.25.4.2.1.7.1138 = INTEGER: 2
iso.3.6.1.2.1.25.4.2.1.7.1167 = INTEGER: 2
iso.3.6.1.2.1.25.4.2.1.7.1171 = INTEGER: 2
iso.3.6.1.2.1.25.4.2.1.7.1172 = INTEGER: 2
iso.3.6.1.2.1.25.4.2.1.7.1209 = INTEGER: 2
iso.3.6.1.2.1.25.4.2.1.7.1483 = INTEGER: 2
iso.3.6.1.2.1.25.4.2.1.7.1486 = INTEGER: 1
iso.3.6.1.2.1.25.4.2.1.7.1620 = INTEGER: 2
iso.3.6.1.2.1.25.4.2.1.7.1628 = INTEGER: 2
iso.3.6.1.2.1.25.4.2.1.7.1686 = INTEGER: 2
iso.3.6.1.2.1.25.4.2.1.7.1691 = INTEGER: 2
iso.3.6.1.2.1.25.4.2.1.7.1694 = INTEGER: 2
iso.3.6.1.2.1.25.4.2.1.7.1698 = INTEGER: 2
iso.3.6.1.2.1.25.4.2.1.7.1704 = INTEGER: 2
iso.3.6.1.2.1.25.4.2.1.7.1745 = INTEGER: 2
iso.3.6.1.2.1.25.4.2.1.7.1752 = INTEGER: 2
iso.3.6.1.2.1.25.4.2.1.7.1768 = INTEGER: 2
iso.3.6.1.2.1.25.4.2.1.7.2894 = INTEGER: 2
iso.3.6.1.2.1.25.4.2.1.7.3040 = INTEGER: 4
iso.3.6.1.2.1.25.4.2.1.7.3387 = INTEGER: 4
iso.3.6.1.2.1.25.4.2.1.7.3390 = INTEGER: 4
iso.3.6.1.2.1.25.4.2.1.7.3634 = INTEGER: 2
iso.3.6.1.2.1.25.4.2.1.7.3642 = INTEGER: 2
iso.3.6.1.2.1.25.4.2.1.7.3645 = INTEGER: 2
iso.3.6.1.2.1.25.4.2.1.7.3647 = INTEGER: 4
iso.3.6.1.2.1.25.4.2.1.7.3653 = INTEGER: 2
iso.3.6.1.2.1.25.4.2.1.7.3661 = INTEGER: 2
iso.3.6.1.2.1.25.4.2.1.7.3848 = INTEGER: 4
iso.3.6.1.2.1.25.4.2.1.7.4046 = INTEGER: 4
iso.3.6.1.2.1.25.4.2.1.7.4131 = INTEGER: 2
iso.3.6.1.2.1.25.4.2.1.7.4132 = INTEGER: 4
iso.3.6.1.2.1.25.4.2.1.7.4133 = INTEGER: 2
iso.3.6.1.2.1.25.4.2.1.7.4134 = INTEGER: 2
iso.3.6.1.2.1.25.4.2.1.7.4135 = INTEGER: 2
iso.3.6.1.2.1.25.4.2.1.7.4136 = INTEGER: 2
iso.3.6.1.2.1.25.4.2.1.7.4137 = INTEGER: 2
iso.3.6.1.2.1.25.4.2.1.7.4139 = INTEGER: 4
iso.3.6.1.4.1.2021.2.1.1.1 = INTEGER: 1
iso.3.6.1.4.1.2021.2.1.2.1 = STRING: "nginx"
iso.3.6.1.4.1.2021.2.1.3.1 = INTEGER: 1
iso.3.6.1.4.1.2021.2.1.4.1 = INTEGER: 0
iso.3.6.1.4.1.2021.2.1.5.1 = INTEGER: 3
iso.3.6.1.4.1.2021.2.1.100.1 = INTEGER: 0
iso.3.6.1.4.1.2021.2.1.102.1 = INTEGER: 0
iso.3.6.1.4.1.2021.2.1.103.1 = ""
iso.3.6.1.4.1.2021.9.1.1.1 = INTEGER: 1
iso.3.6.1.4.1.2021.9.1.1.2 = INTEGER: 2
iso.3.6.1.4.1.2021.9.1.2.1 = STRING: "/"
iso.3.6.1.4.1.2021.9.1.2.2 = STRING: "/var/www/html/seeddms51x/seeddms"
iso.3.6.1.4.1.2021.9.1.3.1 = STRING: "/dev/mapper/cl-root"
iso.3.6.1.4.1.2021.9.1.3.2 = STRING: "/dev/mapper/cl-seeddms"
iso.3.6.1.4.1.2021.9.1.4.1 = INTEGER: 10000
iso.3.6.1.4.1.2021.9.1.4.2 = INTEGER: 100000
iso.3.6.1.4.1.2021.9.1.5.1 = INTEGER: -1
iso.3.6.1.4.1.2021.9.1.5.2 = INTEGER: -1
iso.3.6.1.4.1.2021.9.1.6.1 = INTEGER: 2611200
iso.3.6.1.4.1.2021.9.1.6.2 = INTEGER: 125600
iso.3.6.1.4.1.2021.9.1.7.1 = INTEGER: 375396
iso.3.6.1.4.1.2021.9.1.7.2 = INTEGER: 75496
iso.3.6.1.4.1.2021.9.1.8.1 = INTEGER: 2235804
iso.3.6.1.4.1.2021.9.1.8.2 = INTEGER: 50104
iso.3.6.1.4.1.2021.9.1.9.1 = INTEGER: 86
iso.3.6.1.4.1.2021.9.1.9.2 = INTEGER: 40
iso.3.6.1.4.1.2021.9.1.10.1 = INTEGER: 6
iso.3.6.1.4.1.2021.9.1.10.2 = INTEGER: 4
iso.3.6.1.4.1.2021.9.1.11.1 = Gauge32: 2611200
iso.3.6.1.4.1.2021.9.1.11.2 = Gauge32: 125600
iso.3.6.1.4.1.2021.9.1.12.1 = Gauge32: 0
iso.3.6.1.4.1.2021.9.1.12.2 = Gauge32: 0
iso.3.6.1.4.1.2021.9.1.13.1 = Gauge32: 375396
iso.3.6.1.4.1.2021.9.1.13.2 = Gauge32: 75496
iso.3.6.1.4.1.2021.9.1.14.1 = Gauge32: 0
iso.3.6.1.4.1.2021.9.1.14.2 = Gauge32: 0
iso.3.6.1.4.1.2021.9.1.15.1 = Gauge32: 2235804
iso.3.6.1.4.1.2021.9.1.15.2 = Gauge32: 50104
iso.3.6.1.4.1.2021.9.1.16.1 = Gauge32: 0
iso.3.6.1.4.1.2021.9.1.16.2 = Gauge32: 0
iso.3.6.1.4.1.2021.9.1.100.1 = INTEGER: 0
iso.3.6.1.4.1.2021.9.1.100.2 = INTEGER: 1
iso.3.6.1.4.1.8072.1.3.2.1.0 = INTEGER: 1
iso.3.6.1.4.1.8072.1.3.2.2.1.2.10.109.111.110.105.116.111.114.105.110.103 = STRING: "/usr/bin/monitor"
iso.3.6.1.4.1.8072.1.3.2.2.1.3.10.109.111.110.105.116.111.114.105.110.103 = ""
iso.3.6.1.4.1.8072.1.3.2.2.1.4.10.109.111.110.105.116.111.114.105.110.103 = ""
iso.3.6.1.4.1.8072.1.3.2.2.1.5.10.109.111.110.105.116.111.114.105.110.103 = INTEGER: 5
iso.3.6.1.4.1.8072.1.3.2.2.1.6.10.109.111.110.105.116.111.114.105.110.103 = INTEGER: 1
iso.3.6.1.4.1.8072.1.3.2.2.1.7.10.109.111.110.105.116.111.114.105.110.103 = INTEGER: 1
iso.3.6.1.4.1.8072.1.3.2.2.1.20.10.109.111.110.105.116.111.114.105.110.103 = INTEGER: 4
iso.3.6.1.4.1.8072.1.3.2.2.1.21.10.109.111.110.105.116.111.114.105.110.103 = INTEGER: 1
iso.3.6.1.4.1.8072.1.3.2.3.1.1.10.109.111.110.105.116.111.114.105.110.103 = STRING: "Memory usage"
