# Nmap 7.93 scan initiated Fri Nov 25 23:11:21 2022 as: nmap -vvv -p 53,80,88,135,139,389,445,464,593,636,3268,3269,4411,5985,9389,49667,49673,49674,49697,49700,49709 -sC -sV -oA . 10.10.11.168
Nmap scan report for 10.10.11.168
Host is up, received syn-ack (0.30s latency).
Scanned at 2022-11-25 23:11:22 +08 for 210s

PORT      STATE SERVICE       REASON  VERSION
53/tcp    open  domain        syn-ack Simple DNS Plus
80/tcp    open  http          syn-ack Microsoft IIS httpd 10.0
|_http-title: Scramble Corp Intranet
|_http-server-header: Microsoft-IIS/10.0
| http-methods: 
|   Supported Methods: OPTIONS TRACE GET HEAD POST
|_  Potentially risky methods: TRACE
88/tcp    open  kerberos-sec  syn-ack Microsoft Windows Kerberos (server time: 2022-11-25 15:11:34Z)
135/tcp   open  msrpc         syn-ack Microsoft Windows RPC
139/tcp   open  netbios-ssn   syn-ack Microsoft Windows netbios-ssn
389/tcp   open  ldap          syn-ack Microsoft Windows Active Directory LDAP (Domain: scrm.local0., Site: Default-First-Site-Name)
|_ssl-date: 2022-11-25T15:14:51+00:00; +4s from scanner time.
| ssl-cert: Subject: commonName=DC1.scrm.local
| Subject Alternative Name: othername: 1.3.6.1.4.1.311.25.1::<unsupported>, DNS:DC1.scrm.local
| Issuer: commonName=scrm-DC1-CA/domainComponent=scrm
| Public Key type: rsa
| Public Key bits: 2048
| Signature Algorithm: sha1WithRSAEncryption
| Not valid before: 2022-06-09T15:30:57
| Not valid after:  2023-06-09T15:30:57
| MD5:   679cfca869ad25c086d2e8bb1792d7c3
| SHA-1: bda11c23bafc973e60b0d87cc893d298e2d54233
| -----BEGIN CERTIFICATE-----
| MIIGHDCCBQSgAwIBAgITEgAAAAL3nCxaHxOhQAAAAAAAAjANBgkqhkiG9w0BAQUF
| ADBDMRUwEwYKCZImiZPyLGQBGRYFbG9jYWwxFDASBgoJkiaJk/IsZAEZFgRzY3Jt
| MRQwEgYDVQQDEwtzY3JtLURDMS1DQTAeFw0yMjA2MDkxNTMwNTdaFw0yMzA2MDkx
| NTMwNTdaMBkxFzAVBgNVBAMTDkRDMS5zY3JtLmxvY2FsMIIBIjANBgkqhkiG9w0B
| AQEFAAOCAQ8AMIIBCgKCAQEA6NaF+YFhvKWiqzcaTT/Kyi8P+so5EJY5xrY16IA/
| DIkctXq4jI4j6BjgHRf48RSUs4EToQpP7PGH4K6NNApu4dE2Z2apc8p9EqXb454S
| f40ZGLgoBRXaZhxQu7az6I7onMBR0RUUzdB+Js3+efj85bHYGz/lkQbekNWydyVe
| DjO7CGqnl5sI+aDhS+vWaV6ODhexLeLSYZ3bn/58B5o012QDQyOrzBXa1cMOBOfI
| CIH3hDnjv3AToEqP349AJ6rWWWSxvLNPjw49Rm+DF4Eyb8irBo0P/F7jMAvlq3t+
| MdKPF9o5Nah7nu1PdVJR0Jg71aj5GJOsTZnSYoWH+CVYDQIDAQABo4IDMTCCAy0w
| LwYJKwYBBAGCNxQCBCIeIABEAG8AbQBhAGkAbgBDAG8AbgB0AHIAbwBsAGwAZQBy
| MB0GA1UdJQQWMBQGCCsGAQUFBwMCBggrBgEFBQcDATAOBgNVHQ8BAf8EBAMCBaAw
| eAYJKoZIhvcNAQkPBGswaTAOBggqhkiG9w0DAgICAIAwDgYIKoZIhvcNAwQCAgCA
| MAsGCWCGSAFlAwQBKjALBglghkgBZQMEAS0wCwYJYIZIAWUDBAECMAsGCWCGSAFl
| AwQBBTAHBgUrDgMCBzAKBggqhkiG9w0DBzAdBgNVHQ4EFgQUAIvSJcBszoTslWI8
| kVproj+0lTswHwYDVR0jBBgwFoAUCGlCGQotn3BwNjRGHOcdhhWbaJIwgcQGA1Ud
| HwSBvDCBuTCBtqCBs6CBsIaBrWxkYXA6Ly8vQ049c2NybS1EQzEtQ0EsQ049REMx
| LENOPUNEUCxDTj1QdWJsaWMlMjBLZXklMjBTZXJ2aWNlcyxDTj1TZXJ2aWNlcyxD
| Tj1Db25maWd1cmF0aW9uLERDPXNjcm0sREM9bG9jYWw/Y2VydGlmaWNhdGVSZXZv
| Y2F0aW9uTGlzdD9iYXNlP29iamVjdENsYXNzPWNSTERpc3RyaWJ1dGlvblBvaW50
| MIG8BggrBgEFBQcBAQSBrzCBrDCBqQYIKwYBBQUHMAKGgZxsZGFwOi8vL0NOPXNj
| cm0tREMxLUNBLENOPUFJQSxDTj1QdWJsaWMlMjBLZXklMjBTZXJ2aWNlcyxDTj1T
| ZXJ2aWNlcyxDTj1Db25maWd1cmF0aW9uLERDPXNjcm0sREM9bG9jYWw/Y0FDZXJ0
| aWZpY2F0ZT9iYXNlP29iamVjdENsYXNzPWNlcnRpZmljYXRpb25BdXRob3JpdHkw
| OgYDVR0RBDMwMaAfBgkrBgEEAYI3GQGgEgQQZxIub1TYH0SkXtctiXUFOYIOREMx
| LnNjcm0ubG9jYWwwTwYJKwYBBAGCNxkCBEIwQKA+BgorBgEEAYI3GQIBoDAELlMt
| MS01LTIxLTI3NDMyMDcwNDUtMTgyNzgzMTEwNS0yNTQyNTIzMjAwLTEwMDAwDQYJ
| KoZIhvcNAQEFBQADggEBAGZWsf9oOMhceZ7IUPGXqwTB8UaTHjw0Xyyrh9SOz2ri
| FksDqqib2V/tsWlEICxX9C+Yrusvppfz2+bpySgPCpFLIqrDes3BskJZRRrWTe8f
| vp4CcaVWnHL6wmF8SPBhp6ji8VPbprFn0TSFnOoVUIVnMefgEcOVc9OtSg//eM0y
| YaTmQZA9d3EuLfyChDmAS8skNWtkLoyenIdwLF5giPbokV3NFujT13X0YYvF/X00
| apzzgN7pH0QgDDY/+GqKzOhrZFbgdqy0M6ZFPe2OuhqTB9+yDXb5sWS6dXFGITpm
| djXHg09ap4TlzGNvRtfjNqvevFGDRHJeIGxGSoLIkDA=
|_-----END CERTIFICATE-----
445/tcp   open  microsoft-ds? syn-ack
464/tcp   open  kpasswd5?     syn-ack
593/tcp   open  ncacn_http    syn-ack Microsoft Windows RPC over HTTP 1.0
636/tcp   open  ssl/ldap      syn-ack Microsoft Windows Active Directory LDAP (Domain: scrm.local0., Site: Default-First-Site-Name)
| ssl-cert: Subject: commonName=DC1.scrm.local
| Subject Alternative Name: othername: 1.3.6.1.4.1.311.25.1::<unsupported>, DNS:DC1.scrm.local
| Issuer: commonName=scrm-DC1-CA/domainComponent=scrm
| Public Key type: rsa
| Public Key bits: 2048
| Signature Algorithm: sha1WithRSAEncryption
| Not valid before: 2022-06-09T15:30:57
| Not valid after:  2023-06-09T15:30:57
| MD5:   679cfca869ad25c086d2e8bb1792d7c3
| SHA-1: bda11c23bafc973e60b0d87cc893d298e2d54233
| -----BEGIN CERTIFICATE-----
| MIIGHDCCBQSgAwIBAgITEgAAAAL3nCxaHxOhQAAAAAAAAjANBgkqhkiG9w0BAQUF
| ADBDMRUwEwYKCZImiZPyLGQBGRYFbG9jYWwxFDASBgoJkiaJk/IsZAEZFgRzY3Jt
| MRQwEgYDVQQDEwtzY3JtLURDMS1DQTAeFw0yMjA2MDkxNTMwNTdaFw0yMzA2MDkx
| NTMwNTdaMBkxFzAVBgNVBAMTDkRDMS5zY3JtLmxvY2FsMIIBIjANBgkqhkiG9w0B
| AQEFAAOCAQ8AMIIBCgKCAQEA6NaF+YFhvKWiqzcaTT/Kyi8P+so5EJY5xrY16IA/
| DIkctXq4jI4j6BjgHRf48RSUs4EToQpP7PGH4K6NNApu4dE2Z2apc8p9EqXb454S
| f40ZGLgoBRXaZhxQu7az6I7onMBR0RUUzdB+Js3+efj85bHYGz/lkQbekNWydyVe
| DjO7CGqnl5sI+aDhS+vWaV6ODhexLeLSYZ3bn/58B5o012QDQyOrzBXa1cMOBOfI
| CIH3hDnjv3AToEqP349AJ6rWWWSxvLNPjw49Rm+DF4Eyb8irBo0P/F7jMAvlq3t+
| MdKPF9o5Nah7nu1PdVJR0Jg71aj5GJOsTZnSYoWH+CVYDQIDAQABo4IDMTCCAy0w
| LwYJKwYBBAGCNxQCBCIeIABEAG8AbQBhAGkAbgBDAG8AbgB0AHIAbwBsAGwAZQBy
| MB0GA1UdJQQWMBQGCCsGAQUFBwMCBggrBgEFBQcDATAOBgNVHQ8BAf8EBAMCBaAw
| eAYJKoZIhvcNAQkPBGswaTAOBggqhkiG9w0DAgICAIAwDgYIKoZIhvcNAwQCAgCA
| MAsGCWCGSAFlAwQBKjALBglghkgBZQMEAS0wCwYJYIZIAWUDBAECMAsGCWCGSAFl
| AwQBBTAHBgUrDgMCBzAKBggqhkiG9w0DBzAdBgNVHQ4EFgQUAIvSJcBszoTslWI8
| kVproj+0lTswHwYDVR0jBBgwFoAUCGlCGQotn3BwNjRGHOcdhhWbaJIwgcQGA1Ud
| HwSBvDCBuTCBtqCBs6CBsIaBrWxkYXA6Ly8vQ049c2NybS1EQzEtQ0EsQ049REMx
| LENOPUNEUCxDTj1QdWJsaWMlMjBLZXklMjBTZXJ2aWNlcyxDTj1TZXJ2aWNlcyxD
| Tj1Db25maWd1cmF0aW9uLERDPXNjcm0sREM9bG9jYWw/Y2VydGlmaWNhdGVSZXZv
| Y2F0aW9uTGlzdD9iYXNlP29iamVjdENsYXNzPWNSTERpc3RyaWJ1dGlvblBvaW50
| MIG8BggrBgEFBQcBAQSBrzCBrDCBqQYIKwYBBQUHMAKGgZxsZGFwOi8vL0NOPXNj
| cm0tREMxLUNBLENOPUFJQSxDTj1QdWJsaWMlMjBLZXklMjBTZXJ2aWNlcyxDTj1T
| ZXJ2aWNlcyxDTj1Db25maWd1cmF0aW9uLERDPXNjcm0sREM9bG9jYWw/Y0FDZXJ0
| aWZpY2F0ZT9iYXNlP29iamVjdENsYXNzPWNlcnRpZmljYXRpb25BdXRob3JpdHkw
| OgYDVR0RBDMwMaAfBgkrBgEEAYI3GQGgEgQQZxIub1TYH0SkXtctiXUFOYIOREMx
| LnNjcm0ubG9jYWwwTwYJKwYBBAGCNxkCBEIwQKA+BgorBgEEAYI3GQIBoDAELlMt
| MS01LTIxLTI3NDMyMDcwNDUtMTgyNzgzMTEwNS0yNTQyNTIzMjAwLTEwMDAwDQYJ
| KoZIhvcNAQEFBQADggEBAGZWsf9oOMhceZ7IUPGXqwTB8UaTHjw0Xyyrh9SOz2ri
| FksDqqib2V/tsWlEICxX9C+Yrusvppfz2+bpySgPCpFLIqrDes3BskJZRRrWTe8f
| vp4CcaVWnHL6wmF8SPBhp6ji8VPbprFn0TSFnOoVUIVnMefgEcOVc9OtSg//eM0y
| YaTmQZA9d3EuLfyChDmAS8skNWtkLoyenIdwLF5giPbokV3NFujT13X0YYvF/X00
| apzzgN7pH0QgDDY/+GqKzOhrZFbgdqy0M6ZFPe2OuhqTB9+yDXb5sWS6dXFGITpm
| djXHg09ap4TlzGNvRtfjNqvevFGDRHJeIGxGSoLIkDA=
|_-----END CERTIFICATE-----
|_ssl-date: 2022-11-25T15:14:50+00:00; +3s from scanner time.
3268/tcp  open  ldap          syn-ack Microsoft Windows Active Directory LDAP (Domain: scrm.local0., Site: Default-First-Site-Name)
| ssl-cert: Subject: commonName=DC1.scrm.local
| Subject Alternative Name: othername: 1.3.6.1.4.1.311.25.1::<unsupported>, DNS:DC1.scrm.local
| Issuer: commonName=scrm-DC1-CA/domainComponent=scrm
| Public Key type: rsa
| Public Key bits: 2048
| Signature Algorithm: sha1WithRSAEncryption
| Not valid before: 2022-06-09T15:30:57
| Not valid after:  2023-06-09T15:30:57
| MD5:   679cfca869ad25c086d2e8bb1792d7c3
| SHA-1: bda11c23bafc973e60b0d87cc893d298e2d54233
| -----BEGIN CERTIFICATE-----
| MIIGHDCCBQSgAwIBAgITEgAAAAL3nCxaHxOhQAAAAAAAAjANBgkqhkiG9w0BAQUF
| ADBDMRUwEwYKCZImiZPyLGQBGRYFbG9jYWwxFDASBgoJkiaJk/IsZAEZFgRzY3Jt
| MRQwEgYDVQQDEwtzY3JtLURDMS1DQTAeFw0yMjA2MDkxNTMwNTdaFw0yMzA2MDkx
| NTMwNTdaMBkxFzAVBgNVBAMTDkRDMS5zY3JtLmxvY2FsMIIBIjANBgkqhkiG9w0B
| AQEFAAOCAQ8AMIIBCgKCAQEA6NaF+YFhvKWiqzcaTT/Kyi8P+so5EJY5xrY16IA/
| DIkctXq4jI4j6BjgHRf48RSUs4EToQpP7PGH4K6NNApu4dE2Z2apc8p9EqXb454S
| f40ZGLgoBRXaZhxQu7az6I7onMBR0RUUzdB+Js3+efj85bHYGz/lkQbekNWydyVe
| DjO7CGqnl5sI+aDhS+vWaV6ODhexLeLSYZ3bn/58B5o012QDQyOrzBXa1cMOBOfI
| CIH3hDnjv3AToEqP349AJ6rWWWSxvLNPjw49Rm+DF4Eyb8irBo0P/F7jMAvlq3t+
| MdKPF9o5Nah7nu1PdVJR0Jg71aj5GJOsTZnSYoWH+CVYDQIDAQABo4IDMTCCAy0w
| LwYJKwYBBAGCNxQCBCIeIABEAG8AbQBhAGkAbgBDAG8AbgB0AHIAbwBsAGwAZQBy
| MB0GA1UdJQQWMBQGCCsGAQUFBwMCBggrBgEFBQcDATAOBgNVHQ8BAf8EBAMCBaAw
| eAYJKoZIhvcNAQkPBGswaTAOBggqhkiG9w0DAgICAIAwDgYIKoZIhvcNAwQCAgCA
| MAsGCWCGSAFlAwQBKjALBglghkgBZQMEAS0wCwYJYIZIAWUDBAECMAsGCWCGSAFl
| AwQBBTAHBgUrDgMCBzAKBggqhkiG9w0DBzAdBgNVHQ4EFgQUAIvSJcBszoTslWI8
| kVproj+0lTswHwYDVR0jBBgwFoAUCGlCGQotn3BwNjRGHOcdhhWbaJIwgcQGA1Ud
| HwSBvDCBuTCBtqCBs6CBsIaBrWxkYXA6Ly8vQ049c2NybS1EQzEtQ0EsQ049REMx
| LENOPUNEUCxDTj1QdWJsaWMlMjBLZXklMjBTZXJ2aWNlcyxDTj1TZXJ2aWNlcyxD
| Tj1Db25maWd1cmF0aW9uLERDPXNjcm0sREM9bG9jYWw/Y2VydGlmaWNhdGVSZXZv
| Y2F0aW9uTGlzdD9iYXNlP29iamVjdENsYXNzPWNSTERpc3RyaWJ1dGlvblBvaW50
| MIG8BggrBgEFBQcBAQSBrzCBrDCBqQYIKwYBBQUHMAKGgZxsZGFwOi8vL0NOPXNj
| cm0tREMxLUNBLENOPUFJQSxDTj1QdWJsaWMlMjBLZXklMjBTZXJ2aWNlcyxDTj1T
| ZXJ2aWNlcyxDTj1Db25maWd1cmF0aW9uLERDPXNjcm0sREM9bG9jYWw/Y0FDZXJ0
| aWZpY2F0ZT9iYXNlP29iamVjdENsYXNzPWNlcnRpZmljYXRpb25BdXRob3JpdHkw
| OgYDVR0RBDMwMaAfBgkrBgEEAYI3GQGgEgQQZxIub1TYH0SkXtctiXUFOYIOREMx
| LnNjcm0ubG9jYWwwTwYJKwYBBAGCNxkCBEIwQKA+BgorBgEEAYI3GQIBoDAELlMt
| MS01LTIxLTI3NDMyMDcwNDUtMTgyNzgzMTEwNS0yNTQyNTIzMjAwLTEwMDAwDQYJ
| KoZIhvcNAQEFBQADggEBAGZWsf9oOMhceZ7IUPGXqwTB8UaTHjw0Xyyrh9SOz2ri
| FksDqqib2V/tsWlEICxX9C+Yrusvppfz2+bpySgPCpFLIqrDes3BskJZRRrWTe8f
| vp4CcaVWnHL6wmF8SPBhp6ji8VPbprFn0TSFnOoVUIVnMefgEcOVc9OtSg//eM0y
| YaTmQZA9d3EuLfyChDmAS8skNWtkLoyenIdwLF5giPbokV3NFujT13X0YYvF/X00
| apzzgN7pH0QgDDY/+GqKzOhrZFbgdqy0M6ZFPe2OuhqTB9+yDXb5sWS6dXFGITpm
| djXHg09ap4TlzGNvRtfjNqvevFGDRHJeIGxGSoLIkDA=
|_-----END CERTIFICATE-----
|_ssl-date: 2022-11-25T15:14:51+00:00; +4s from scanner time.
3269/tcp  open  ssl/ldap      syn-ack Microsoft Windows Active Directory LDAP (Domain: scrm.local0., Site: Default-First-Site-Name)
| ssl-cert: Subject: commonName=DC1.scrm.local
| Subject Alternative Name: othername: 1.3.6.1.4.1.311.25.1::<unsupported>, DNS:DC1.scrm.local
| Issuer: commonName=scrm-DC1-CA/domainComponent=scrm
| Public Key type: rsa
| Public Key bits: 2048
| Signature Algorithm: sha1WithRSAEncryption
| Not valid before: 2022-06-09T15:30:57
| Not valid after:  2023-06-09T15:30:57
| MD5:   679cfca869ad25c086d2e8bb1792d7c3
| SHA-1: bda11c23bafc973e60b0d87cc893d298e2d54233
| -----BEGIN CERTIFICATE-----
| MIIGHDCCBQSgAwIBAgITEgAAAAL3nCxaHxOhQAAAAAAAAjANBgkqhkiG9w0BAQUF
| ADBDMRUwEwYKCZImiZPyLGQBGRYFbG9jYWwxFDASBgoJkiaJk/IsZAEZFgRzY3Jt
| MRQwEgYDVQQDEwtzY3JtLURDMS1DQTAeFw0yMjA2MDkxNTMwNTdaFw0yMzA2MDkx
| NTMwNTdaMBkxFzAVBgNVBAMTDkRDMS5zY3JtLmxvY2FsMIIBIjANBgkqhkiG9w0B
| AQEFAAOCAQ8AMIIBCgKCAQEA6NaF+YFhvKWiqzcaTT/Kyi8P+so5EJY5xrY16IA/
| DIkctXq4jI4j6BjgHRf48RSUs4EToQpP7PGH4K6NNApu4dE2Z2apc8p9EqXb454S
| f40ZGLgoBRXaZhxQu7az6I7onMBR0RUUzdB+Js3+efj85bHYGz/lkQbekNWydyVe
| DjO7CGqnl5sI+aDhS+vWaV6ODhexLeLSYZ3bn/58B5o012QDQyOrzBXa1cMOBOfI
| CIH3hDnjv3AToEqP349AJ6rWWWSxvLNPjw49Rm+DF4Eyb8irBo0P/F7jMAvlq3t+
| MdKPF9o5Nah7nu1PdVJR0Jg71aj5GJOsTZnSYoWH+CVYDQIDAQABo4IDMTCCAy0w
| LwYJKwYBBAGCNxQCBCIeIABEAG8AbQBhAGkAbgBDAG8AbgB0AHIAbwBsAGwAZQBy
| MB0GA1UdJQQWMBQGCCsGAQUFBwMCBggrBgEFBQcDATAOBgNVHQ8BAf8EBAMCBaAw
| eAYJKoZIhvcNAQkPBGswaTAOBggqhkiG9w0DAgICAIAwDgYIKoZIhvcNAwQCAgCA
| MAsGCWCGSAFlAwQBKjALBglghkgBZQMEAS0wCwYJYIZIAWUDBAECMAsGCWCGSAFl
| AwQBBTAHBgUrDgMCBzAKBggqhkiG9w0DBzAdBgNVHQ4EFgQUAIvSJcBszoTslWI8
| kVproj+0lTswHwYDVR0jBBgwFoAUCGlCGQotn3BwNjRGHOcdhhWbaJIwgcQGA1Ud
| HwSBvDCBuTCBtqCBs6CBsIaBrWxkYXA6Ly8vQ049c2NybS1EQzEtQ0EsQ049REMx
| LENOPUNEUCxDTj1QdWJsaWMlMjBLZXklMjBTZXJ2aWNlcyxDTj1TZXJ2aWNlcyxD
| Tj1Db25maWd1cmF0aW9uLERDPXNjcm0sREM9bG9jYWw/Y2VydGlmaWNhdGVSZXZv
| Y2F0aW9uTGlzdD9iYXNlP29iamVjdENsYXNzPWNSTERpc3RyaWJ1dGlvblBvaW50
| MIG8BggrBgEFBQcBAQSBrzCBrDCBqQYIKwYBBQUHMAKGgZxsZGFwOi8vL0NOPXNj
| cm0tREMxLUNBLENOPUFJQSxDTj1QdWJsaWMlMjBLZXklMjBTZXJ2aWNlcyxDTj1T
| ZXJ2aWNlcyxDTj1Db25maWd1cmF0aW9uLERDPXNjcm0sREM9bG9jYWw/Y0FDZXJ0
| aWZpY2F0ZT9iYXNlP29iamVjdENsYXNzPWNlcnRpZmljYXRpb25BdXRob3JpdHkw
| OgYDVR0RBDMwMaAfBgkrBgEEAYI3GQGgEgQQZxIub1TYH0SkXtctiXUFOYIOREMx
| LnNjcm0ubG9jYWwwTwYJKwYBBAGCNxkCBEIwQKA+BgorBgEEAYI3GQIBoDAELlMt
| MS01LTIxLTI3NDMyMDcwNDUtMTgyNzgzMTEwNS0yNTQyNTIzMjAwLTEwMDAwDQYJ
| KoZIhvcNAQEFBQADggEBAGZWsf9oOMhceZ7IUPGXqwTB8UaTHjw0Xyyrh9SOz2ri
| FksDqqib2V/tsWlEICxX9C+Yrusvppfz2+bpySgPCpFLIqrDes3BskJZRRrWTe8f
| vp4CcaVWnHL6wmF8SPBhp6ji8VPbprFn0TSFnOoVUIVnMefgEcOVc9OtSg//eM0y
| YaTmQZA9d3EuLfyChDmAS8skNWtkLoyenIdwLF5giPbokV3NFujT13X0YYvF/X00
| apzzgN7pH0QgDDY/+GqKzOhrZFbgdqy0M6ZFPe2OuhqTB9+yDXb5sWS6dXFGITpm
| djXHg09ap4TlzGNvRtfjNqvevFGDRHJeIGxGSoLIkDA=
|_-----END CERTIFICATE-----
|_ssl-date: 2022-11-25T15:14:50+00:00; +3s from scanner time.
4411/tcp  open  found?        syn-ack
| fingerprint-strings: 
|   DNSStatusRequestTCP, DNSVersionBindReqTCP, GenericLines, JavaRMI, Kerberos, LANDesk-RC, LDAPBindReq, LDAPSearchReq, NCP, NULL, NotesRPC, RPCCheck, SMBProgNeg, SSLSessionReq, TLSSessionReq, TerminalServer, TerminalServerCookie, WMSRequest, X11Probe, afp, giop, ms-sql-s, oracle-tns: 
|     SCRAMBLECORP_ORDERS_V1.0.3;
|   FourOhFourRequest, GetRequest, HTTPOptions, Help, LPDString, RTSPRequest, SIPOptions: 
|     SCRAMBLECORP_ORDERS_V1.0.3;
|_    ERROR_UNKNOWN_COMMAND;
5985/tcp  open  http          syn-ack Microsoft HTTPAPI httpd 2.0 (SSDP/UPnP)
|_http-title: Not Found
|_http-server-header: Microsoft-HTTPAPI/2.0
9389/tcp  open  mc-nmf        syn-ack .NET Message Framing
49667/tcp open  msrpc         syn-ack Microsoft Windows RPC
49673/tcp open  ncacn_http    syn-ack Microsoft Windows RPC over HTTP 1.0
49674/tcp open  msrpc         syn-ack Microsoft Windows RPC
49697/tcp open  msrpc         syn-ack Microsoft Windows RPC
49700/tcp open  msrpc         syn-ack Microsoft Windows RPC
49709/tcp open  msrpc         syn-ack Microsoft Windows RPC
1 service unrecognized despite returning data. If you know the service/version, please submit the following fingerprint at https://nmap.org/cgi-bin/submit.cgi?new-service :
SF-Port4411-TCP:V=7.93%I=7%D=11/25%Time=6380DB21%P=x86_64-pc-linux-gnu%r(N
SF:ULL,1D,"SCRAMBLECORP_ORDERS_V1\.0\.3;\r\n")%r(GenericLines,1D,"SCRAMBLE
SF:CORP_ORDERS_V1\.0\.3;\r\n")%r(GetRequest,35,"SCRAMBLECORP_ORDERS_V1\.0\
SF:.3;\r\nERROR_UNKNOWN_COMMAND;\r\n")%r(HTTPOptions,35,"SCRAMBLECORP_ORDE
SF:RS_V1\.0\.3;\r\nERROR_UNKNOWN_COMMAND;\r\n")%r(RTSPRequest,35,"SCRAMBLE
SF:CORP_ORDERS_V1\.0\.3;\r\nERROR_UNKNOWN_COMMAND;\r\n")%r(RPCCheck,1D,"SC
SF:RAMBLECORP_ORDERS_V1\.0\.3;\r\n")%r(DNSVersionBindReqTCP,1D,"SCRAMBLECO
SF:RP_ORDERS_V1\.0\.3;\r\n")%r(DNSStatusRequestTCP,1D,"SCRAMBLECORP_ORDERS
SF:_V1\.0\.3;\r\n")%r(Help,35,"SCRAMBLECORP_ORDERS_V1\.0\.3;\r\nERROR_UNKN
SF:OWN_COMMAND;\r\n")%r(SSLSessionReq,1D,"SCRAMBLECORP_ORDERS_V1\.0\.3;\r\
SF:n")%r(TerminalServerCookie,1D,"SCRAMBLECORP_ORDERS_V1\.0\.3;\r\n")%r(TL
SF:SSessionReq,1D,"SCRAMBLECORP_ORDERS_V1\.0\.3;\r\n")%r(Kerberos,1D,"SCRA
SF:MBLECORP_ORDERS_V1\.0\.3;\r\n")%r(SMBProgNeg,1D,"SCRAMBLECORP_ORDERS_V1
SF:\.0\.3;\r\n")%r(X11Probe,1D,"SCRAMBLECORP_ORDERS_V1\.0\.3;\r\n")%r(Four
SF:OhFourRequest,35,"SCRAMBLECORP_ORDERS_V1\.0\.3;\r\nERROR_UNKNOWN_COMMAN
SF:D;\r\n")%r(LPDString,35,"SCRAMBLECORP_ORDERS_V1\.0\.3;\r\nERROR_UNKNOWN
SF:_COMMAND;\r\n")%r(LDAPSearchReq,1D,"SCRAMBLECORP_ORDERS_V1\.0\.3;\r\n")
SF:%r(LDAPBindReq,1D,"SCRAMBLECORP_ORDERS_V1\.0\.3;\r\n")%r(SIPOptions,35,
SF:"SCRAMBLECORP_ORDERS_V1\.0\.3;\r\nERROR_UNKNOWN_COMMAND;\r\n")%r(LANDes
SF:k-RC,1D,"SCRAMBLECORP_ORDERS_V1\.0\.3;\r\n")%r(TerminalServer,1D,"SCRAM
SF:BLECORP_ORDERS_V1\.0\.3;\r\n")%r(NCP,1D,"SCRAMBLECORP_ORDERS_V1\.0\.3;\
SF:r\n")%r(NotesRPC,1D,"SCRAMBLECORP_ORDERS_V1\.0\.3;\r\n")%r(JavaRMI,1D,"
SF:SCRAMBLECORP_ORDERS_V1\.0\.3;\r\n")%r(WMSRequest,1D,"SCRAMBLECORP_ORDER
SF:S_V1\.0\.3;\r\n")%r(oracle-tns,1D,"SCRAMBLECORP_ORDERS_V1\.0\.3;\r\n")%
SF:r(ms-sql-s,1D,"SCRAMBLECORP_ORDERS_V1\.0\.3;\r\n")%r(afp,1D,"SCRAMBLECO
SF:RP_ORDERS_V1\.0\.3;\r\n")%r(giop,1D,"SCRAMBLECORP_ORDERS_V1\.0\.3;\r\n"
SF:);
Service Info: Host: DC1; OS: Windows; CPE: cpe:/o:microsoft:windows

Host script results:
| smb2-time: 
|   date: 2022-11-25T15:14:13
|_  start_date: N/A
|_clock-skew: mean: 3s, deviation: 0s, median: 3s
| p2p-conficker: 
|   Checking for Conficker.C or higher...
|   Check 1 (port 42300/tcp): CLEAN (Timeout)
|   Check 2 (port 43640/tcp): CLEAN (Timeout)
|   Check 3 (port 53917/udp): CLEAN (Timeout)
|   Check 4 (port 31813/udp): CLEAN (Timeout)
|_  0/4 checks are positive: Host is CLEAN or ports are blocked
| smb2-security-mode: 
|   311: 
|_    Message signing enabled and required

Read data files from: /usr/bin/../share/nmap
Service detection performed. Please report any incorrect results at https://nmap.org/submit/ .
# Nmap done at Fri Nov 25 23:14:52 2022 -- 1 IP address (1 host up) scanned in 210.57 seconds
