objectSid:: AQQAAAAAAAUVAAAAhQSCo0F98mxA04uX
objectSid:: AQUAAAAAAAUVAAAAhQSCo0F98mxA04uX9AEAAA==
objectSid:: AQUAAAAAAAUVAAAAhQSCo0F98mxA04uX9QEAAA==
objectSid:: AQEAAAAAAAUgAAAA
objectSid:: AQIAAAAAAAUgAAAAIAIAAA==
objectSid:: AQIAAAAAAAUgAAAAIQIAAA==
objectSid:: AQEAAAAAAAUEAAAA
objectSid:: AQEAAAAAAAULAAAA
objectSid:: AQIAAAAAAAUgAAAAIgIAAA==
objectSid:: AQIAAAAAAAUgAAAAJgIAAA==
objectSid:: AQIAAAAAAAUgAAAAJwIAAA==
objectSid:: AQIAAAAAAAUgAAAAKAIAAA==
objectSid:: AQIAAAAAAAUgAAAAKwIAAA==
objectSid:: AQIAAAAAAAUgAAAALAIAAA==
objectSid:: AQIAAAAAAAUgAAAALgIAAA==
objectSid:: AQIAAAAAAAUgAAAALwIAAA==
objectSid:: AQIAAAAAAAUgAAAAMgIAAA==
objectSid:: AQIAAAAAAAUgAAAAOAIAAA==
objectSid:: AQEAAAAAAAURAAAA
objectSid:: AQIAAAAAAAUgAAAAOQIAAA==
objectSid:: AQIAAAAAAAUgAAAAPQIAAA==
objectSid:: AQIAAAAAAAUgAAAAPgIAAA==
objectSid:: AQIAAAAAAAUgAAAAPwIAAA==
objectSid:: AQIAAAAAAAUgAAAAQAIAAA==
objectSid:: AQIAAAAAAAUgAAAAQQIAAA==
objectSid:: AQIAAAAAAAUgAAAAQgIAAA==
objectSid:: AQIAAAAAAAUgAAAAQwIAAA==
objectSid:: AQIAAAAAAAUgAAAARAIAAA==
objectSid:: AQIAAAAAAAUgAAAARgIAAA==
objectSid:: AQUAAAAAAAUVAAAAhQSCo0F98mxA04uX6AMAAA==
objectSid:: AQUAAAAAAAUVAAAAhQSCo0F98mxA04uX9gEAAA==
objectSid:: AQUAAAAAAAUVAAAAhQSCo0F98mxA04uXAwIAAA==
objectSid:: AQUAAAAAAAUVAAAAhQSCo0F98mxA04uXBAIAAA==
objectSid:: AQUAAAAAAAUVAAAAhQSCo0F98mxA04uXBgIAAA==
objectSid:: AQUAAAAAAAUVAAAAhQSCo0F98mxA04uXBwIAAA==
objectSid:: AQUAAAAAAAUVAAAAhQSCo0F98mxA04uXBQIAAA==
objectSid:: AQUAAAAAAAUVAAAAhQSCo0F98mxA04uXAAIAAA==
objectSid:: AQUAAAAAAAUVAAAAhQSCo0F98mxA04uXAQIAAA==
objectSid:: AQUAAAAAAAUVAAAAhQSCo0F98mxA04uXAgIAAA==
objectSid:: AQUAAAAAAAUVAAAAhQSCo0F98mxA04uXCAIAAA==
objectSid:: AQUAAAAAAAUVAAAAhQSCo0F98mxA04uXKQIAAA==
objectSid:: AQIAAAAAAAUgAAAAJQIAAA==
objectSid:: AQIAAAAAAAUgAAAAJAIAAA==
objectSid:: AQIAAAAAAAUgAAAAKgIAAA==
objectSid:: AQIAAAAAAAUgAAAALQIAAA==
objectSid:: AQIAAAAAAAUgAAAAMAIAAA==
objectSid:: AQIAAAAAAAUgAAAAMQIAAA==
objectSid:: AQEAAAAAAAUJAAAA
objectSid:: AQUAAAAAAAUVAAAAhQSCo0F98mxA04uXOwIAAA==
objectSid:: AQUAAAAAAAUVAAAAhQSCo0F98mxA04uXPAIAAA==
objectSid:: AQUAAAAAAAUVAAAAhQSCo0F98mxA04uXCQIAAA==
objectSid:: AQUAAAAAAAUVAAAAhQSCo0F98mxA04uX8gEAAA==
objectSid:: AQUAAAAAAAUVAAAAhQSCo0F98mxA04uXCgIAAA==
objectSid:: AQUAAAAAAAUVAAAAhQSCo0F98mxA04uXDQIAAA==
objectSid:: AQUAAAAAAAUVAAAAhQSCo0F98mxA04uXDgIAAA==
objectSid:: AQUAAAAAAAUVAAAAhQSCo0F98mxA04uXDwIAAA==
objectSid:: AQUAAAAAAAUVAAAAhQSCo0F98mxA04uXTQQAAA==
objectSid:: AQUAAAAAAAUVAAAAhQSCo0F98mxA04uXTgQAAA==
objectSid:: AQUAAAAAAAUVAAAAhQSCo0F98mxA04uXUgQAAA==
objectSid:: AQUAAAAAAAUVAAAAhQSCo0F98mxA04uXUwQAAA==
objectSid:: AQUAAAAAAAUVAAAAhQSCo0F98mxA04uXVQQAAA==
objectSid:: AQUAAAAAAAUVAAAAhQSCo0F98mxA04uXWgQAAA==
objectSid:: AQUAAAAAAAUVAAAAhQSCo0F98mxA04uXWwQAAA==
objectSid:: AQUAAAAAAAUVAAAAhQSCo0F98mxA04uXXgQAAA==
objectSid:: AQUAAAAAAAUVAAAAhQSCo0F98mxA04uXXwQAAA==
objectSid:: AQUAAAAAAAUVAAAAhQSCo0F98mxA04uXYAQAAA==
objectSid:: AQUAAAAAAAUVAAAAhQSCo0F98mxA04uXQQYAAA==
objectSid:: AQUAAAAAAAUVAAAAhQSCo0F98mxA04uXQwYAAA==
objectSid:: AQUAAAAAAAUVAAAAhQSCo0F98mxA04uXRAYAAA==
objectSid:: AQUAAAAAAAUVAAAAhQSCo0F98mxA04uXRQYAAA==
objectSid:: AQUAAAAAAAUVAAAAhQSCo0F98mxA04uXRgYAAA==
objectSid:: AQUAAAAAAAUVAAAAhQSCo0F98mxA04uXSAYAAA==
objectSid:: AQUAAAAAAAUVAAAAhQSCo0F98mxA04uXSQYAAA==
objectSid:: AQUAAAAAAAUVAAAAhQSCo0F98mxA04uXSgYAAA==
objectSid:: AQUAAAAAAAUVAAAAhQSCo0F98mxA04uXSwYAAA==
objectSid:: AQUAAAAAAAUVAAAAhQSCo0F98mxA04uXTAYAAA==
objectSid:: AQUAAAAAAAUVAAAAhQSCo0F98mxA04uXTQYAAA==
objectSid:: AQUAAAAAAAUVAAAAhQSCo0F98mxA04uXUAYAAA==
objectSid:: AQUAAAAAAAUVAAAAhQSCo0F98mxA04uXUQYAAA==
objectSid:: AQUAAAAAAAUVAAAAhQSCo0F98mxA04uXUwYAAA==
objectSid:: AQUAAAAAAAUVAAAAhQSCo0F98mxA04uXVAYAAA==
