WLD      GET       54l      163w     2881c Got 200 for http://hat-valley.htb/5afd3904d0454ef789199eefac25e626 (url length: 32)
WLD      GET       54l      163w     2881c Got 200 for http://hat-valley.htb/5af96ef8aab245c0ac29d621ac901b68c34226db100c4de2b8d8bf5d7125c2a81e2f3801eb4e4c8286b13d165324a746 (url length: 96)
301      GET       10l       16w      179c http://hat-valley.htb/static => http://hat-valley.htb/static/
301      GET       10l       16w      193c http://hat-valley.htb/static/images => http://hat-valley.htb/static/images/
301      GET       10l       16w      173c http://hat-valley.htb/css => http://hat-valley.htb/css/
301      GET       10l       16w      187c http://hat-valley.htb/static/css => http://hat-valley.htb/static/css/
301      GET       10l       16w      171c http://hat-valley.htb/js => http://hat-valley.htb/js/
301      GET       10l       16w      185c http://hat-valley.htb/static/js => http://hat-valley.htb/static/js/
301      GET       10l       16w      197c http://hat-valley.htb/static/css/maps => http://hat-valley.htb/static/css/maps/
301      GET       10l       16w      203c http://hat-valley.htb/static/images/auth => http://hat-valley.htb/static/images/auth/
301      GET       10l       16w      191c http://hat-valley.htb/static/fonts => http://hat-valley.htb/static/fonts/
301      GET       10l       16w      195c http://hat-valley.htb/static/vendors => http://hat-valley.htb/static/vendors/
301      GET       10l       16w      205c http://hat-valley.htb/static/vendors/base => http://hat-valley.htb/static/vendors/base/
301      GET       10l       16w      205c http://hat-valley.htb/static/images/faces => http://hat-valley.htb/static/images/faces/
301      GET       10l       16w      211c http://hat-valley.htb/static/vendors/feather => http://hat-valley.htb/static/vendors/feather/
WLD      GET       54l      163w     2881c Got 200 for http://hat-valley.htb/4ad1d91a055b4fa286508fab7b99bb87 (url length: 32)
WLD      GET       54l      163w     2881c Got 200 for http://hat-valley.htb/203e647cb1684955a2d802230fa8a868cc7e925bc2a84f52aa5e627fe033517d4d9b8b14833c4857ab7bda172331d9c4 (url length: 96)
301      GET       10l       16w      179c http://hat-valley.htb/static => http://hat-valley.htb/static/
301      GET       10l       16w      173c http://hat-valley.htb/css => http://hat-valley.htb/css/
301      GET       10l       16w      171c http://hat-valley.htb/js => http://hat-valley.htb/js/
WLD      GET       54l      163w     2881c Got 200 for http://hat-valley.htb/js/ad4e4db582fc45789a9e426a53484f13 (url length: 32)
WLD      GET       54l      163w     2881c Got 200 for http://hat-valley.htb/js/bd0b1897a0e646bb8da04a1840b9c22beb991a470b82410da7bd7642dc6cae06b7a22e25e7d44d7099d1e34d1ce88678 (url length: 96)
301      GET       10l       16w      171c http://hat-valley.htb/js => http://hat-valley.htb/js/
