403      GET        7l       11w      178c http://forlic.htb:9999/.html
200      GET       28l       71w      637c http://forlic.htb:9999/
301      GET        7l       13w      194c http://forlic.htb:9999/admin => http://forlic.htb:9999/admin/
403      GET        7l       11w      178c http://forlic.htb:9999/.htm
301      GET        7l       13w      194c http://forlic.htb:9999/test => http://forlic.htb:9999/test/
301      GET        7l       13w      194c http://forlic.htb:9999/backup => http://forlic.htb:9999/backup/
403      GET        7l       11w      178c http://forlic.htb:9999/admin/.html
301      GET        7l       13w      194c http://forlic.htb:9999/admin/js => http://forlic.htb:9999/admin/js/
403      GET        7l       11w      178c http://forlic.htb:9999/admin/.htm
301      GET        7l       13w      194c http://forlic.htb:9999/admin/css => http://forlic.htb:9999/admin/css/
301      GET        7l       13w      194c http://forlic.htb:9999/dev => http://forlic.htb:9999/dev/
403      GET        7l       11w      178c http://forlic.htb:9999/backup/.htm
403      GET        7l       11w      178c http://forlic.htb:9999/backup/.html
403      GET        7l       11w      178c http://forlic.htb:9999/dev/.html
200      GET        1l        1w        5c http://forlic.htb:9999/dev/test
403      GET        7l       11w      178c http://forlic.htb:9999/dev/.htm
403      GET        7l       11w      178c http://forlic.htb:9999/admin/css/.html
403      GET        7l       11w      178c http://forlic.htb:9999/admin/css/.htm
403      GET        7l       11w      178c http://forlic.htb:9999/admin/js/.html
403      GET        7l       11w      178c http://forlic.htb:9999/admin/js/.htm
301      GET        7l       13w      194c http://forlic.htb:9999/dev/backup => http://forlic.htb:9999/dev/backup/
403      GET        7l       11w      178c http://forlic.htb:9999/.htaccess
200      GET       25l       63w      634c http://forlic.htb:9999/admin/
403      GET        7l       11w      178c http://forlic.htb:9999/dev/backup/.html
403      GET        7l       11w      178c http://forlic.htb:9999/dev/backup/.htm
200      GET        3l        3w        0c http://forlic.htb:9999/backup/
403      GET        7l       11w      178c http://forlic.htb:9999/dev/
403      GET        7l       11w      178c http://forlic.htb:9999/admin/.htaccess
403      GET        7l       11w      178c http://forlic.htb:9999/admin/css/
403      GET        7l       11w      178c http://forlic.htb:9999/admin/js/
403      GET        7l       11w      178c http://forlic.htb:9999/test/.html
403      GET        7l       11w      178c http://forlic.htb:9999/test/.htm
403      GET        7l       11w      178c http://forlic.htb:9999/backup/.htaccess
403      GET        7l       11w      178c http://forlic.htb:9999/dev/.htaccess
403      GET        7l       11w      178c http://forlic.htb:9999/admin/js/.htaccess
403      GET        7l       11w      178c http://forlic.htb:9999/admin/css/.htaccess
200      GET        3l        1w        0c http://forlic.htb:9999/dev/backup/
403      GET        7l       11w      178c http://forlic.htb:9999/dev/backup/.htaccess
403      GET        7l       11w      178c http://forlic.htb:9999/test/.htaccess
200      GET     1006l     5029w        0c http://forlic.htb:9999/test/
403      GET        7l       11w      178c http://forlic.htb:9999/.htc
403      GET        7l       11w      178c http://forlic.htb:9999/admin/.htc
403      GET        7l       11w      178c http://forlic.htb:9999/backup/.htc
403      GET        7l       11w      178c http://forlic.htb:9999/dev/.htc
403      GET        7l       11w      178c http://forlic.htb:9999/admin/css/.htc
403      GET        7l       11w      178c http://forlic.htb:9999/admin/js/.htc
403      GET        7l       11w      178c http://forlic.htb:9999/dev/backup/.htc
403      GET        7l       11w      178c http://forlic.htb:9999/test/.htc
403      GET        7l       11w      178c http://forlic.htb:9999/.html_var_DE
403      GET        7l       11w      178c http://forlic.htb:9999/admin/.html_var_DE
403      GET        7l       11w      178c http://forlic.htb:9999/backup/.html_var_DE
403      GET        7l       11w      178c http://forlic.htb:9999/dev/.html_var_DE
403      GET        7l       11w      178c http://forlic.htb:9999/admin/css/.html_var_DE
403      GET        7l       11w      178c http://forlic.htb:9999/admin/js/.html_var_DE
403      GET        7l       11w      178c http://forlic.htb:9999/dev/backup/.html_var_DE
403      GET        7l       11w      178c http://forlic.htb:9999/test/.html_var_DE
301      GET        7l       13w      194c http://forlic.htb:9999/backup/.backup => http://forlic.htb:9999/backup/.backup/
403      GET        7l       11w      178c http://forlic.htb:9999/backup/.backup/.htm
403      GET        7l       11w      178c http://forlic.htb:9999/backup/.backup/.html
403      GET        7l       11w      178c http://forlic.htb:9999/backup/.backup/
403      GET        7l       11w      178c http://forlic.htb:9999/.htpasswd
403      GET        7l       11w      178c http://forlic.htb:9999/admin/.htpasswd
403      GET        7l       11w      178c http://forlic.htb:9999/backup/.htpasswd
403      GET        7l       11w      178c http://forlic.htb:9999/dev/.htpasswd
403      GET        7l       11w      178c http://forlic.htb:9999/admin/css/.htpasswd
403      GET        7l       11w      178c http://forlic.htb:9999/backup/.backup/.htaccess
403      GET        7l       11w      178c http://forlic.htb:9999/admin/js/.htpasswd
403      GET        7l       11w      178c http://forlic.htb:9999/dev/backup/.htpasswd
403      GET        7l       11w      178c http://forlic.htb:9999/.html.
403      GET        7l       11w      178c http://forlic.htb:9999/admin/.html.
403      GET        7l       11w      178c http://forlic.htb:9999/backup/.html.
403      GET        7l       11w      178c http://forlic.htb:9999/admin/js/.html.
403      GET        7l       11w      178c http://forlic.htb:9999/dev/backup/.html.
403      GET        7l       11w      178c http://forlic.htb:9999/.html.html
403      GET        7l       11w      178c http://forlic.htb:9999/admin/css/.html.
403      GET        7l       11w      178c http://forlic.htb:9999/admin/.html.html
403      GET        7l       11w      178c http://forlic.htb:9999/dev/.html.
403      GET        7l       11w      178c http://forlic.htb:9999/backup/.html.html
403      GET        7l       11w      178c http://forlic.htb:9999/admin/js/.html.html
403      GET        7l       11w      178c http://forlic.htb:9999/test/.htpasswd
403      GET        7l       11w      178c http://forlic.htb:9999/backup/.backup/.htc
403      GET        7l       11w      178c http://forlic.htb:9999/dev/backup/.html.html
403      GET        7l       11w      178c http://forlic.htb:9999/test/.html.html
403      GET        7l       11w      178c http://forlic.htb:9999/admin/css/.html.html
403      GET        7l       11w      178c http://forlic.htb:9999/dev/.html.html
403      GET        7l       11w      178c http://forlic.htb:9999/backup/.backup/.html_var_DE
403      GET        7l       11w      178c http://forlic.htb:9999/admin/.htpasswds
403      GET        7l       11w      178c http://forlic.htb:9999/test/.html.
403      GET        7l       11w      178c http://forlic.htb:9999/backup/.htpasswds
403      GET        7l       11w      178c http://forlic.htb:9999/admin/js/.htpasswds
403      GET        7l       11w      178c http://forlic.htb:9999/dev/backup/.htpasswds
403      GET        7l       11w      178c http://forlic.htb:9999/test/.htpasswds
403      GET        7l       11w      178c http://forlic.htb:9999/admin/css/.htpasswds
403      GET        7l       11w      178c http://forlic.htb:9999/dev/.htpasswds
403      GET        7l       11w      178c http://forlic.htb:9999/backup/.backup/.htpasswd
403      GET        7l       11w      178c http://forlic.htb:9999/.htm.
403      GET        7l       11w      178c http://forlic.htb:9999/admin/.htm.
403      GET        7l       11w      178c http://forlic.htb:9999/admin/css/.htm.
403      GET        7l       11w      178c http://forlic.htb:9999/dev/.htm.
403      GET        7l       11w      178c http://forlic.htb:9999/admin/js/.htm.
403      GET        7l       11w      178c http://forlic.htb:9999/backup/.htm.
403      GET        7l       11w      178c http://forlic.htb:9999/admin/.htmll
403      GET        7l       11w      178c http://forlic.htb:9999/backup/.htmll
403      GET        7l       11w      178c http://forlic.htb:9999/admin/css/.htmll
403      GET        7l       11w      178c http://forlic.htb:9999/admin/js/.htmll
403      GET        7l       11w      178c http://forlic.htb:9999/dev/backup/.htmll
403      GET        7l       11w      178c http://forlic.htb:9999/backup/.backup/.html.
403      GET        7l       11w      178c http://forlic.htb:9999/.html.old
403      GET        7l       11w      178c http://forlic.htb:9999/dev/backup/.htm.
403      GET        7l       11w      178c http://forlic.htb:9999/test/.htmll
403      GET        7l       11w      178c http://forlic.htb:9999/dev/.htmll
403      GET        7l       11w      178c http://forlic.htb:9999/admin/.html.old
403      GET        7l       11w      178c http://forlic.htb:9999/backup/.html.old
403      GET        7l       11w      178c http://forlic.htb:9999/dev/.html.old
403      GET        7l       11w      178c http://forlic.htb:9999/test/.htm.
403      GET        7l       11w      178c http://forlic.htb:9999/admin/js/.html.old
403      GET        7l       11w      178c http://forlic.htb:9999/backup/.backup/.html.html
403      GET        7l       11w      178c http://forlic.htb:9999/dev/backup/.html.old
403      GET        7l       11w      178c http://forlic.htb:9999/backup/.backup/.htpasswds
403      GET        7l       11w      178c http://forlic.htb:9999/.html.bak
403      GET        7l       11w      178c http://forlic.htb:9999/backup/.ht
403      GET        7l       11w      178c http://forlic.htb:9999/backup/.html.bak
403      GET        7l       11w      178c http://forlic.htb:9999/admin/css/.ht
403      GET        7l       11w      178c http://forlic.htb:9999/admin/css/.html.bak
403      GET        7l       11w      178c http://forlic.htb:9999/dev/.html.bak
403      GET        7l       11w      178c http://forlic.htb:9999/dev/.ht
403      GET        7l       11w      178c http://forlic.htb:9999/dev/backup/.ht
403      GET        7l       11w      178c http://forlic.htb:9999/dev/backup/.html.bak
403      GET        7l       11w      178c http://forlic.htb:9999/admin/.ht
403      GET        7l       11w      178c http://forlic.htb:9999/admin/.html.bak
403      GET        7l       11w      178c http://forlic.htb:9999/test/.html.old
403      GET        7l       11w      178c http://forlic.htb:9999/test/.ht
403      GET        7l       11w      178c http://forlic.htb:9999/.htm.htm
403      GET        7l       11w      178c http://forlic.htb:9999/admin/.htm.htm
403      GET        7l       11w      178c http://forlic.htb:9999/backup/.htm.htm
403      GET        7l       11w      178c http://forlic.htb:9999/dev/.htm.htm
403      GET        7l       11w      178c http://forlic.htb:9999/dev/backup/.htm.htm
403      GET        7l       11w      178c http://forlic.htb:9999/admin/js/.htm.htm
403      GET        7l       11w      178c http://forlic.htb:9999/test/.htm.htm
403      GET        7l       11w      178c http://forlic.htb:9999/admin/css/.htm.htm
403      GET        7l       11w      178c http://forlic.htb:9999/backup/.backup/.htmll
403      GET        7l       11w      178c http://forlic.htb:9999/backup/.backup/.htm.
403      GET        7l       11w      178c http://forlic.htb:9999/admin/.hta
403      GET        7l       11w      178c http://forlic.htb:9999/admin/css/.htgroup
403      GET        7l       11w      178c http://forlic.htb:9999/admin/css/.hta
403      GET        7l       11w      178c http://forlic.htb:9999/admin/css/.html1
403      GET        7l       11w      178c http://forlic.htb:9999/backup/.backup/.html.old
403      GET        7l       11w      178c http://forlic.htb:9999/dev/.hta
403      GET        7l       11w      178c http://forlic.htb:9999/backup/.backup/.ht
403      GET        7l       11w      178c http://forlic.htb:9999/backup/.backup/.html.bak
403      GET        7l       11w      178c http://forlic.htb:9999/backup/.hta
403      GET        7l       11w      178c http://forlic.htb:9999/backup/.htgroup
403      GET        7l       11w      178c http://forlic.htb:9999/backup/.html1
403      GET        7l       11w      178c http://forlic.htb:9999/admin/js/.hta
403      GET        7l       11w      178c http://forlic.htb:9999/admin/js/.htgroup
403      GET        7l       11w      178c http://forlic.htb:9999/admin/js/.html1
403      GET        7l       11w      178c http://forlic.htb:9999/dev/.html1
403      GET        7l       11w      178c http://forlic.htb:9999/dev/.htgroup
403      GET        7l       11w      178c http://forlic.htb:9999/test/.hta
403      GET        7l       11w      178c http://forlic.htb:9999/test/.htgroup
403      GET        7l       11w      178c http://forlic.htb:9999/test/.html1
301      GET        7l       13w      194c http://forlic.htb:9999/loop => http://forlic.htb:9999/loop/
403      GET        7l       11w      178c http://forlic.htb:9999/dev/backup/.html1
403      GET        7l       11w      178c http://forlic.htb:9999/loop/.htm
403      GET        7l       11w      178c http://forlic.htb:9999/backup/.backup/.htm.htm
301      GET        7l       13w      194c http://forlic.htb:9999/backup/loop => http://forlic.htb:9999/backup/loop/
403      GET        7l       11w      178c http://forlic.htb:9999/loop/
403      GET        7l       11w      178c http://forlic.htb:9999/backup/loop/.htm
403      GET        7l       11w      178c http://forlic.htb:9999/loop/.html
403      GET        7l       11w      178c http://forlic.htb:9999/backup/loop/.html
403      GET        7l       11w      178c http://forlic.htb:9999/.html.LCK
403      GET        7l       11w      178c http://forlic.htb:9999/loop/.htaccess
403      GET        7l       11w      178c http://forlic.htb:9999/admin/.html.LCK
403      GET        7l       11w      178c http://forlic.htb:9999/admin/.html.printable
403      GET        7l       11w      178c http://forlic.htb:9999/backup/loop/
403      GET        7l       11w      178c http://forlic.htb:9999/backup/loop/.htaccess
403      GET        7l       11w      178c http://forlic.htb:9999/admin/css/.html.LCK
403      GET        7l       11w      178c http://forlic.htb:9999/admin/css/.html.printable
403      GET        7l       11w      178c http://forlic.htb:9999/admin/js/.html.printable
403      GET        7l       11w      178c http://forlic.htb:9999/dev/.html.LCK
403      GET        7l       11w      178c http://forlic.htb:9999/dev/.html.printable
403      GET        7l       11w      178c http://forlic.htb:9999/backup/.html.LCK
403      GET        7l       11w      178c http://forlic.htb:9999/admin/js/.html.LCK
403      GET        7l       11w      178c http://forlic.htb:9999/dev/backup/.html.printable
403      GET        7l       11w      178c http://forlic.htb:9999/backup/.html.printable
403      GET        7l       11w      178c http://forlic.htb:9999/loop/.htc
403      GET        7l       11w      178c http://forlic.htb:9999/dev/backup/.html.LCK
403      GET        7l       11w      178c http://forlic.htb:9999/test/.html.LCK
403      GET        7l       11w      178c http://forlic.htb:9999/test/.html.printable
403      GET        7l       11w      178c http://forlic.htb:9999/backup/.backup/.hta
403      GET        7l       11w      178c http://forlic.htb:9999/loop/.html_var_DE
403      GET        7l       11w      178c http://forlic.htb:9999/admin/.htm.LCK
403      GET        7l       11w      178c http://forlic.htb:9999/dev/.htm.LCK
403      GET        7l       11w      178c http://forlic.htb:9999/backup/.htm.LCK
403      GET        7l       11w      178c http://forlic.htb:9999/admin/css/.htm.LCK
403      GET        7l       11w      178c http://forlic.htb:9999/admin/js/.htm.LCK
403      GET        7l       11w      178c http://forlic.htb:9999/backup/.backup/.htgroup
403      GET        7l       11w      178c http://forlic.htb:9999/backup/.backup/.html1
403      GET        7l       11w      178c http://forlic.htb:9999/dev/backup/.htm.LCK
403      GET        7l       11w      178c http://forlic.htb:9999/backup/loop/.html_var_DE
403      GET        7l       11w      178c http://forlic.htb:9999/test/.htm.LCK
403      GET        7l       11w      178c http://forlic.htb:9999/backup/.backup/.html.printable
403      GET        7l       11w      178c http://forlic.htb:9999/loop/.htpasswd
403      GET        7l       11w      178c http://forlic.htb:9999/backup/loop/.htpasswd
403      GET        7l       11w      178c http://forlic.htb:9999/backup/.backup/.html.LCK
403      GET        7l       11w      178c http://forlic.htb:9999/loop/.html.
403      GET        7l       11w      178c http://forlic.htb:9999/backup/loop/.html.
403      GET        7l       11w      178c http://forlic.htb:9999/loop/.html.html
403      GET        7l       11w      178c http://forlic.htb:9999/backup/loop/.html.html
403      GET        7l       11w      178c http://forlic.htb:9999/.htaccess.bak
403      GET        7l       11w      178c http://forlic.htb:9999/.htx
403      GET        7l       11w      178c http://forlic.htb:9999/admin/.htaccess.bak
403      GET        7l       11w      178c http://forlic.htb:9999/admin/.htmls
403      GET        7l       11w      178c http://forlic.htb:9999/dev/.htaccess.bak
403      GET        7l       11w      178c http://forlic.htb:9999/dev/.htmls
403      GET        7l       11w      178c http://forlic.htb:9999/dev/.htx
403      GET        7l       11w      178c http://forlic.htb:9999/admin/js/.htx
403      GET        7l       11w      178c http://forlic.htb:9999/admin/js/.htmls
403      GET        7l       11w      178c http://forlic.htb:9999/backup/.htaccess.bak
403      GET        7l       11w      178c http://forlic.htb:9999/backup/.htmls
403      GET        7l       11w      178c http://forlic.htb:9999/backup/.htx
403      GET        7l       11w      178c http://forlic.htb:9999/admin/css/.htaccess.bak
403      GET        7l       11w      178c http://forlic.htb:9999/backup/.backup/.htm.LCK
403      GET        7l       11w      178c http://forlic.htb:9999/admin/css/.htmls
403      GET        7l       11w      178c http://forlic.htb:9999/dev/backup/.htaccess.bak
403      GET        7l       11w      178c http://forlic.htb:9999/dev/backup/.htx
403      GET        7l       11w      178c http://forlic.htb:9999/backup/loop/.htpasswds
403      GET        7l       11w      178c http://forlic.htb:9999/admin/.htx
403      GET        7l       11w      178c http://forlic.htb:9999/admin/js/.htaccess.bak
403      GET        7l       11w      178c http://forlic.htb:9999/test/.htaccess.bak
403      GET        7l       11w      178c http://forlic.htb:9999/test/.htmls
403      GET        7l       11w      178c http://forlic.htb:9999/test/.htx
403      GET        7l       11w      178c http://forlic.htb:9999/admin/css/.htx
403      GET        7l       11w      178c http://forlic.htb:9999/loop/.htpasswds
403      GET        7l       11w      178c http://forlic.htb:9999/loop/.htm.
403      GET        7l       11w      178c http://forlic.htb:9999/loop/.htmll
403      GET        7l       11w      178c http://forlic.htb:9999/backup/loop/.htm.
403      GET        7l       11w      178c http://forlic.htb:9999/backup/loop/.htmll
403      GET        7l       11w      178c http://forlic.htb:9999/loop/.html.old
403      GET        7l       11w      178c http://forlic.htb:9999/backup/.backup/.htaccess.bak
403      GET        7l       11w      178c http://forlic.htb:9999/backup/.backup/.htx
403      GET        7l       11w      178c http://forlic.htb:9999/backup/loop/.html.old
403      GET        7l       11w      178c http://forlic.htb:9999/backup/.backup/.htmls
403      GET        7l       11w      178c http://forlic.htb:9999/loop/.ht
403      GET        7l       11w      178c http://forlic.htb:9999/backup/loop/.html.bak
403      GET        7l       11w      178c http://forlic.htb:9999/backup/loop/.ht
403      GET        7l       11w      178c http://forlic.htb:9999/loop/.html.bak
403      GET        7l       11w      178c http://forlic.htb:9999/.html-
403      GET        7l       11w      178c http://forlic.htb:9999/.htuser
403      GET        7l       11w      178c http://forlic.htb:9999/.htm2
403      GET        7l       11w      178c http://forlic.htb:9999/.htlm
403      GET        7l       11w      178c http://forlic.htb:9999/admin/.htm2
403      GET        7l       11w      178c http://forlic.htb:9999/admin/.htlm
403      GET        7l       11w      178c http://forlic.htb:9999/admin/.html-
403      GET        7l       11w      178c http://forlic.htb:9999/admin/.htuser
403      GET        7l       11w      178c http://forlic.htb:9999/dev/.htuser
403      GET        7l       11w      178c http://forlic.htb:9999/dev/.htlm
403      GET        7l       11w      178c http://forlic.htb:9999/dev/.htm2
403      GET        7l       11w      178c http://forlic.htb:9999/dev/.html-
403      GET        7l       11w      178c http://forlic.htb:9999/backup/.htlm
403      GET        7l       11w      178c http://forlic.htb:9999/backup/.htm2
403      GET        7l       11w      178c http://forlic.htb:9999/backup/.html-
403      GET        7l       11w      178c http://forlic.htb:9999/backup/.htuser
403      GET        7l       11w      178c http://forlic.htb:9999/loop/.htm.htm
403      GET        7l       11w      178c http://forlic.htb:9999/dev/backup/.htlm
403      GET        7l       11w      178c http://forlic.htb:9999/dev/backup/.htm2
403      GET        7l       11w      178c http://forlic.htb:9999/dev/backup/.html-
403      GET        7l       11w      178c http://forlic.htb:9999/test/.htm2
403      GET        7l       11w      178c http://forlic.htb:9999/test/.html-
403      GET        7l       11w      178c http://forlic.htb:9999/test/.htuser
403      GET        7l       11w      178c http://forlic.htb:9999/admin/js/.htm2
403      GET        7l       11w      178c http://forlic.htb:9999/admin/js/.htlm
403      GET        7l       11w      178c http://forlic.htb:9999/admin/js/.html-
403      GET        7l       11w      178c http://forlic.htb:9999/admin/js/.htuser
403      GET        7l       11w      178c http://forlic.htb:9999/backup/loop/.htm.htm
403      GET        7l       11w      178c http://forlic.htb:9999/admin/css/.htm2
403      GET        7l       11w      178c http://forlic.htb:9999/dev/backup/.htuser
403      GET        7l       11w      178c http://forlic.htb:9999/test/.htlm
403      GET        7l       11w      178c http://forlic.htb:9999/loop/.hta
403      GET        7l       11w      178c http://forlic.htb:9999/loop/.html1
403      GET        7l       11w      178c http://forlic.htb:9999/backup/loop/.hta
403      GET        7l       11w      178c http://forlic.htb:9999/backup/loop/.htgroup
403      GET        7l       11w      178c http://forlic.htb:9999/backup/loop/.html1
403      GET        7l       11w      178c http://forlic.htb:9999/loop/.htgroup
403      GET        7l       11w      178c http://forlic.htb:9999/backup/.backup/.htlm
403      GET        7l       11w      178c http://forlic.htb:9999/backup/.backup/.html-
403      GET        7l       11w      178c http://forlic.htb:9999/backup/.backup/.htm2
403      GET        7l       11w      178c http://forlic.htb:9999/backup/.backup/.htuser
301      GET        7l       13w      194c http://forlic.htb:9999/backup/loop/loop => http://forlic.htb:9999/backup/loop/loop/
301      GET        7l       13w      194c http://forlic.htb:9999/loop/loop => http://forlic.htb:9999/loop/loop/
403      GET        7l       11w      178c http://forlic.htb:9999/backup/loop/loop/.html
403      GET        7l       11w      178c http://forlic.htb:9999/backup/loop/loop/.htm
403      GET        7l       11w      178c http://forlic.htb:9999/loop/.html.LCK
403      GET        7l       11w      178c http://forlic.htb:9999/loop/.html.printable
403      GET        7l       11w      178c http://forlic.htb:9999/loop/loop/.html
403      GET        7l       11w      178c http://forlic.htb:9999/loop/loop/.htm
403      GET        7l       11w      178c http://forlic.htb:9999/loop/loop/
403      GET        7l       11w      178c http://forlic.htb:9999/backup/loop/loop/.htaccess
403      GET        7l       11w      178c http://forlic.htb:9999/backup/loop/.html.printable
403      GET        7l       11w      178c http://forlic.htb:9999/backup/loop/.html.LCK
403      GET        7l       11w      178c http://forlic.htb:9999/loop/loop/.htaccess
403      GET        7l       11w      178c http://forlic.htb:9999/backup/loop/loop/.htc
403      GET        7l       11w      178c http://forlic.htb:9999/loop/loop/.htc
403      GET        7l       11w      178c http://forlic.htb:9999/loop/.htm.LCK
403      GET        7l       11w      178c http://forlic.htb:9999/backup/loop/loop/.html_var_DE
403      GET        7l       11w      178c http://forlic.htb:9999/backup/loop/.htm.LCK
403      GET        7l       11w      178c http://forlic.htb:9999/loop/loop/.html_var_DE
403      GET        7l       11w      178c http://forlic.htb:9999/admin/.htm.old
403      GET        7l       11w      178c http://forlic.htb:9999/admin/.html-1
403      GET        7l       11w      178c http://forlic.htb:9999/admin/.html.orig
403      GET        7l       11w      178c http://forlic.htb:9999/.htacess
403      GET        7l       11w      178c http://forlic.htb:9999/.htm.d
403      GET        7l       11w      178c http://forlic.htb:9999/admin/.html.sav
403      GET        7l       11w      178c http://forlic.htb:9999/admin/.html_
403      GET        7l       11w      178c http://forlic.htb:9999/.htm.html
403      GET        7l       11w      178c http://forlic.htb:9999/.htm.old
403      GET        7l       11w      178c http://forlic.htb:9999/admin/.html_files
403      GET        7l       11w      178c http://forlic.htb:9999/.html.orig
403      GET        7l       11w      178c http://forlic.htb:9999/.html-1
403      GET        7l       11w      178c http://forlic.htb:9999/.html.sav
403      GET        7l       11w      178c http://forlic.htb:9999/.html_
403      GET        7l       11w      178c http://forlic.htb:9999/.html_files
403      GET        7l       11w      178c http://forlic.htb:9999/admin/.htmlpar
403      GET        7l       11w      178c http://forlic.htb:9999/.htmlpar
403      GET        7l       11w      178c http://forlic.htb:9999/admin/.htmlprint
403      GET        7l       11w      178c http://forlic.htb:9999/.htmlprint
403      GET        7l       11w      178c http://forlic.htb:9999/admin/.htm.html
403      GET        7l       11w      178c http://forlic.htb:9999/admin/.htacess
403      GET        7l       11w      178c http://forlic.htb:9999/.hts
403      GET        7l       11w      178c http://forlic.htb:9999/admin/.hts
403      GET        7l       11w      178c http://forlic.htb:9999/admin/js/.htm.old
403      GET        7l       11w      178c http://forlic.htb:9999/admin/js/.html-1
403      GET        7l       11w      178c http://forlic.htb:9999/admin/js/.html.sav
403      GET        7l       11w      178c http://forlic.htb:9999/admin/js/.html_
403      GET        7l       11w      178c http://forlic.htb:9999/admin/js/.html_files
403      GET        7l       11w      178c http://forlic.htb:9999/admin/js/.htmlprint
403      GET        7l       11w      178c http://forlic.htb:9999/admin/js/.htmlpar
403      GET        7l       11w      178c http://forlic.htb:9999/admin/js/.hts
403      GET        7l       11w      178c http://forlic.htb:9999/backup/.htacess
403      GET        7l       11w      178c http://forlic.htb:9999/backup/.htm.d
403      GET        7l       11w      178c http://forlic.htb:9999/backup/.htm.html
403      GET        7l       11w      178c http://forlic.htb:9999/backup/.html-1
403      GET        7l       11w      178c http://forlic.htb:9999/backup/.html.sav
403      GET        7l       11w      178c http://forlic.htb:9999/backup/.html_
403      GET        7l       11w      178c http://forlic.htb:9999/backup/.html_files
403      GET        7l       11w      178c http://forlic.htb:9999/backup/.htmlpar
403      GET        7l       11w      178c http://forlic.htb:9999/admin/js/.htacess
403      GET        7l       11w      178c http://forlic.htb:9999/admin/js/.htm.d
403      GET        7l       11w      178c http://forlic.htb:9999/admin/.htm.d
403      GET        7l       11w      178c http://forlic.htb:9999/admin/js/.htm.html
403      GET        7l       11w      178c http://forlic.htb:9999/admin/js/.html.orig
403      GET        7l       11w      178c http://forlic.htb:9999/dev/.htacess
403      GET        7l       11w      178c http://forlic.htb:9999/dev/.htm.html
403      GET        7l       11w      178c http://forlic.htb:9999/dev/.htm.d
403      GET        7l       11w      178c http://forlic.htb:9999/dev/.html_
403      GET        7l       11w      178c http://forlic.htb:9999/dev/.htmlprint
403      GET        7l       11w      178c http://forlic.htb:9999/dev/.hts
403      GET        7l       11w      178c http://forlic.htb:9999/admin/css/.htacess
403      GET        7l       11w      178c http://forlic.htb:9999/admin/css/.htm.d
403      GET        7l       11w      178c http://forlic.htb:9999/admin/css/.htm.html
403      GET        7l       11w      178c http://forlic.htb:9999/admin/css/.html.sav
403      GET        7l       11w      178c http://forlic.htb:9999/admin/css/.html_files
403      GET        7l       11w      178c http://forlic.htb:9999/admin/css/.htmlprint
403      GET        7l       11w      178c http://forlic.htb:9999/dev/backup/.htacess
403      GET        7l       11w      178c http://forlic.htb:9999/dev/backup/.htm.d
403      GET        7l       11w      178c http://forlic.htb:9999/dev/backup/.html-1
403      GET        7l       11w      178c http://forlic.htb:9999/dev/backup/.html.sav
403      GET        7l       11w      178c http://forlic.htb:9999/dev/backup/.html.orig
403      GET        7l       11w      178c http://forlic.htb:9999/dev/backup/.html_
403      GET        7l       11w      178c http://forlic.htb:9999/dev/backup/.html_files
403      GET        7l       11w      178c http://forlic.htb:9999/dev/backup/.htmlpar
403      GET        7l       11w      178c http://forlic.htb:9999/dev/backup/.htmlprint
403      GET        7l       11w      178c http://forlic.htb:9999/dev/backup/.hts
403      GET        7l       11w      178c http://forlic.htb:9999/dev/backup/.htm.old
403      GET        7l       11w      178c http://forlic.htb:9999/dev/backup/.htm.html
403      GET        7l       11w      178c http://forlic.htb:9999/test/.htm.d
403      GET        7l       11w      178c http://forlic.htb:9999/test/.html-1
403      GET        7l       11w      178c http://forlic.htb:9999/test/.htm.old
403      GET        7l       11w      178c http://forlic.htb:9999/test/.htm.html
403      GET        7l       11w      178c http://forlic.htb:9999/test/.htacess
403      GET        7l       11w      178c http://forlic.htb:9999/test/.html.orig
403      GET        7l       11w      178c http://forlic.htb:9999/test/.html.sav
403      GET        7l       11w      178c http://forlic.htb:9999/test/.html_
403      GET        7l       11w      178c http://forlic.htb:9999/test/.html_files
403      GET        7l       11w      178c http://forlic.htb:9999/test/.htmlpar
403      GET        7l       11w      178c http://forlic.htb:9999/test/.htmlprint
403      GET        7l       11w      178c http://forlic.htb:9999/test/.hts
403      GET        7l       11w      178c http://forlic.htb:9999/backup/.htm.old
403      GET        7l       11w      178c http://forlic.htb:9999/backup/.html.orig
403      GET        7l       11w      178c http://forlic.htb:9999/backup/.htmlprint
403      GET        7l       11w      178c http://forlic.htb:9999/dev/.htm.old
403      GET        7l       11w      178c http://forlic.htb:9999/dev/.html-1
403      GET        7l       11w      178c http://forlic.htb:9999/dev/.html.orig
403      GET        7l       11w      178c http://forlic.htb:9999/dev/.htmlpar
403      GET        7l       11w      178c http://forlic.htb:9999/admin/css/.html_
403      GET        7l       11w      178c http://forlic.htb:9999/admin/css/.hts
403      GET        7l       11w      178c http://forlic.htb:9999/backup/loop/loop/.htpasswd
403      GET        7l       11w      178c http://forlic.htb:9999/loop/loop/.htpasswd
403      GET        7l       11w      178c http://forlic.htb:9999/backup/loop/loop/.html.
403      GET        7l       11w      178c http://forlic.htb:9999/loop/loop/.html.
403      GET        7l       11w      178c http://forlic.htb:9999/backup/loop/loop/.html.html
403      GET        7l       11w      178c http://forlic.htb:9999/loop/.htaccess.bak
403      GET        7l       11w      178c http://forlic.htb:9999/loop/.htmls
403      GET        7l       11w      178c http://forlic.htb:9999/loop/loop/.html.html
403      GET        7l       11w      178c http://forlic.htb:9999/backup/loop/.htaccess.bak
403      GET        7l       11w      178c http://forlic.htb:9999/backup/loop/.htmls
403      GET        7l       11w      178c http://forlic.htb:9999/backup/loop/.htx
403      GET        7l       11w      178c http://forlic.htb:9999/backup/loop/loop/.htpasswds
403      GET        7l       11w      178c http://forlic.htb:9999/loop/loop/.htpasswds
403      GET        7l       11w      178c http://forlic.htb:9999/backup/.backup/.htacess
403      GET        7l       11w      178c http://forlic.htb:9999/backup/.backup/.htm.d
403      GET        7l       11w      178c http://forlic.htb:9999/backup/.backup/.htm.html
403      GET        7l       11w      178c http://forlic.htb:9999/backup/.backup/.html_files
403      GET        7l       11w      178c http://forlic.htb:9999/backup/.backup/.html_
403      GET        7l       11w      178c http://forlic.htb:9999/backup/.backup/.htmlpar
403      GET        7l       11w      178c http://forlic.htb:9999/backup/.backup/.htmlprint
403      GET        7l       11w      178c http://forlic.htb:9999/backup/.backup/.hts
403      GET        7l       11w      178c http://forlic.htb:9999/backup/.backup/.htm.old
403      GET        7l       11w      178c http://forlic.htb:9999/backup/.backup/.html.sav
403      GET        7l       11w      178c http://forlic.htb:9999/backup/.backup/.html-1
403      GET        7l       11w      178c http://forlic.htb:9999/backup/.backup/.html.orig
403      GET        7l       11w      178c http://forlic.htb:9999/backup/loop/loop/.htm.
403      GET        7l       11w      178c http://forlic.htb:9999/backup/loop/loop/.htmll
403      GET        7l       11w      178c http://forlic.htb:9999/loop/loop/.htm.
403      GET        7l       11w      178c http://forlic.htb:9999/loop/loop/.htmll
403      GET        7l       11w      178c http://forlic.htb:9999/loop/loop/.html.old
403      GET        7l       11w      178c http://forlic.htb:9999/backup/loop/loop/.ht
403      GET        7l       11w      178c http://forlic.htb:9999/backup/loop/loop/.html.bak
403      GET        7l       11w      178c http://forlic.htb:9999/loop/.htm2
403      GET        7l       11w      178c http://forlic.htb:9999/loop/.htlm
403      GET        7l       11w      178c http://forlic.htb:9999/loop/loop/.html.bak
403      GET        7l       11w      178c http://forlic.htb:9999/backup/loop/.htlm
403      GET        7l       11w      178c http://forlic.htb:9999/backup/loop/.htm2
403      GET        7l       11w      178c http://forlic.htb:9999/backup/loop/.html-
403      GET        7l       11w      178c http://forlic.htb:9999/loop/loop/.ht
403      GET        7l       11w      178c http://forlic.htb:9999/loop/.html-
403      GET        7l       11w      178c http://forlic.htb:9999/loop/.htuser
403      GET        7l       11w      178c http://forlic.htb:9999/backup/loop/.htuser
403      GET        7l       11w      178c http://forlic.htb:9999/backup/loop/loop/.htm.htm
403      GET        7l       11w      178c http://forlic.htb:9999/loop/loop/.htm.htm
403      GET        7l       11w      178c http://forlic.htb:9999/backup/loop/loop/.htgroup
403      GET        7l       11w      178c http://forlic.htb:9999/backup/loop/loop/.hta
403      GET        7l       11w      178c http://forlic.htb:9999/backup/loop/loop/.html1
403      GET        7l       11w      178c http://forlic.htb:9999/loop/loop/.hta
403      GET        7l       11w      178c http://forlic.htb:9999/loop/loop/.htgroup
403      GET        7l       11w      178c http://forlic.htb:9999/loop/loop/.html1
301      GET        7l       13w      194c http://forlic.htb:9999/backup/loop/loop/loop => http://forlic.htb:9999/backup/loop/loop/loop/
301      GET        7l       13w      194c http://forlic.htb:9999/loop/loop/loop => http://forlic.htb:9999/loop/loop/loop/
403      GET        7l       11w      178c http://forlic.htb:9999/loop/loop/loop/.html
403      GET        7l       11w      178c http://forlic.htb:9999/loop/loop/loop/
403      GET        7l       11w      178c http://forlic.htb:9999/backup/loop/loop/.html.printable
403      GET        7l       11w      178c http://forlic.htb:9999/loop/loop/loop/.htaccess
403      GET        7l       11w      178c http://forlic.htb:9999/loop/loop/loop/.htm
403      GET        7l       11w      178c http://forlic.htb:9999/loop/loop/.html.LCK
403      GET        7l       11w      178c http://forlic.htb:9999/loop/loop/.html.printable
403      GET        7l       11w      178c http://forlic.htb:9999/loop/loop/loop/.htc
403      GET        7l       11w      178c http://forlic.htb:9999/backup/loop/loop/.htm.LCK
403      GET        7l       11w      178c http://forlic.htb:9999/loop/loop/loop/.html_var_DE
403      GET        7l       11w      178c http://forlic.htb:9999/loop/loop/.htm.LCK
403      GET        7l       11w      178c http://forlic.htb:9999/loop/.htm.d
403      GET        7l       11w      178c http://forlic.htb:9999/loop/.htacess
403      GET        7l       11w      178c http://forlic.htb:9999/loop/.htm.html
403      GET        7l       11w      178c http://forlic.htb:9999/loop/.htm.old
403      GET        7l       11w      178c http://forlic.htb:9999/loop/.html_
403      GET        7l       11w      178c http://forlic.htb:9999/loop/.html.orig
403      GET        7l       11w      178c http://forlic.htb:9999/loop/.html.sav
403      GET        7l       11w      178c http://forlic.htb:9999/loop/.html_files
403      GET        7l       11w      178c http://forlic.htb:9999/loop/.htmlpar
403      GET        7l       11w      178c http://forlic.htb:9999/loop/.htmlprint
403      GET        7l       11w      178c http://forlic.htb:9999/loop/.html-1
403      GET        7l       11w      178c http://forlic.htb:9999/loop/.hts
403      GET        7l       11w      178c http://forlic.htb:9999/backup/loop/.htm.d
403      GET        7l       11w      178c http://forlic.htb:9999/backup/loop/.htm.html
403      GET        7l       11w      178c http://forlic.htb:9999/backup/loop/.html-1
403      GET        7l       11w      178c http://forlic.htb:9999/backup/loop/.htm.old
403      GET        7l       11w      178c http://forlic.htb:9999/backup/loop/.html.sav
403      GET        7l       11w      178c http://forlic.htb:9999/backup/loop/.html_files
403      GET        7l       11w      178c http://forlic.htb:9999/backup/loop/.htmlprint
403      GET        7l       11w      178c http://forlic.htb:9999/backup/loop/.hts
403      GET        7l       11w      178c http://forlic.htb:9999/backup/loop/.html_
403      GET        7l       11w      178c http://forlic.htb:9999/backup/loop/.htmlpar
403      GET        7l       11w      178c http://forlic.htb:9999/backup/loop/.html.orig
403      GET        7l       11w      178c http://forlic.htb:9999/loop/loop/loop/.htpasswd
403      GET        7l       11w      178c http://forlic.htb:9999/loop/loop/loop/.html.
403      GET        7l       11w      178c http://forlic.htb:9999/loop/loop/loop/.html.html
403      GET        7l       11w      178c http://forlic.htb:9999/backup/loop/loop/.htaccess.bak
403      GET        7l       11w      178c http://forlic.htb:9999/backup/loop/loop/.htmls
403      GET        7l       11w      178c http://forlic.htb:9999/backup/loop/loop/.htx
403      GET        7l       11w      178c http://forlic.htb:9999/loop/loop/.htaccess.bak
403      GET        7l       11w      178c http://forlic.htb:9999/loop/loop/.htx
403      GET        7l       11w      178c http://forlic.htb:9999/loop/loop/.htmls
403      GET        7l       11w      178c http://forlic.htb:9999/loop/loop/loop/.htpasswds
403      GET        7l       11w      178c http://forlic.htb:9999/loop/loop/loop/.htm.
403      GET        7l       11w      178c http://forlic.htb:9999/loop/loop/loop/.htmll
403      GET        7l       11w      178c http://forlic.htb:9999/loop/loop/loop/.html.old
403      GET        7l       11w      178c http://forlic.htb:9999/loop/loop/loop/.ht
403      GET        7l       11w      178c http://forlic.htb:9999/loop/loop/loop/.html.bak
403      GET        7l       11w      178c http://forlic.htb:9999/backup/loop/loop/.html-
403      GET        7l       11w      178c http://forlic.htb:9999/backup/loop/loop/.htm2
403      GET        7l       11w      178c http://forlic.htb:9999/backup/loop/loop/.htlm
403      GET        7l       11w      178c http://forlic.htb:9999/backup/loop/loop/.htuser
403      GET        7l       11w      178c http://forlic.htb:9999/loop/loop/.htlm
403      GET        7l       11w      178c http://forlic.htb:9999/loop/loop/.htm2
403      GET        7l       11w      178c http://forlic.htb:9999/loop/loop/.html-
403      GET        7l       11w      178c http://forlic.htb:9999/loop/loop/.htuser
403      GET        7l       11w      178c http://forlic.htb:9999/loop/loop/loop/.htm.htm
403      GET        7l       11w      178c http://forlic.htb:9999/loop/loop/loop/.htgroup
403      GET        7l       11w      178c http://forlic.htb:9999/loop/loop/loop/.hta
403      GET        7l       11w      178c http://forlic.htb:9999/loop/loop/loop/.html1
301      GET        7l       13w      194c http://forlic.htb:9999/loop/loop/loop/loop => http://forlic.htb:9999/loop/loop/loop/loop/
403      GET        7l       11w      178c http://forlic.htb:9999/loop/loop/loop/.html.LCK
403      GET        7l       11w      178c http://forlic.htb:9999/loop/loop/loop/.html.printable
403      GET        7l       11w      178c http://forlic.htb:9999/loop/loop/loop/.htm.LCK
403      GET        7l       11w      178c http://forlic.htb:9999/backup/loop/loop/.htm.html
403      GET        7l       11w      178c http://forlic.htb:9999/backup/loop/loop/.htm.d
403      GET        7l       11w      178c http://forlic.htb:9999/backup/loop/loop/.htm.old
403      GET        7l       11w      178c http://forlic.htb:9999/backup/loop/loop/.htacess
403      GET        7l       11w      178c http://forlic.htb:9999/backup/loop/loop/.html-1
403      GET        7l       11w      178c http://forlic.htb:9999/backup/loop/loop/.html.sav
403      GET        7l       11w      178c http://forlic.htb:9999/backup/loop/loop/.html.orig
403      GET        7l       11w      178c http://forlic.htb:9999/backup/loop/loop/.html_
403      GET        7l       11w      178c http://forlic.htb:9999/backup/loop/loop/.html_files
403      GET        7l       11w      178c http://forlic.htb:9999/backup/loop/loop/.htmlpar
403      GET        7l       11w      178c http://forlic.htb:9999/backup/loop/loop/.htmlprint
403      GET        7l       11w      178c http://forlic.htb:9999/backup/loop/loop/.hts
403      GET        7l       11w      178c http://forlic.htb:9999/loop/loop/.htacess
403      GET        7l       11w      178c http://forlic.htb:9999/loop/loop/.htm.d
403      GET        7l       11w      178c http://forlic.htb:9999/loop/loop/.htm.html
403      GET        7l       11w      178c http://forlic.htb:9999/loop/loop/.htm.old
403      GET        7l       11w      178c http://forlic.htb:9999/loop/loop/.html-1
403      GET        7l       11w      178c http://forlic.htb:9999/loop/loop/.html.orig
403      GET        7l       11w      178c http://forlic.htb:9999/loop/loop/.html.sav
403      GET        7l       11w      178c http://forlic.htb:9999/loop/loop/.html_
403      GET        7l       11w      178c http://forlic.htb:9999/loop/loop/.htmlpar
403      GET        7l       11w      178c http://forlic.htb:9999/loop/loop/.html_files
403      GET        7l       11w      178c http://forlic.htb:9999/loop/loop/.htmlprint
403      GET        7l       11w      178c http://forlic.htb:9999/loop/loop/.hts
403      GET        7l       11w      178c http://forlic.htb:9999/loop/loop/loop/.htaccess.bak
403      GET        7l       11w      178c http://forlic.htb:9999/loop/loop/loop/.htmls
403      GET        7l       11w      178c http://forlic.htb:9999/loop/loop/loop/.htx
403      GET        7l       11w      178c http://forlic.htb:9999/loop/loop/loop/.htm2
403      GET        7l       11w      178c http://forlic.htb:9999/loop/loop/loop/.htlm
403      GET        7l       11w      178c http://forlic.htb:9999/loop/loop/loop/.html-
403      GET        7l       11w      178c http://forlic.htb:9999/loop/loop/loop/.htuser
403      GET        7l       11w      178c http://forlic.htb:9999/loop/loop/loop/.htacess
403      GET        7l       11w      178c http://forlic.htb:9999/loop/loop/loop/.htm.html
403      GET        7l       11w      178c http://forlic.htb:9999/loop/loop/loop/.htm.d
403      GET        7l       11w      178c http://forlic.htb:9999/loop/loop/loop/.htm.old
403      GET        7l       11w      178c http://forlic.htb:9999/loop/loop/loop/.html-1
403      GET        7l       11w      178c http://forlic.htb:9999/loop/loop/loop/.html.orig
403      GET        7l       11w      178c http://forlic.htb:9999/loop/loop/loop/.html.sav
403      GET        7l       11w      178c http://forlic.htb:9999/loop/loop/loop/.html_
403      GET        7l       11w      178c http://forlic.htb:9999/loop/loop/loop/.html_files
403      GET        7l       11w      178c http://forlic.htb:9999/loop/loop/loop/.htmlpar
403      GET        7l       11w      178c http://forlic.htb:9999/loop/loop/loop/.htmlprint
403      GET        7l       11w      178c http://forlic.htb:9999/loop/loop/loop/.hts
403      GET        7l       11w      178c http://forlic.htb:9999/dev/.html
301      GET        7l       13w      194c http://forlic.htb:9999/dev => http://forlic.htb:9999/dev/
200      GET        1l        1w        5c http://forlic.htb:9999/dev/test
403      GET        7l       11w      178c http://forlic.htb:9999/dev/.htm
301      GET        7l       13w      194c http://forlic.htb:9999/dev/backup => http://forlic.htb:9999/dev/backup/
403      GET        7l       11w      178c http://forlic.htb:9999/dev/backup/.html
403      GET        7l       11w      178c http://forlic.htb:9999/dev/backup/.htm
403      GET        7l       11w      178c http://forlic.htb:9999/dev/
403      GET        7l       11w      178c http://forlic.htb:9999/dev/.htaccess
200      GET        3l        1w        0c http://forlic.htb:9999/dev/backup/
403      GET        7l       11w      178c http://forlic.htb:9999/dev/backup/.htaccess
403      GET        7l       11w      178c http://forlic.htb:9999/dev/.htc
403      GET        7l       11w      178c http://forlic.htb:9999/dev/backup/.htc
403      GET        7l       11w      178c http://forlic.htb:9999/dev/.html_var_DE
403      GET        7l       11w      178c http://forlic.htb:9999/dev/backup/.html_var_DE
403      GET        7l       11w      178c http://forlic.htb:9999/dev/.htpasswd
403      GET        7l       11w      178c http://forlic.htb:9999/dev/backup/.htpasswd
403      GET        7l       11w      178c http://forlic.htb:9999/dev/.html.
403      GET        7l       11w      178c http://forlic.htb:9999/dev/backup/.html.
403      GET        7l       11w      178c http://forlic.htb:9999/dev/.html.html
403      GET        7l       11w      178c http://forlic.htb:9999/dev/backup/.html.html
403      GET        7l       11w      178c http://forlic.htb:9999/dev/.htpasswds
403      GET        7l       11w      178c http://forlic.htb:9999/dev/backup/.htpasswds
403      GET        7l       11w      178c http://forlic.htb:9999/dev/.htm.
403      GET        7l       11w      178c http://forlic.htb:9999/dev/backup/.htm.
403      GET        7l       11w      178c http://forlic.htb:9999/dev/.htmll
403      GET        7l       11w      178c http://forlic.htb:9999/dev/backup/.htmll
403      GET        7l       11w      178c http://forlic.htb:9999/dev/.html.old
403      GET        7l       11w      178c http://forlic.htb:9999/dev/backup/.html.old
403      GET        7l       11w      178c http://forlic.htb:9999/dev/.ht
403      GET        7l       11w      178c http://forlic.htb:9999/dev/.html.bak
403      GET        7l       11w      178c http://forlic.htb:9999/dev/backup/.ht
403      GET        7l       11w      178c http://forlic.htb:9999/dev/backup/.html.bak
403      GET        7l       11w      178c http://forlic.htb:9999/dev/.htm.htm
403      GET        7l       11w      178c http://forlic.htb:9999/dev/backup/.htm.htm
403      GET        7l       11w      178c http://forlic.htb:9999/dev/.hta
403      GET        7l       11w      178c http://forlic.htb:9999/dev/.htgroup
403      GET        7l       11w      178c http://forlic.htb:9999/dev/.html1
403      GET        7l       11w      178c http://forlic.htb:9999/dev/backup/.html1
403      GET        7l       11w      178c http://forlic.htb:9999/dev/backup/.hta
403      GET        7l       11w      178c http://forlic.htb:9999/dev/backup/.htgroup
403      GET        7l       11w      178c http://forlic.htb:9999/dev/.html.LCK
403      GET        7l       11w      178c http://forlic.htb:9999/dev/.html.printable
301      GET        7l       13w      194c http://forlic.htb:9999/loop => http://forlic.htb:9999/loop/
403      GET        7l       11w      178c http://forlic.htb:9999/loop/.html
403      GET        7l       11w      178c http://forlic.htb:9999/loop/.htm
403      GET        7l       11w      178c http://forlic.htb:9999/loop/
403      GET        7l       11w      178c http://forlic.htb:9999/loop/.htaccess
403      GET        7l       11w      178c http://forlic.htb:9999/loop/.htc
403      GET        7l       11w      178c http://forlic.htb:9999/loop/.html_var_DE
403      GET        7l       11w      178c http://forlic.htb:9999/backup/.backup/.html
403      GET        7l       11w      178c http://forlic.htb:9999/backup/.backup/.htm
301      GET        7l       13w      194c http://forlic.htb:9999/backup/.backup => http://forlic.htb:9999/backup/.backup/
403      GET        7l       11w      178c http://forlic.htb:9999/backup/.backup/
403      GET        7l       11w      178c http://forlic.htb:9999/backup/.backup/.htaccess
403      GET        7l       11w      178c http://forlic.htb:9999/backup/.backup/.htc
403      GET        7l       11w      178c http://forlic.htb:9999/backup/.backup/.html_var_DE
403      GET        7l       11w      178c http://forlic.htb:9999/backup/.backup/.htpasswd
403      GET        7l       11w      178c http://forlic.htb:9999/backup/.backup/.html.
403      GET        7l       11w      178c http://forlic.htb:9999/backup/.backup/.html.html
403      GET        7l       11w      178c http://forlic.htb:9999/backup/.backup/.htpasswds
403      GET        7l       11w      178c http://forlic.htb:9999/backup/.backup/.htm.
403      GET        7l       11w      178c http://forlic.htb:9999/backup/.backup/.htmll
403      GET        7l       11w      178c http://forlic.htb:9999/backup/.backup/.html.old
403      GET        7l       11w      178c http://forlic.htb:9999/backup/.backup/.ht
403      GET        7l       11w      178c http://forlic.htb:9999/backup/.backup/.html.bak
403      GET        7l       11w      178c http://forlic.htb:9999/backup/.backup/.htm.htm
301      GET        7l       13w      194c http://forlic.htb:9999/admin => http://forlic.htb:9999/admin/
403      GET        7l       11w      178c http://forlic.htb:9999/admin/.html
301      GET        7l       13w      194c http://forlic.htb:9999/admin/js => http://forlic.htb:9999/admin/js/
301      GET        7l       13w      194c http://forlic.htb:9999/admin/css => http://forlic.htb:9999/admin/css/
403      GET        7l       11w      178c http://forlic.htb:9999/admin/.htm
403      GET        7l       11w      178c http://forlic.htb:9999/admin/js/.html
403      GET        7l       11w      178c http://forlic.htb:9999/admin/js/.htm
403      GET        7l       11w      178c http://forlic.htb:9999/admin/css/.html
403      GET        7l       11w      178c http://forlic.htb:9999/admin/css/.htm
200      GET       25l       63w      634c http://forlic.htb:9999/admin/
403      GET        7l       11w      178c http://forlic.htb:9999/admin/js/
403      GET        7l       11w      178c http://forlic.htb:9999/admin/.htaccess
403      GET        7l       11w      178c http://forlic.htb:9999/admin/css/
403      GET        7l       11w      178c http://forlic.htb:9999/admin/js/.htaccess
403      GET        7l       11w      178c http://forlic.htb:9999/admin/css/.htaccess
403      GET        7l       11w      178c http://forlic.htb:9999/admin/.htc
403      GET        7l       11w      178c http://forlic.htb:9999/admin/js/.htc
403      GET        7l       11w      178c http://forlic.htb:9999/admin/css/.htc
403      GET        7l       11w      178c http://forlic.htb:9999/admin/.html_var_DE
403      GET        7l       11w      178c http://forlic.htb:9999/admin/js/.html_var_DE
403      GET        7l       11w      178c http://forlic.htb:9999/admin/css/.html_var_DE
403      GET        7l       11w      178c http://forlic.htb:9999/admin/.htpasswd
403      GET        7l       11w      178c http://forlic.htb:9999/admin/js/.htpasswd
403      GET        7l       11w      178c http://forlic.htb:9999/admin/css/.htpasswd
403      GET        7l       11w      178c http://forlic.htb:9999/admin/.html.
403      GET        7l       11w      178c http://forlic.htb:9999/admin/js/.html.
403      GET        7l       11w      178c http://forlic.htb:9999/admin/css/.html.
403      GET        7l       11w      178c http://forlic.htb:9999/admin/.html.html
403      GET        7l       11w      178c http://forlic.htb:9999/admin/js/.html.html
403      GET        7l       11w      178c http://forlic.htb:9999/admin/css/.html.html
403      GET        7l       11w      178c http://forlic.htb:9999/admin/.htpasswds
403      GET        7l       11w      178c http://forlic.htb:9999/admin/js/.htpasswds
403      GET        7l       11w      178c http://forlic.htb:9999/admin/css/.htpasswds
403      GET        7l       11w      178c http://forlic.htb:9999/admin/.htm.
403      GET        7l       11w      178c http://forlic.htb:9999/admin/js/.htm.
403      GET        7l       11w      178c http://forlic.htb:9999/admin/css/.htm.
403      GET        7l       11w      178c http://forlic.htb:9999/admin/.htmll
403      GET        7l       11w      178c http://forlic.htb:9999/admin/js/.htmll
403      GET        7l       11w      178c http://forlic.htb:9999/admin/css/.htmll
403      GET        7l       11w      178c http://forlic.htb:9999/admin/.html.old
403      GET        7l       11w      178c http://forlic.htb:9999/admin/js/.html.old
403      GET        7l       11w      178c http://forlic.htb:9999/admin/css/.html.old
403      GET        7l       11w      178c http://forlic.htb:9999/admin/.ht
403      GET        7l       11w      178c http://forlic.htb:9999/admin/.html.bak
403      GET        7l       11w      178c http://forlic.htb:9999/admin/js/.ht
403      GET        7l       11w      178c http://forlic.htb:9999/admin/js/.html.bak
403      GET        7l       11w      178c http://forlic.htb:9999/admin/css/.ht
403      GET        7l       11w      178c http://forlic.htb:9999/admin/css/.html.bak
403      GET        7l       11w      178c http://forlic.htb:9999/admin/.htm.htm
403      GET        7l       11w      178c http://forlic.htb:9999/admin/js/.htm.htm
403      GET        7l       11w      178c http://forlic.htb:9999/admin/css/.htm.htm
403      GET        7l       11w      178c http://forlic.htb:9999/admin/.hta
403      GET        7l       11w      178c http://forlic.htb:9999/admin/.htgroup
403      GET        7l       11w      178c http://forlic.htb:9999/admin/.html1
403      GET        7l       11w      178c http://forlic.htb:9999/admin/js/.hta
403      GET        7l       11w      178c http://forlic.htb:9999/admin/js/.html1
403      GET        7l       11w      178c http://forlic.htb:9999/admin/js/.htgroup
403      GET        7l       11w      178c http://forlic.htb:9999/admin/css/.htgroup
403      GET        7l       11w      178c http://forlic.htb:9999/admin/css/.hta
403      GET        7l       11w      178c http://forlic.htb:9999/admin/css/.html1
403      GET        7l       11w      178c http://forlic.htb:9999/admin/.html.LCK
403      GET        7l       11w      178c http://forlic.htb:9999/admin/.html.printable
403      GET        7l       11w      178c http://forlic.htb:9999/admin/js/.html.LCK
403      GET        7l       11w      178c http://forlic.htb:9999/admin/js/.html.printable
403      GET        7l       11w      178c http://forlic.htb:9999/admin/css/.html.printable
403      GET        7l       11w      178c http://forlic.htb:9999/admin/css/.html.LCK
403      GET        7l       11w      178c http://forlic.htb:9999/admin/.htm.LCK
403      GET        7l       11w      178c http://forlic.htb:9999/admin/js/.htm.LCK
403      GET        7l       11w      178c http://forlic.htb:9999/admin/css/.htm.LCK
403      GET        7l       11w      178c http://forlic.htb:9999/admin/.htaccess.bak
403      GET        7l       11w      178c http://forlic.htb:9999/admin/.htx
403      GET        7l       11w      178c http://forlic.htb:9999/admin/.htmls
403      GET        7l       11w      178c http://forlic.htb:9999/admin/js/.htaccess.bak
403      GET        7l       11w      178c http://forlic.htb:9999/admin/js/.htmls
403      GET        7l       11w      178c http://forlic.htb:9999/admin/js/.htx
403      GET        7l       11w      178c http://forlic.htb:9999/admin/css/.htaccess.bak
403      GET        7l       11w      178c http://forlic.htb:9999/admin/css/.htmls
403      GET        7l       11w      178c http://forlic.htb:9999/admin/css/.htx
403      GET        7l       11w      178c http://forlic.htb:9999/admin/.htm2
403      GET        7l       11w      178c http://forlic.htb:9999/admin/.html-
403      GET        7l       11w      178c http://forlic.htb:9999/admin/.htlm
403      GET        7l       11w      178c http://forlic.htb:9999/admin/.htuser
403      GET        7l       11w      178c http://forlic.htb:9999/admin/js/.htlm
403      GET        7l       11w      178c http://forlic.htb:9999/admin/js/.htm2
403      GET        7l       11w      178c http://forlic.htb:9999/admin/js/.htuser
403      GET        7l       11w      178c http://forlic.htb:9999/admin/js/.html-
403      GET        7l       11w      178c http://forlic.htb:9999/admin/css/.htm2
403      GET        7l       11w      178c http://forlic.htb:9999/admin/css/.htlm
403      GET        7l       11w      178c http://forlic.htb:9999/admin/css/.html-
403      GET        7l       11w      178c http://forlic.htb:9999/admin/css/.htuser
403      GET        7l       11w      178c http://forlic.htb:9999/admin/.htacess
403      GET        7l       11w      178c http://forlic.htb:9999/admin/.htm.d
403      GET        7l       11w      178c http://forlic.htb:9999/admin/.htm.html
403      GET        7l       11w      178c http://forlic.htb:9999/admin/.htm.old
403      GET        7l       11w      178c http://forlic.htb:9999/admin/.html-1
403      GET        7l       11w      178c http://forlic.htb:9999/admin/.html.orig
403      GET        7l       11w      178c http://forlic.htb:9999/admin/.html.sav
403      GET        7l       11w      178c http://forlic.htb:9999/admin/.html_files
403      GET        7l       11w      178c http://forlic.htb:9999/admin/.html_
403      GET        7l       11w      178c http://forlic.htb:9999/admin/.htmlpar
403      GET        7l       11w      178c http://forlic.htb:9999/admin/.htmlprint
403      GET        7l       11w      178c http://forlic.htb:9999/admin/.hts
403      GET        7l       11w      178c http://forlic.htb:9999/admin/js/.htacess
403      GET        7l       11w      178c http://forlic.htb:9999/admin/js/.htm.html
403      GET        7l       11w      178c http://forlic.htb:9999/admin/js/.htm.old
403      GET        7l       11w      178c http://forlic.htb:9999/admin/js/.htm.d
403      GET        7l       11w      178c http://forlic.htb:9999/admin/js/.html-1
403      GET        7l       11w      178c http://forlic.htb:9999/admin/js/.html.orig
403      GET        7l       11w      178c http://forlic.htb:9999/admin/js/.html_
403      GET        7l       11w      178c http://forlic.htb:9999/admin/js/.html.sav
403      GET        7l       11w      178c http://forlic.htb:9999/admin/js/.html_files
403      GET        7l       11w      178c http://forlic.htb:9999/admin/js/.htmlpar
403      GET        7l       11w      178c http://forlic.htb:9999/admin/js/.htmlprint
403      GET        7l       11w      178c http://forlic.htb:9999/admin/js/.hts
403      GET        7l       11w      178c http://forlic.htb:9999/admin/css/.htacess
403      GET        7l       11w      178c http://forlic.htb:9999/admin/css/.htm.d
403      GET        7l       11w      178c http://forlic.htb:9999/admin/css/.htm.html
403      GET        7l       11w      178c http://forlic.htb:9999/admin/css/.htm.old
403      GET        7l       11w      178c http://forlic.htb:9999/admin/css/.html_
403      GET        7l       11w      178c http://forlic.htb:9999/admin/css/.html-1
403      GET        7l       11w      178c http://forlic.htb:9999/admin/css/.html.orig
403      GET        7l       11w      178c http://forlic.htb:9999/admin/css/.html_files
403      GET        7l       11w      178c http://forlic.htb:9999/admin/css/.html.sav
403      GET        7l       11w      178c http://forlic.htb:9999/admin/css/.htmlprint
403      GET        7l       11w      178c http://forlic.htb:9999/admin/css/.htmlpar
403      GET        7l       11w      178c http://forlic.htb:9999/admin/css/.hts
403      GET        7l       11w      178c http://forlic.htb:9999/.html
200      GET       28l       71w      637c http://forlic.htb:9999/
301      GET        7l       13w      194c http://forlic.htb:9999/admin => http://forlic.htb:9999/admin/
403      GET        7l       11w      178c http://forlic.htb:9999/.htm
301      GET        7l       13w      194c http://forlic.htb:9999/test => http://forlic.htb:9999/test/
403      GET        7l       11w      178c http://forlic.htb:9999/admin/.htm
301      GET        7l       13w      194c http://forlic.htb:9999/backup => http://forlic.htb:9999/backup/
403      GET        7l       11w      178c http://forlic.htb:9999/admin/.html
301      GET        7l       13w      194c http://forlic.htb:9999/admin/js => http://forlic.htb:9999/admin/js/
301      GET        7l       13w      194c http://forlic.htb:9999/admin/css => http://forlic.htb:9999/admin/css/
301      GET        7l       13w      194c http://forlic.htb:9999/dev => http://forlic.htb:9999/dev/
403      GET        7l       11w      178c http://forlic.htb:9999/backup/.html
403      GET        7l       11w      178c http://forlic.htb:9999/backup/.htm
403      GET        7l       11w      178c http://forlic.htb:9999/admin/js/.html
403      GET        7l       11w      178c http://forlic.htb:9999/admin/js/.htm
403      GET        7l       11w      178c http://forlic.htb:9999/admin/css/.html
403      GET        7l       11w      178c http://forlic.htb:9999/admin/css/.htm
403      GET        7l       11w      178c http://forlic.htb:9999/dev/.html
200      GET        1l        1w        5c http://forlic.htb:9999/dev/test
403      GET        7l       11w      178c http://forlic.htb:9999/dev/.htm
200      GET       25l       63w      634c http://forlic.htb:9999/admin/
301      GET        7l       13w      194c http://forlic.htb:9999/dev/backup => http://forlic.htb:9999/dev/backup/
403      GET        7l       11w      178c http://forlic.htb:9999/.htaccess
200      GET        3l        3w        0c http://forlic.htb:9999/backup/
403      GET        7l       11w      178c http://forlic.htb:9999/dev/backup/.htm
403      GET        7l       11w      178c http://forlic.htb:9999/admin/.htaccess
403      GET        7l       11w      178c http://forlic.htb:9999/test/.html
403      GET        7l       11w      178c http://forlic.htb:9999/test/.htm
403      GET        7l       11w      178c http://forlic.htb:9999/admin/js/
403      GET        7l       11w      178c http://forlic.htb:9999/dev/backup/.html
403      GET        7l       11w      178c http://forlic.htb:9999/admin/css/
403      GET        7l       11w      178c http://forlic.htb:9999/dev/
403      GET        7l       11w      178c http://forlic.htb:9999/backup/.htaccess
403      GET        7l       11w      178c http://forlic.htb:9999/admin/css/.htaccess
403      GET        7l       11w      178c http://forlic.htb:9999/dev/.htaccess
403      GET        7l       11w      178c http://forlic.htb:9999/admin/js/.htaccess
200      GET        3l        1w        0c http://forlic.htb:9999/dev/backup/
403      GET        7l       11w      178c http://forlic.htb:9999/dev/backup/.htaccess
403      GET        7l       11w      178c http://forlic.htb:9999/test/.htaccess
200      GET     1006l     5029w        0c http://forlic.htb:9999/test/
403      GET        7l       11w      178c http://forlic.htb:9999/.htc
403      GET        7l       11w      178c http://forlic.htb:9999/admin/.htc
403      GET        7l       11w      178c http://forlic.htb:9999/backup/.htc
403      GET        7l       11w      178c http://forlic.htb:9999/admin/css/.htc
403      GET        7l       11w      178c http://forlic.htb:9999/admin/js/.htc
403      GET        7l       11w      178c http://forlic.htb:9999/dev/.htc
403      GET        7l       11w      178c http://forlic.htb:9999/test/.htc
403      GET        7l       11w      178c http://forlic.htb:9999/dev/backup/.htc
403      GET        7l       11w      178c http://forlic.htb:9999/.html_var_DE
403      GET        7l       11w      178c http://forlic.htb:9999/admin/.html_var_DE
403      GET        7l       11w      178c http://forlic.htb:9999/backup/.html_var_DE
403      GET        7l       11w      178c http://forlic.htb:9999/admin/css/.html_var_DE
403      GET        7l       11w      178c http://forlic.htb:9999/admin/js/.html_var_DE
403      GET        7l       11w      178c http://forlic.htb:9999/dev/.html_var_DE
403      GET        7l       11w      178c http://forlic.htb:9999/test/.html_var_DE
403      GET        7l       11w      178c http://forlic.htb:9999/dev/backup/.html_var_DE
301      GET        7l       13w      194c http://forlic.htb:9999/backup/.backup => http://forlic.htb:9999/backup/.backup/
403      GET        7l       11w      178c http://forlic.htb:9999/backup/.backup/.html
403      GET        7l       11w      178c http://forlic.htb:9999/backup/.backup/.htm
403      GET        7l       11w      178c http://forlic.htb:9999/backup/.backup/
403      GET        7l       11w      178c http://forlic.htb:9999/.htpasswd
403      GET        7l       11w      178c http://forlic.htb:9999/admin/.htpasswd
403      GET        7l       11w      178c http://forlic.htb:9999/backup/.htpasswd
403      GET        7l       11w      178c http://forlic.htb:9999/backup/.backup/.htaccess
403      GET        7l       11w      178c http://forlic.htb:9999/admin/css/.htpasswd
403      GET        7l       11w      178c http://forlic.htb:9999/dev/backup/.htpasswd
403      GET        7l       11w      178c http://forlic.htb:9999/.html.
403      GET        7l       11w      178c http://forlic.htb:9999/admin/js/.htpasswd
403      GET        7l       11w      178c http://forlic.htb:9999/admin/.html.
403      GET        7l       11w      178c http://forlic.htb:9999/dev/.htpasswd
403      GET        7l       11w      178c http://forlic.htb:9999/admin/css/.html.
403      GET        7l       11w      178c http://forlic.htb:9999/admin/js/.html.
403      GET        7l       11w      178c http://forlic.htb:9999/dev/.html.
403      GET        7l       11w      178c http://forlic.htb:9999/backup/.backup/.htc
403      GET        7l       11w      178c http://forlic.htb:9999/test/.html.
403      GET        7l       11w      178c http://forlic.htb:9999/backup/.html.
403      GET        7l       11w      178c http://forlic.htb:9999/dev/backup/.html.
403      GET        7l       11w      178c http://forlic.htb:9999/.html.html
403      GET        7l       11w      178c http://forlic.htb:9999/admin/.html.html
403      GET        7l       11w      178c http://forlic.htb:9999/backup/.html.html
403      GET        7l       11w      178c http://forlic.htb:9999/admin/css/.html.html
403      GET        7l       11w      178c http://forlic.htb:9999/test/.htpasswd
403      GET        7l       11w      178c http://forlic.htb:9999/dev/.html.html
403      GET        7l       11w      178c http://forlic.htb:9999/dev/backup/.html.html
403      GET        7l       11w      178c http://forlic.htb:9999/test/.html.html
403      GET        7l       11w      178c http://forlic.htb:9999/admin/js/.html.html
403      GET        7l       11w      178c http://forlic.htb:9999/backup/.backup/.html_var_DE
403      GET        7l       11w      178c http://forlic.htb:9999/admin/.htpasswds
403      GET        7l       11w      178c http://forlic.htb:9999/backup/.htpasswds
403      GET        7l       11w      178c http://forlic.htb:9999/admin/css/.htpasswds
403      GET        7l       11w      178c http://forlic.htb:9999/admin/js/.htpasswds
